[0.593s] DEBUG:colcon:Command line arguments: ['/usr/bin/colcon', 'build']
[0.593s] DEBUG:colcon:Parsed command line arguments: Namespace(log_base=None, log_level=None, verb_name='build', build_base='build', install_base='install', merge_install=False, symlink_install=False, test_result_base=None, continue_on_error=False, executor='parallel', parallel_workers=24, event_handlers=None, ignore_user_meta=False, metas=['./colcon.meta'], base_paths=['.'], packages_ignore=None, packages_ignore_regex=None, paths=None, packages_up_to=None, packages_up_to_regex=None, packages_above=None, packages_above_and_dependencies=None, packages_above_depth=None, packages_select_by_dep=None, packages_skip_by_dep=None, packages_skip_up_to=None, packages_select_build_failed=False, packages_skip_build_finished=False, packages_select_test_failures=False, packages_skip_test_passed=False, packages_select=None, packages_skip=None, packages_select_regex=None, packages_skip_regex=None, packages_start=None, packages_end=None, allow_overriding=[], cmake_args=None, cmake_target=None, cmake_target_skip_unavailable=False, cmake_clean_cache=False, cmake_clean_first=False, cmake_force_configure=False, ament_cmake_args=None, catkin_cmake_args=None, catkin_skip_building_tests=False, verb_parser=<colcon_defaults.argument_parser.defaults.DefaultArgumentsDecorator object at 0x7f0b56561000>, verb_extension=<colcon_core.verb.build.BuildVerb object at 0x7f0b565622c0>, main=<bound method BuildVerb.main of <colcon_core.verb.build.BuildVerb object at 0x7f0b565622c0>>)
[0.622s] Level 1:colcon.colcon_core.package_discovery:discover_packages(colcon_meta) check parameters
[0.622s] Level 1:colcon.colcon_core.package_discovery:discover_packages(recursive) check parameters
[0.622s] Level 1:colcon.colcon_core.package_discovery:discover_packages(ignore) check parameters
[0.622s] Level 1:colcon.colcon_core.package_discovery:discover_packages(path) check parameters
[0.622s] Level 1:colcon.colcon_core.package_discovery:discover_packages(colcon_meta) discover
[0.622s] Level 1:colcon.colcon_core.package_discovery:discover_packages(recursive) discover
[0.622s] INFO:colcon.colcon_core.package_discovery:Crawling recursively for packages in '/home/xiaobaige/UR5_Vision_Assemble'
[0.622s] Level 1:colcon.colcon_core.package_identification:_identify(.) by extensions ['ignore', 'ignore_ament_install']
[0.622s] Level 1:colcon.colcon_core.package_identification:_identify(.) by extension 'ignore'
[0.622s] Level 1:colcon.colcon_core.package_identification:_identify(.) by extension 'ignore_ament_install'
[0.622s] Level 1:colcon.colcon_core.package_identification:_identify(.) by extensions ['colcon_pkg']
[0.622s] Level 1:colcon.colcon_core.package_identification:_identify(.) by extension 'colcon_pkg'
[0.622s] Level 1:colcon.colcon_core.package_identification:_identify(.) by extensions ['colcon_meta']
[0.622s] Level 1:colcon.colcon_core.package_identification:_identify(.) by extension 'colcon_meta'
[0.622s] Level 1:colcon.colcon_core.package_identification:_identify(.) by extensions ['ros']
[0.622s] Level 1:colcon.colcon_core.package_identification:_identify(.) by extension 'ros'
[0.630s] Level 1:colcon.colcon_core.package_identification:_identify(.) by extensions ['cmake', 'python']
[0.630s] Level 1:colcon.colcon_core.package_identification:_identify(.) by extension 'cmake'
[0.630s] Level 1:colcon.colcon_core.package_identification:_identify(.) by extension 'python'
[0.630s] Level 1:colcon.colcon_core.package_identification:_identify(.) by extensions ['python_setup_py']
[0.630s] Level 1:colcon.colcon_core.package_identification:_identify(.) by extension 'python_setup_py'
[0.630s] Level 1:colcon.colcon_core.package_identification:_identify(build) by extensions ['ignore', 'ignore_ament_install']
[0.630s] Level 1:colcon.colcon_core.package_identification:_identify(build) by extension 'ignore'
[0.630s] Level 1:colcon.colcon_core.package_identification:_identify(build) ignored
[0.631s] Level 1:colcon.colcon_core.package_identification:_identify(install) by extensions ['ignore', 'ignore_ament_install']
[0.631s] Level 1:colcon.colcon_core.package_identification:_identify(install) by extension 'ignore'
[0.631s] Level 1:colcon.colcon_core.package_identification:_identify(install) ignored
[0.631s] Level 1:colcon.colcon_core.package_identification:_identify(log) by extensions ['ignore', 'ignore_ament_install']
[0.631s] Level 1:colcon.colcon_core.package_identification:_identify(log) by extension 'ignore'
[0.631s] Level 1:colcon.colcon_core.package_identification:_identify(log) ignored
[0.631s] Level 1:colcon.colcon_core.package_identification:_identify(src) by extensions ['ignore', 'ignore_ament_install']
[0.631s] Level 1:colcon.colcon_core.package_identification:_identify(src) by extension 'ignore'
[0.631s] Level 1:colcon.colcon_core.package_identification:_identify(src) by extension 'ignore_ament_install'
[0.631s] Level 1:colcon.colcon_core.package_identification:_identify(src) by extensions ['colcon_pkg']
[0.631s] Level 1:colcon.colcon_core.package_identification:_identify(src) by extension 'colcon_pkg'
[0.631s] Level 1:colcon.colcon_core.package_identification:_identify(src) by extensions ['colcon_meta']
[0.631s] Level 1:colcon.colcon_core.package_identification:_identify(src) by extension 'colcon_meta'
[0.631s] Level 1:colcon.colcon_core.package_identification:_identify(src) by extensions ['ros']
[0.631s] Level 1:colcon.colcon_core.package_identification:_identify(src) by extension 'ros'
[0.631s] Level 1:colcon.colcon_core.package_identification:_identify(src) by extensions ['cmake', 'python']
[0.631s] Level 1:colcon.colcon_core.package_identification:_identify(src) by extension 'cmake'
[0.631s] Level 1:colcon.colcon_core.package_identification:_identify(src) by extension 'python'
[0.631s] Level 1:colcon.colcon_core.package_identification:_identify(src) by extensions ['python_setup_py']
[0.631s] Level 1:colcon.colcon_core.package_identification:_identify(src) by extension 'python_setup_py'
[0.631s] Level 1:colcon.colcon_core.package_identification:_identify(src/controller) by extensions ['ignore', 'ignore_ament_install']
[0.631s] Level 1:colcon.colcon_core.package_identification:_identify(src/controller) by extension 'ignore'
[0.631s] Level 1:colcon.colcon_core.package_identification:_identify(src/controller) by extension 'ignore_ament_install'
[0.631s] Level 1:colcon.colcon_core.package_identification:_identify(src/controller) by extensions ['colcon_pkg']
[0.631s] Level 1:colcon.colcon_core.package_identification:_identify(src/controller) by extension 'colcon_pkg'
[0.631s] Level 1:colcon.colcon_core.package_identification:_identify(src/controller) by extensions ['colcon_meta']
[0.631s] Level 1:colcon.colcon_core.package_identification:_identify(src/controller) by extension 'colcon_meta'
[0.631s] Level 1:colcon.colcon_core.package_identification:_identify(src/controller) by extensions ['ros']
[0.631s] Level 1:colcon.colcon_core.package_identification:_identify(src/controller) by extension 'ros'
[0.633s] DEBUG:colcon.colcon_core.package_identification:Package 'src/controller' with type 'ros.ament_cmake' and name 'controller'
[0.633s] Level 1:colcon.colcon_core.package_discovery:discover_packages(recursive) using defaults
[0.633s] Level 1:colcon.colcon_core.package_discovery:discover_packages(ignore) discover
[0.633s] Level 1:colcon.colcon_core.package_discovery:discover_packages(ignore) using defaults
[0.633s] Level 1:colcon.colcon_core.package_discovery:discover_packages(path) discover
[0.633s] Level 1:colcon.colcon_core.package_discovery:discover_packages(path) using defaults
[0.688s] Level 1:colcon.colcon_core.package_discovery:discover_packages(prefix_path) check parameters
[0.688s] Level 1:colcon.colcon_core.package_discovery:discover_packages(prefix_path) discover
[0.706s] DEBUG:colcon.colcon_installed_package_information.package_discovery:Found 332 installed packages in /opt/ros/iron
[0.707s] Level 1:colcon.colcon_core.package_discovery:discover_packages(prefix_path) using defaults
[0.768s] Level 5:colcon.colcon_core.verb:set package 'controller' build argument 'cmake_args' from command line to 'None'
[0.768s] Level 5:colcon.colcon_core.verb:set package 'controller' build argument 'cmake_target' from command line to 'None'
[0.768s] Level 5:colcon.colcon_core.verb:set package 'controller' build argument 'cmake_target_skip_unavailable' from command line to 'False'
[0.768s] Level 5:colcon.colcon_core.verb:set package 'controller' build argument 'cmake_clean_cache' from command line to 'False'
[0.768s] Level 5:colcon.colcon_core.verb:set package 'controller' build argument 'cmake_clean_first' from command line to 'False'
[0.768s] Level 5:colcon.colcon_core.verb:set package 'controller' build argument 'cmake_force_configure' from command line to 'False'
[0.768s] Level 5:colcon.colcon_core.verb:set package 'controller' build argument 'ament_cmake_args' from command line to 'None'
[0.768s] Level 5:colcon.colcon_core.verb:set package 'controller' build argument 'catkin_cmake_args' from command line to 'None'
[0.768s] Level 5:colcon.colcon_core.verb:set package 'controller' build argument 'catkin_skip_building_tests' from command line to 'False'
[0.768s] DEBUG:colcon.colcon_core.verb:Building package 'controller' with the following arguments: {'ament_cmake_args': None, 'build_base': '/home/xiaobaige/UR5_Vision_Assemble/build/controller', 'catkin_cmake_args': None, 'catkin_skip_building_tests': False, 'cmake_args': None, 'cmake_clean_cache': False, 'cmake_clean_first': False, 'cmake_force_configure': False, 'cmake_target': None, 'cmake_target_skip_unavailable': False, 'install_base': '/home/xiaobaige/UR5_Vision_Assemble/install/controller', 'merge_install': False, 'path': '/home/xiaobaige/UR5_Vision_Assemble/src/controller', 'symlink_install': False, 'test_result_base': None}
[0.777s] INFO:colcon.colcon_core.executor:Executing jobs using 'parallel' executor
[0.786s] DEBUG:colcon.colcon_parallel_executor.executor.parallel:run_until_complete
[0.786s] INFO:colcon.colcon_ros.task.ament_cmake.build:Building ROS package in '/home/xiaobaige/UR5_Vision_Assemble/src/controller' with build type 'ament_cmake'
[0.786s] INFO:colcon.colcon_cmake.task.cmake.build:Building CMake package in '/home/xiaobaige/UR5_Vision_Assemble/src/controller'
[0.796s] INFO:colcon.colcon_core.plugin_system:Skipping extension 'colcon_core.shell.bat': Not used on non-Windows systems
[0.796s] INFO:colcon.colcon_core.shell:Skip shell extension 'powershell' for command environment: Not usable outside of PowerShell
[0.796s] DEBUG:colcon.colcon_core.shell:Skip shell extension 'dsv' for command environment
[0.818s] DEBUG:colcon.colcon_core.event_handler.log_command:Invoking command in '/home/xiaobaige/UR5_Vision_Assemble/build/controller': CMAKE_PREFIX_PATH=/opt/ros/iron /usr/bin/cmake /home/xiaobaige/UR5_Vision_Assemble/src/controller -DCMAKE_INSTALL_PREFIX=/home/xiaobaige/UR5_Vision_Assemble/install/controller
[1.259s] DEBUG:colcon.colcon_core.event_handler.log_command:Invoked command in '/home/xiaobaige/UR5_Vision_Assemble/build/controller' returned '0': CMAKE_PREFIX_PATH=/opt/ros/iron /usr/bin/cmake /home/xiaobaige/UR5_Vision_Assemble/src/controller -DCMAKE_INSTALL_PREFIX=/home/xiaobaige/UR5_Vision_Assemble/install/controller
[1.260s] DEBUG:colcon.colcon_core.event_handler.log_command:Invoking command in '/home/xiaobaige/UR5_Vision_Assemble/build/controller': CMAKE_PREFIX_PATH=/opt/ros/iron /usr/bin/cmake --build /home/xiaobaige/UR5_Vision_Assemble/build/controller -- -j24 -l24
[1.365s] DEBUG:colcon.colcon_core.event_handler.log_command:Invoked command in '/home/xiaobaige/UR5_Vision_Assemble/build/controller' returned '0': CMAKE_PREFIX_PATH=/opt/ros/iron /usr/bin/cmake --build /home/xiaobaige/UR5_Vision_Assemble/build/controller -- -j24 -l24
[1.385s] DEBUG:colcon.colcon_core.event_handler.log_command:Invoking command in '/home/xiaobaige/UR5_Vision_Assemble/build/controller': CMAKE_PREFIX_PATH=/opt/ros/iron /usr/bin/cmake --install /home/xiaobaige/UR5_Vision_Assemble/build/controller
[1.397s] Level 1:colcon.colcon_core.environment:create_environment_scripts_only(controller)
[1.397s] DEBUG:colcon.colcon_core.event_handler.log_command:Invoked command in '/home/xiaobaige/UR5_Vision_Assemble/build/controller' returned '0': CMAKE_PREFIX_PATH=/opt/ros/iron /usr/bin/cmake --install /home/xiaobaige/UR5_Vision_Assemble/build/controller
[1.413s] Level 1:colcon.colcon_core.environment:checking '/home/xiaobaige/UR5_Vision_Assemble/install/controller' for CMake module files
[1.414s] Level 1:colcon.colcon_core.environment:checking '/home/xiaobaige/UR5_Vision_Assemble/install/controller' for CMake config files
[1.414s] Level 1:colcon.colcon_core.shell:create_environment_hook('controller', 'cmake_prefix_path')
[1.424s] INFO:colcon.colcon_core.shell:Creating environment hook '/home/xiaobaige/UR5_Vision_Assemble/install/controller/share/controller/hook/cmake_prefix_path.ps1'
[1.425s] INFO:colcon.colcon_core.shell:Creating environment descriptor '/home/xiaobaige/UR5_Vision_Assemble/install/controller/share/controller/hook/cmake_prefix_path.dsv'
[1.425s] INFO:colcon.colcon_core.shell:Creating environment hook '/home/xiaobaige/UR5_Vision_Assemble/install/controller/share/controller/hook/cmake_prefix_path.sh'
[1.426s] Level 1:colcon.colcon_core.environment:checking '/home/xiaobaige/UR5_Vision_Assemble/install/controller/lib'
[1.426s] Level 1:colcon.colcon_core.environment:checking '/home/xiaobaige/UR5_Vision_Assemble/install/controller/bin'
[1.426s] Level 1:colcon.colcon_core.environment:checking '/home/xiaobaige/UR5_Vision_Assemble/install/controller/lib/pkgconfig/controller.pc'
[1.426s] Level 1:colcon.colcon_core.environment:checking '/home/xiaobaige/UR5_Vision_Assemble/install/controller/lib/python3.10/site-packages'
[1.426s] Level 1:colcon.colcon_core.environment:checking '/home/xiaobaige/UR5_Vision_Assemble/install/controller/bin'
[1.433s] INFO:colcon.colcon_core.shell:Creating package script '/home/xiaobaige/UR5_Vision_Assemble/install/controller/share/controller/package.ps1'
[1.433s] INFO:colcon.colcon_core.shell:Creating package descriptor '/home/xiaobaige/UR5_Vision_Assemble/install/controller/share/controller/package.dsv'
[1.434s] INFO:colcon.colcon_core.shell:Creating package script '/home/xiaobaige/UR5_Vision_Assemble/install/controller/share/controller/package.sh'
[1.434s] INFO:colcon.colcon_core.shell:Creating package script '/home/xiaobaige/UR5_Vision_Assemble/install/controller/share/controller/package.bash'
[1.434s] INFO:colcon.colcon_core.shell:Creating package script '/home/xiaobaige/UR5_Vision_Assemble/install/controller/share/controller/package.zsh'
[1.434s] Level 1:colcon.colcon_core.environment:create_file_with_runtime_dependencies(/home/xiaobaige/UR5_Vision_Assemble/install/controller/share/colcon-core/packages/controller)
[1.457s] Level 1:colcon.colcon_core.environment:create_environment_scripts_only(controller)
[1.466s] Level 1:colcon.colcon_core.environment:checking '/home/xiaobaige/UR5_Vision_Assemble/install/controller' for CMake module files
[1.466s] Level 1:colcon.colcon_core.environment:checking '/home/xiaobaige/UR5_Vision_Assemble/install/controller' for CMake config files
[1.466s] Level 1:colcon.colcon_core.shell:create_environment_hook('controller', 'cmake_prefix_path')
[1.473s] INFO:colcon.colcon_core.shell:Creating environment hook '/home/xiaobaige/UR5_Vision_Assemble/install/controller/share/controller/hook/cmake_prefix_path.ps1'
[1.473s] INFO:colcon.colcon_core.shell:Creating environment descriptor '/home/xiaobaige/UR5_Vision_Assemble/install/controller/share/controller/hook/cmake_prefix_path.dsv'
[1.473s] INFO:colcon.colcon_core.shell:Creating environment hook '/home/xiaobaige/UR5_Vision_Assemble/install/controller/share/controller/hook/cmake_prefix_path.sh'
[1.473s] Level 1:colcon.colcon_core.environment:checking '/home/xiaobaige/UR5_Vision_Assemble/install/controller/lib'
[1.473s] Level 1:colcon.colcon_core.environment:checking '/home/xiaobaige/UR5_Vision_Assemble/install/controller/bin'
[1.474s] Level 1:colcon.colcon_core.environment:checking '/home/xiaobaige/UR5_Vision_Assemble/install/controller/lib/pkgconfig/controller.pc'
[1.474s] Level 1:colcon.colcon_core.environment:checking '/home/xiaobaige/UR5_Vision_Assemble/install/controller/lib/python3.10/site-packages'
[1.474s] Level 1:colcon.colcon_core.environment:checking '/home/xiaobaige/UR5_Vision_Assemble/install/controller/bin'
[1.481s] INFO:colcon.colcon_core.shell:Creating package script '/home/xiaobaige/UR5_Vision_Assemble/install/controller/share/controller/package.ps1'
[1.481s] INFO:colcon.colcon_core.shell:Creating package descriptor '/home/xiaobaige/UR5_Vision_Assemble/install/controller/share/controller/package.dsv'
[1.481s] INFO:colcon.colcon_core.shell:Creating package script '/home/xiaobaige/UR5_Vision_Assemble/install/controller/share/controller/package.sh'
[1.481s] INFO:colcon.colcon_core.shell:Creating package script '/home/xiaobaige/UR5_Vision_Assemble/install/controller/share/controller/package.bash'
[1.481s] INFO:colcon.colcon_core.shell:Creating package script '/home/xiaobaige/UR5_Vision_Assemble/install/controller/share/controller/package.zsh'
[1.482s] Level 1:colcon.colcon_core.environment:create_file_with_runtime_dependencies(/home/xiaobaige/UR5_Vision_Assemble/install/controller/share/colcon-core/packages/controller)
[1.482s] DEBUG:colcon.colcon_parallel_executor.executor.parallel:closing loop
[1.482s] DEBUG:colcon.colcon_parallel_executor.executor.parallel:loop closed
[1.482s] DEBUG:colcon.colcon_parallel_executor.executor.parallel:run_until_complete finished with '0'
[1.482s] DEBUG:colcon.colcon_core.event_reactor:joining thread
[1.492s] INFO:colcon.colcon_core.plugin_system:Skipping extension 'colcon_notification.desktop_notification.terminal_notifier': Not used on non-Darwin systems
[1.492s] INFO:colcon.colcon_core.plugin_system:Skipping extension 'colcon_notification.desktop_notification.win32': Not used on non-Windows systems
[1.492s] INFO:colcon.colcon_notification.desktop_notification:Sending desktop notification using 'notify2'
[1.499s] DEBUG:colcon.colcon_core.event_reactor:joined thread
[1.508s] INFO:colcon.colcon_core.shell:Creating prefix script '/home/xiaobaige/UR5_Vision_Assemble/install/local_setup.ps1'
[1.508s] INFO:colcon.colcon_core.shell:Creating prefix util module '/home/xiaobaige/UR5_Vision_Assemble/install/_local_setup_util_ps1.py'
[1.509s] INFO:colcon.colcon_core.shell:Creating prefix chain script '/home/xiaobaige/UR5_Vision_Assemble/install/setup.ps1'
[1.516s] INFO:colcon.colcon_core.shell:Creating prefix script '/home/xiaobaige/UR5_Vision_Assemble/install/local_setup.sh'
[1.516s] INFO:colcon.colcon_core.shell:Creating prefix util module '/home/xiaobaige/UR5_Vision_Assemble/install/_local_setup_util_sh.py'
[1.516s] INFO:colcon.colcon_core.shell:Creating prefix chain script '/home/xiaobaige/UR5_Vision_Assemble/install/setup.sh'
[1.523s] INFO:colcon.colcon_core.shell:Creating prefix script '/home/xiaobaige/UR5_Vision_Assemble/install/local_setup.bash'
[1.524s] INFO:colcon.colcon_core.shell:Creating prefix chain script '/home/xiaobaige/UR5_Vision_Assemble/install/setup.bash'
[1.531s] INFO:colcon.colcon_core.shell:Creating prefix script '/home/xiaobaige/UR5_Vision_Assemble/install/local_setup.zsh'
[1.531s] INFO:colcon.colcon_core.shell:Creating prefix chain script '/home/xiaobaige/UR5_Vision_Assemble/install/setup.zsh'
