[0.728s] DEBUG:colcon:Command line arguments: ['/usr/bin/colcon', 'build', '--symlink-install']
[0.728s] DEBUG:colcon:Parsed command line arguments: Namespace(log_base=None, log_level=None, verb_name='build', build_base='build', install_base='install', merge_install=False, symlink_install=True, test_result_base=None, continue_on_error=False, executor='parallel', parallel_workers=24, event_handlers=None, ignore_user_meta=False, metas=['./colcon.meta'], base_paths=['.'], packages_ignore=None, packages_ignore_regex=None, paths=None, packages_up_to=None, packages_up_to_regex=None, packages_above=None, packages_above_and_dependencies=None, packages_above_depth=None, packages_select_by_dep=None, packages_skip_by_dep=None, packages_skip_up_to=None, packages_select_build_failed=False, packages_skip_build_finished=False, packages_select_test_failures=False, packages_skip_test_passed=False, packages_select=None, packages_skip=None, packages_select_regex=None, packages_skip_regex=None, packages_start=None, packages_end=None, allow_overriding=[], cmake_args=None, cmake_target=None, cmake_target_skip_unavailable=False, cmake_clean_cache=False, cmake_clean_first=False, cmake_force_configure=False, ament_cmake_args=None, catkin_cmake_args=None, catkin_skip_building_tests=False, mixin_files=None, mixin=None, verb_parser=<colcon_mixin.mixin.mixin_argument.MixinArgumentDecorator object at 0x7f0ec6cdf850>, verb_extension=<colcon_core.verb.build.BuildVerb object at 0x7f0ec6cddab0>, main=<bound method BuildVerb.main of <colcon_core.verb.build.BuildVerb object at 0x7f0ec6cddab0>>, mixin_verb=('build',))
[0.755s] Level 1:colcon.colcon_core.package_discovery:discover_packages(colcon_meta) check parameters
[0.755s] Level 1:colcon.colcon_core.package_discovery:discover_packages(recursive) check parameters
[0.755s] Level 1:colcon.colcon_core.package_discovery:discover_packages(ignore) check parameters
[0.755s] Level 1:colcon.colcon_core.package_discovery:discover_packages(path) check parameters
[0.755s] Level 1:colcon.colcon_core.package_discovery:discover_packages(colcon_meta) discover
[0.755s] Level 1:colcon.colcon_core.package_discovery:discover_packages(recursive) discover
[0.755s] INFO:colcon.colcon_core.package_discovery:Crawling recursively for packages in '/home/xiaobaige/UR5e_Vision_Assemble'
[0.755s] Level 1:colcon.colcon_core.package_identification:_identify(.) by extensions ['ignore', 'ignore_ament_install']
[0.755s] Level 1:colcon.colcon_core.package_identification:_identify(.) by extension 'ignore'
[0.755s] Level 1:colcon.colcon_core.package_identification:_identify(.) by extension 'ignore_ament_install'
[0.755s] Level 1:colcon.colcon_core.package_identification:_identify(.) by extensions ['colcon_pkg']
[0.755s] Level 1:colcon.colcon_core.package_identification:_identify(.) by extension 'colcon_pkg'
[0.755s] Level 1:colcon.colcon_core.package_identification:_identify(.) by extensions ['colcon_meta']
[0.755s] Level 1:colcon.colcon_core.package_identification:_identify(.) by extension 'colcon_meta'
[0.755s] Level 1:colcon.colcon_core.package_identification:_identify(.) by extensions ['ros']
[0.755s] Level 1:colcon.colcon_core.package_identification:_identify(.) by extension 'ros'
[0.762s] Level 1:colcon.colcon_core.package_identification:_identify(.) by extensions ['cmake', 'python']
[0.762s] Level 1:colcon.colcon_core.package_identification:_identify(.) by extension 'cmake'
[0.762s] Level 1:colcon.colcon_core.package_identification:_identify(.) by extension 'python'
[0.762s] Level 1:colcon.colcon_core.package_identification:_identify(.) by extensions ['python_setup_py']
[0.762s] Level 1:colcon.colcon_core.package_identification:_identify(.) by extension 'python_setup_py'
[0.762s] Level 1:colcon.colcon_core.package_identification:_identify(build) by extensions ['ignore', 'ignore_ament_install']
[0.762s] Level 1:colcon.colcon_core.package_identification:_identify(build) by extension 'ignore'
[0.762s] Level 1:colcon.colcon_core.package_identification:_identify(build) ignored
[0.762s] Level 1:colcon.colcon_core.package_identification:_identify(install) by extensions ['ignore', 'ignore_ament_install']
[0.762s] Level 1:colcon.colcon_core.package_identification:_identify(install) by extension 'ignore'
[0.762s] Level 1:colcon.colcon_core.package_identification:_identify(install) ignored
[0.762s] Level 1:colcon.colcon_core.package_identification:_identify(log) by extensions ['ignore', 'ignore_ament_install']
[0.762s] Level 1:colcon.colcon_core.package_identification:_identify(log) by extension 'ignore'
[0.762s] Level 1:colcon.colcon_core.package_identification:_identify(log) ignored
[0.762s] Level 1:colcon.colcon_core.package_identification:_identify(src) by extensions ['ignore', 'ignore_ament_install']
[0.762s] Level 1:colcon.colcon_core.package_identification:_identify(src) by extension 'ignore'
[0.762s] Level 1:colcon.colcon_core.package_identification:_identify(src) by extension 'ignore_ament_install'
[0.762s] Level 1:colcon.colcon_core.package_identification:_identify(src) by extensions ['colcon_pkg']
[0.762s] Level 1:colcon.colcon_core.package_identification:_identify(src) by extension 'colcon_pkg'
[0.762s] Level 1:colcon.colcon_core.package_identification:_identify(src) by extensions ['colcon_meta']
[0.762s] Level 1:colcon.colcon_core.package_identification:_identify(src) by extension 'colcon_meta'
[0.762s] Level 1:colcon.colcon_core.package_identification:_identify(src) by extensions ['ros']
[0.762s] Level 1:colcon.colcon_core.package_identification:_identify(src) by extension 'ros'
[0.762s] Level 1:colcon.colcon_core.package_identification:_identify(src) by extensions ['cmake', 'python']
[0.762s] Level 1:colcon.colcon_core.package_identification:_identify(src) by extension 'cmake'
[0.762s] Level 1:colcon.colcon_core.package_identification:_identify(src) by extension 'python'
[0.762s] Level 1:colcon.colcon_core.package_identification:_identify(src) by extensions ['python_setup_py']
[0.762s] Level 1:colcon.colcon_core.package_identification:_identify(src) by extension 'python_setup_py'
[0.762s] Level 1:colcon.colcon_core.package_identification:_identify(src/ur5e_gripper) by extensions ['ignore', 'ignore_ament_install']
[0.763s] Level 1:colcon.colcon_core.package_identification:_identify(src/ur5e_gripper) by extension 'ignore'
[0.763s] Level 1:colcon.colcon_core.package_identification:_identify(src/ur5e_gripper) by extension 'ignore_ament_install'
[0.763s] Level 1:colcon.colcon_core.package_identification:_identify(src/ur5e_gripper) by extensions ['colcon_pkg']
[0.763s] Level 1:colcon.colcon_core.package_identification:_identify(src/ur5e_gripper) by extension 'colcon_pkg'
[0.763s] Level 1:colcon.colcon_core.package_identification:_identify(src/ur5e_gripper) by extensions ['colcon_meta']
[0.763s] Level 1:colcon.colcon_core.package_identification:_identify(src/ur5e_gripper) by extension 'colcon_meta'
[0.763s] Level 1:colcon.colcon_core.package_identification:_identify(src/ur5e_gripper) by extensions ['ros']
[0.763s] Level 1:colcon.colcon_core.package_identification:_identify(src/ur5e_gripper) by extension 'ros'
[0.763s] Level 1:colcon.colcon_core.package_identification:_identify(src/ur5e_gripper) by extensions ['cmake', 'python']
[0.763s] Level 1:colcon.colcon_core.package_identification:_identify(src/ur5e_gripper) by extension 'cmake'
[0.763s] Level 1:colcon.colcon_core.package_identification:_identify(src/ur5e_gripper) by extension 'python'
[0.763s] Level 1:colcon.colcon_core.package_identification:_identify(src/ur5e_gripper) by extensions ['python_setup_py']
[0.763s] Level 1:colcon.colcon_core.package_identification:_identify(src/ur5e_gripper) by extension 'python_setup_py'
[0.763s] Level 1:colcon.colcon_core.package_identification:_identify(src/ur5e_gripper/Universal_Robots_ROS2_Description) by extensions ['ignore', 'ignore_ament_install']
[0.763s] Level 1:colcon.colcon_core.package_identification:_identify(src/ur5e_gripper/Universal_Robots_ROS2_Description) by extension 'ignore'
[0.763s] Level 1:colcon.colcon_core.package_identification:_identify(src/ur5e_gripper/Universal_Robots_ROS2_Description) by extension 'ignore_ament_install'
[0.763s] Level 1:colcon.colcon_core.package_identification:_identify(src/ur5e_gripper/Universal_Robots_ROS2_Description) by extensions ['colcon_pkg']
[0.763s] Level 1:colcon.colcon_core.package_identification:_identify(src/ur5e_gripper/Universal_Robots_ROS2_Description) by extension 'colcon_pkg'
[0.763s] Level 1:colcon.colcon_core.package_identification:_identify(src/ur5e_gripper/Universal_Robots_ROS2_Description) by extensions ['colcon_meta']
[0.763s] Level 1:colcon.colcon_core.package_identification:_identify(src/ur5e_gripper/Universal_Robots_ROS2_Description) by extension 'colcon_meta'
[0.763s] Level 1:colcon.colcon_core.package_identification:_identify(src/ur5e_gripper/Universal_Robots_ROS2_Description) by extensions ['ros']
[0.763s] Level 1:colcon.colcon_core.package_identification:_identify(src/ur5e_gripper/Universal_Robots_ROS2_Description) by extension 'ros'
[0.765s] DEBUG:colcon.colcon_core.package_identification:Package 'src/ur5e_gripper/Universal_Robots_ROS2_Description' with type 'ros.ament_cmake' and name 'ur_description'
[0.765s] Level 1:colcon.colcon_core.package_identification:_identify(src/ur5e_gripper/robotiq_description) by extensions ['ignore', 'ignore_ament_install']
[0.765s] Level 1:colcon.colcon_core.package_identification:_identify(src/ur5e_gripper/robotiq_description) by extension 'ignore'
[0.765s] Level 1:colcon.colcon_core.package_identification:_identify(src/ur5e_gripper/robotiq_description) by extension 'ignore_ament_install'
[0.765s] Level 1:colcon.colcon_core.package_identification:_identify(src/ur5e_gripper/robotiq_description) by extensions ['colcon_pkg']
[0.765s] Level 1:colcon.colcon_core.package_identification:_identify(src/ur5e_gripper/robotiq_description) by extension 'colcon_pkg'
[0.765s] Level 1:colcon.colcon_core.package_identification:_identify(src/ur5e_gripper/robotiq_description) by extensions ['colcon_meta']
[0.765s] Level 1:colcon.colcon_core.package_identification:_identify(src/ur5e_gripper/robotiq_description) by extension 'colcon_meta'
[0.765s] Level 1:colcon.colcon_core.package_identification:_identify(src/ur5e_gripper/robotiq_description) by extensions ['ros']
[0.765s] Level 1:colcon.colcon_core.package_identification:_identify(src/ur5e_gripper/robotiq_description) by extension 'ros'
[0.765s] DEBUG:colcon.colcon_core.package_identification:Package 'src/ur5e_gripper/robotiq_description' with type 'ros.ament_cmake' and name 'robotiq_description'
[0.766s] Level 1:colcon.colcon_core.package_identification:_identify(src/ur5e_gripper/ur5e_gripper_description) by extensions ['ignore', 'ignore_ament_install']
[0.766s] Level 1:colcon.colcon_core.package_identification:_identify(src/ur5e_gripper/ur5e_gripper_description) by extension 'ignore'
[0.766s] Level 1:colcon.colcon_core.package_identification:_identify(src/ur5e_gripper/ur5e_gripper_description) by extension 'ignore_ament_install'
[0.766s] Level 1:colcon.colcon_core.package_identification:_identify(src/ur5e_gripper/ur5e_gripper_description) by extensions ['colcon_pkg']
[0.766s] Level 1:colcon.colcon_core.package_identification:_identify(src/ur5e_gripper/ur5e_gripper_description) by extension 'colcon_pkg'
[0.766s] Level 1:colcon.colcon_core.package_identification:_identify(src/ur5e_gripper/ur5e_gripper_description) by extensions ['colcon_meta']
[0.766s] Level 1:colcon.colcon_core.package_identification:_identify(src/ur5e_gripper/ur5e_gripper_description) by extension 'colcon_meta'
[0.766s] Level 1:colcon.colcon_core.package_identification:_identify(src/ur5e_gripper/ur5e_gripper_description) by extensions ['ros']
[0.766s] Level 1:colcon.colcon_core.package_identification:_identify(src/ur5e_gripper/ur5e_gripper_description) by extension 'ros'
[0.766s] DEBUG:colcon.colcon_core.package_identification:Package 'src/ur5e_gripper/ur5e_gripper_description' with type 'ros.ament_cmake' and name 'ur5e_gripper_description'
[0.766s] Level 1:colcon.colcon_core.package_discovery:discover_packages(recursive) using defaults
[0.766s] Level 1:colcon.colcon_core.package_discovery:discover_packages(ignore) discover
[0.766s] Level 1:colcon.colcon_core.package_discovery:discover_packages(ignore) using defaults
[0.766s] Level 1:colcon.colcon_core.package_discovery:discover_packages(path) discover
[0.766s] Level 1:colcon.colcon_core.package_discovery:discover_packages(path) using defaults
[0.818s] Level 1:colcon.colcon_core.package_discovery:discover_packages(prefix_path) check parameters
[0.818s] Level 1:colcon.colcon_core.package_discovery:discover_packages(prefix_path) discover
[0.834s] DEBUG:colcon.colcon_installed_package_information.package_discovery:Found 4 installed packages in /home/xiaobaige/UR5e_Vision_Assemble/install
[0.843s] DEBUG:colcon.colcon_installed_package_information.package_discovery:Found 387 installed packages in /opt/ros/humble
[0.844s] Level 1:colcon.colcon_core.package_discovery:discover_packages(prefix_path) using defaults
[0.901s] Level 5:colcon.colcon_core.verb:set package 'robotiq_description' build argument 'cmake_args' from command line to 'None'
[0.901s] Level 5:colcon.colcon_core.verb:set package 'robotiq_description' build argument 'cmake_target' from command line to 'None'
[0.901s] Level 5:colcon.colcon_core.verb:set package 'robotiq_description' build argument 'cmake_target_skip_unavailable' from command line to 'False'
[0.901s] Level 5:colcon.colcon_core.verb:set package 'robotiq_description' build argument 'cmake_clean_cache' from command line to 'False'
[0.901s] Level 5:colcon.colcon_core.verb:set package 'robotiq_description' build argument 'cmake_clean_first' from command line to 'False'
[0.901s] Level 5:colcon.colcon_core.verb:set package 'robotiq_description' build argument 'cmake_force_configure' from command line to 'False'
[0.901s] Level 5:colcon.colcon_core.verb:set package 'robotiq_description' build argument 'ament_cmake_args' from command line to 'None'
[0.901s] Level 5:colcon.colcon_core.verb:set package 'robotiq_description' build argument 'catkin_cmake_args' from command line to 'None'
[0.901s] Level 5:colcon.colcon_core.verb:set package 'robotiq_description' build argument 'catkin_skip_building_tests' from command line to 'False'
[0.901s] DEBUG:colcon.colcon_core.verb:Building package 'robotiq_description' with the following arguments: {'ament_cmake_args': None, 'build_base': '/home/xiaobaige/UR5e_Vision_Assemble/build/robotiq_description', 'catkin_cmake_args': None, 'catkin_skip_building_tests': False, 'cmake_args': None, 'cmake_clean_cache': False, 'cmake_clean_first': False, 'cmake_force_configure': False, 'cmake_target': None, 'cmake_target_skip_unavailable': False, 'install_base': '/home/xiaobaige/UR5e_Vision_Assemble/install/robotiq_description', 'merge_install': False, 'path': '/home/xiaobaige/UR5e_Vision_Assemble/src/ur5e_gripper/robotiq_description', 'symlink_install': True, 'test_result_base': None}
[0.910s] Level 5:colcon.colcon_core.verb:set package 'ur_description' build argument 'cmake_args' from command line to 'None'
[0.910s] Level 5:colcon.colcon_core.verb:set package 'ur_description' build argument 'cmake_target' from command line to 'None'
[0.910s] Level 5:colcon.colcon_core.verb:set package 'ur_description' build argument 'cmake_target_skip_unavailable' from command line to 'False'
[0.910s] Level 5:colcon.colcon_core.verb:set package 'ur_description' build argument 'cmake_clean_cache' from command line to 'False'
[0.910s] Level 5:colcon.colcon_core.verb:set package 'ur_description' build argument 'cmake_clean_first' from command line to 'False'
[0.910s] Level 5:colcon.colcon_core.verb:set package 'ur_description' build argument 'cmake_force_configure' from command line to 'False'
[0.910s] Level 5:colcon.colcon_core.verb:set package 'ur_description' build argument 'ament_cmake_args' from command line to 'None'
[0.910s] Level 5:colcon.colcon_core.verb:set package 'ur_description' build argument 'catkin_cmake_args' from command line to 'None'
[0.910s] Level 5:colcon.colcon_core.verb:set package 'ur_description' build argument 'catkin_skip_building_tests' from command line to 'False'
[0.910s] DEBUG:colcon.colcon_core.verb:Building package 'ur_description' with the following arguments: {'ament_cmake_args': None, 'build_base': '/home/xiaobaige/UR5e_Vision_Assemble/build/ur_description', 'catkin_cmake_args': None, 'catkin_skip_building_tests': False, 'cmake_args': None, 'cmake_clean_cache': False, 'cmake_clean_first': False, 'cmake_force_configure': False, 'cmake_target': None, 'cmake_target_skip_unavailable': False, 'install_base': '/home/xiaobaige/UR5e_Vision_Assemble/install/ur_description', 'merge_install': False, 'path': '/home/xiaobaige/UR5e_Vision_Assemble/src/ur5e_gripper/Universal_Robots_ROS2_Description', 'symlink_install': True, 'test_result_base': None}
[0.918s] Level 5:colcon.colcon_core.verb:set package 'ur5e_gripper_description' build argument 'cmake_args' from command line to 'None'
[0.918s] Level 5:colcon.colcon_core.verb:set package 'ur5e_gripper_description' build argument 'cmake_target' from command line to 'None'
[0.918s] Level 5:colcon.colcon_core.verb:set package 'ur5e_gripper_description' build argument 'cmake_target_skip_unavailable' from command line to 'False'
[0.918s] Level 5:colcon.colcon_core.verb:set package 'ur5e_gripper_description' build argument 'cmake_clean_cache' from command line to 'False'
[0.918s] Level 5:colcon.colcon_core.verb:set package 'ur5e_gripper_description' build argument 'cmake_clean_first' from command line to 'False'
[0.918s] Level 5:colcon.colcon_core.verb:set package 'ur5e_gripper_description' build argument 'cmake_force_configure' from command line to 'False'
[0.918s] Level 5:colcon.colcon_core.verb:set package 'ur5e_gripper_description' build argument 'ament_cmake_args' from command line to 'None'
[0.918s] Level 5:colcon.colcon_core.verb:set package 'ur5e_gripper_description' build argument 'catkin_cmake_args' from command line to 'None'
[0.918s] Level 5:colcon.colcon_core.verb:set package 'ur5e_gripper_description' build argument 'catkin_skip_building_tests' from command line to 'False'
[0.918s] DEBUG:colcon.colcon_core.verb:Building package 'ur5e_gripper_description' with the following arguments: {'ament_cmake_args': None, 'build_base': '/home/xiaobaige/UR5e_Vision_Assemble/build/ur5e_gripper_description', 'catkin_cmake_args': None, 'catkin_skip_building_tests': False, 'cmake_args': None, 'cmake_clean_cache': False, 'cmake_clean_first': False, 'cmake_force_configure': False, 'cmake_target': None, 'cmake_target_skip_unavailable': False, 'install_base': '/home/xiaobaige/UR5e_Vision_Assemble/install/ur5e_gripper_description', 'merge_install': False, 'path': '/home/xiaobaige/UR5e_Vision_Assemble/src/ur5e_gripper/ur5e_gripper_description', 'symlink_install': True, 'test_result_base': None}
[0.926s] INFO:colcon.colcon_core.executor:Executing jobs using 'parallel' executor
[0.935s] DEBUG:colcon.colcon_parallel_executor.executor.parallel:run_until_complete
[0.935s] INFO:colcon.colcon_ros.task.ament_cmake.build:Building ROS package in '/home/xiaobaige/UR5e_Vision_Assemble/src/ur5e_gripper/Universal_Robots_ROS2_Description' with build type 'ament_cmake'
[0.935s] INFO:colcon.colcon_cmake.task.cmake.build:Building CMake package in '/home/xiaobaige/UR5e_Vision_Assemble/src/ur5e_gripper/Universal_Robots_ROS2_Description'
[0.944s] INFO:colcon.colcon_core.plugin_system:Skipping extension 'colcon_core.shell.bat': Not used on non-Windows systems
[0.944s] INFO:colcon.colcon_core.shell:Skip shell extension 'powershell' for command environment: Not usable outside of PowerShell
[0.944s] DEBUG:colcon.colcon_core.shell:Skip shell extension 'dsv' for command environment
[0.970s] INFO:colcon.colcon_ros.task.ament_cmake.build:Building ROS package in '/home/xiaobaige/UR5e_Vision_Assemble/src/ur5e_gripper/robotiq_description' with build type 'ament_cmake'
[0.970s] INFO:colcon.colcon_cmake.task.cmake.build:Building CMake package in '/home/xiaobaige/UR5e_Vision_Assemble/src/ur5e_gripper/robotiq_description'
[0.979s] INFO:colcon.colcon_core.shell:Skip shell extension 'powershell' for command environment: Not usable outside of PowerShell
[0.979s] DEBUG:colcon.colcon_core.shell:Skip shell extension 'dsv' for command environment
[1.008s] DEBUG:colcon.colcon_core.event_handler.log_command:Invoking command in '/home/xiaobaige/UR5e_Vision_Assemble/build/ur_description': CMAKE_PREFIX_PATH=${CMAKE_PREFIX_PATH}:/opt/ros/humble /usr/bin/cmake --build /home/xiaobaige/UR5e_Vision_Assemble/build/ur_description -- -j24 -l24
[1.010s] DEBUG:colcon.colcon_core.event_handler.log_command:Invoking command in '/home/xiaobaige/UR5e_Vision_Assemble/build/robotiq_description': CMAKE_PREFIX_PATH=${CMAKE_PREFIX_PATH}:/opt/ros/humble /usr/bin/cmake --build /home/xiaobaige/UR5e_Vision_Assemble/build/robotiq_description -- -j24 -l24
[1.028s] DEBUG:colcon.colcon_core.event_handler.log_command:Invoked command in '/home/xiaobaige/UR5e_Vision_Assemble/build/ur_description' returned '0': CMAKE_PREFIX_PATH=${CMAKE_PREFIX_PATH}:/opt/ros/humble /usr/bin/cmake --build /home/xiaobaige/UR5e_Vision_Assemble/build/ur_description -- -j24 -l24
[1.044s] DEBUG:colcon.colcon_core.event_handler.log_command:Invoking command in '/home/xiaobaige/UR5e_Vision_Assemble/build/ur_description': CMAKE_PREFIX_PATH=${CMAKE_PREFIX_PATH}:/opt/ros/humble /usr/bin/cmake --install /home/xiaobaige/UR5e_Vision_Assemble/build/ur_description
[1.049s] DEBUG:colcon.colcon_core.event_handler.log_command:Invoked command in '/home/xiaobaige/UR5e_Vision_Assemble/build/robotiq_description' returned '0': CMAKE_PREFIX_PATH=${CMAKE_PREFIX_PATH}:/opt/ros/humble /usr/bin/cmake --build /home/xiaobaige/UR5e_Vision_Assemble/build/robotiq_description -- -j24 -l24
[1.062s] Level 1:colcon.colcon_core.environment:create_environment_scripts_only(ur_description)
[1.063s] DEBUG:colcon.colcon_core.event_handler.log_command:Invoked command in '/home/xiaobaige/UR5e_Vision_Assemble/build/ur_description' returned '0': CMAKE_PREFIX_PATH=${CMAKE_PREFIX_PATH}:/opt/ros/humble /usr/bin/cmake --install /home/xiaobaige/UR5e_Vision_Assemble/build/ur_description
[1.072s] Level 1:colcon.colcon_core.environment:checking '/home/xiaobaige/UR5e_Vision_Assemble/install/ur_description' for CMake module files
[1.073s] Level 1:colcon.colcon_core.environment:checking '/home/xiaobaige/UR5e_Vision_Assemble/install/ur_description' for CMake config files
[1.073s] Level 1:colcon.colcon_core.shell:create_environment_hook('ur_description', 'cmake_prefix_path')
[1.081s] INFO:colcon.colcon_core.shell:Creating environment hook '/home/xiaobaige/UR5e_Vision_Assemble/install/ur_description/share/ur_description/hook/cmake_prefix_path.ps1'
[1.081s] INFO:colcon.colcon_core.shell:Creating environment descriptor '/home/xiaobaige/UR5e_Vision_Assemble/install/ur_description/share/ur_description/hook/cmake_prefix_path.dsv'
[1.082s] INFO:colcon.colcon_core.shell:Creating environment hook '/home/xiaobaige/UR5e_Vision_Assemble/install/ur_description/share/ur_description/hook/cmake_prefix_path.sh'
[1.082s] Level 1:colcon.colcon_core.environment:checking '/home/xiaobaige/UR5e_Vision_Assemble/install/ur_description/bin'
[1.082s] Level 1:colcon.colcon_core.environment:checking '/home/xiaobaige/UR5e_Vision_Assemble/install/ur_description/lib/pkgconfig/ur_description.pc'
[1.082s] Level 1:colcon.colcon_core.environment:checking '/home/xiaobaige/UR5e_Vision_Assemble/install/ur_description/lib/python3.10/site-packages'
[1.082s] Level 1:colcon.colcon_core.environment:checking '/home/xiaobaige/UR5e_Vision_Assemble/install/ur_description/bin'
[1.091s] INFO:colcon.colcon_core.shell:Creating package script '/home/xiaobaige/UR5e_Vision_Assemble/install/ur_description/share/ur_description/package.ps1'
[1.091s] INFO:colcon.colcon_core.shell:Creating package descriptor '/home/xiaobaige/UR5e_Vision_Assemble/install/ur_description/share/ur_description/package.dsv'
[1.091s] INFO:colcon.colcon_core.shell:Creating package script '/home/xiaobaige/UR5e_Vision_Assemble/install/ur_description/share/ur_description/package.sh'
[1.092s] INFO:colcon.colcon_core.shell:Creating package script '/home/xiaobaige/UR5e_Vision_Assemble/install/ur_description/share/ur_description/package.bash'
[1.092s] INFO:colcon.colcon_core.shell:Creating package script '/home/xiaobaige/UR5e_Vision_Assemble/install/ur_description/share/ur_description/package.zsh'
[1.092s] Level 1:colcon.colcon_core.environment:create_file_with_runtime_dependencies(/home/xiaobaige/UR5e_Vision_Assemble/install/ur_description/share/colcon-core/packages/ur_description)
[1.094s] DEBUG:colcon.colcon_core.event_handler.log_command:Invoking command in '/home/xiaobaige/UR5e_Vision_Assemble/build/robotiq_description': CMAKE_PREFIX_PATH=${CMAKE_PREFIX_PATH}:/opt/ros/humble /usr/bin/cmake --install /home/xiaobaige/UR5e_Vision_Assemble/build/robotiq_description
[1.116s] Level 1:colcon.colcon_core.environment:create_environment_scripts_only(ur_description)
[1.127s] Level 1:colcon.colcon_core.environment:checking '/home/xiaobaige/UR5e_Vision_Assemble/install/ur_description' for CMake module files
[1.127s] Level 1:colcon.colcon_core.environment:checking '/home/xiaobaige/UR5e_Vision_Assemble/install/ur_description' for CMake config files
[1.127s] Level 1:colcon.colcon_core.shell:create_environment_hook('ur_description', 'cmake_prefix_path')
[1.135s] INFO:colcon.colcon_core.shell:Creating environment hook '/home/xiaobaige/UR5e_Vision_Assemble/install/ur_description/share/ur_description/hook/cmake_prefix_path.ps1'
[1.135s] INFO:colcon.colcon_core.shell:Creating environment descriptor '/home/xiaobaige/UR5e_Vision_Assemble/install/ur_description/share/ur_description/hook/cmake_prefix_path.dsv'
[1.136s] INFO:colcon.colcon_core.shell:Creating environment hook '/home/xiaobaige/UR5e_Vision_Assemble/install/ur_description/share/ur_description/hook/cmake_prefix_path.sh'
[1.136s] Level 1:colcon.colcon_core.environment:checking '/home/xiaobaige/UR5e_Vision_Assemble/install/ur_description/bin'
[1.136s] Level 1:colcon.colcon_core.environment:checking '/home/xiaobaige/UR5e_Vision_Assemble/install/ur_description/lib/pkgconfig/ur_description.pc'
[1.136s] Level 1:colcon.colcon_core.environment:checking '/home/xiaobaige/UR5e_Vision_Assemble/install/ur_description/lib/python3.10/site-packages'
[1.136s] Level 1:colcon.colcon_core.environment:checking '/home/xiaobaige/UR5e_Vision_Assemble/install/ur_description/bin'
[1.144s] INFO:colcon.colcon_core.shell:Creating package script '/home/xiaobaige/UR5e_Vision_Assemble/install/ur_description/share/ur_description/package.ps1'
[1.145s] INFO:colcon.colcon_core.shell:Creating package descriptor '/home/xiaobaige/UR5e_Vision_Assemble/install/ur_description/share/ur_description/package.dsv'
[1.145s] INFO:colcon.colcon_core.shell:Creating package script '/home/xiaobaige/UR5e_Vision_Assemble/install/ur_description/share/ur_description/package.sh'
[1.145s] INFO:colcon.colcon_core.shell:Creating package script '/home/xiaobaige/UR5e_Vision_Assemble/install/ur_description/share/ur_description/package.bash'
[1.145s] INFO:colcon.colcon_core.shell:Creating package script '/home/xiaobaige/UR5e_Vision_Assemble/install/ur_description/share/ur_description/package.zsh'
[1.145s] Level 1:colcon.colcon_core.environment:create_file_with_runtime_dependencies(/home/xiaobaige/UR5e_Vision_Assemble/install/ur_description/share/colcon-core/packages/ur_description)
[1.146s] INFO:colcon.colcon_ros.task.ament_cmake.build:Building ROS package in '/home/xiaobaige/UR5e_Vision_Assemble/src/ur5e_gripper/ur5e_gripper_description' with build type 'ament_cmake'
[1.146s] INFO:colcon.colcon_cmake.task.cmake.build:Building CMake package in '/home/xiaobaige/UR5e_Vision_Assemble/src/ur5e_gripper/ur5e_gripper_description'
[1.154s] INFO:colcon.colcon_core.shell:Skip shell extension 'powershell' for command environment: Not usable outside of PowerShell
[1.155s] DEBUG:colcon.colcon_core.shell:Skip shell extension 'dsv' for command environment
[1.181s] Level 1:colcon.colcon_core.environment:create_environment_scripts_only(robotiq_description)
[1.181s] DEBUG:colcon.colcon_core.event_handler.log_command:Invoked command in '/home/xiaobaige/UR5e_Vision_Assemble/build/robotiq_description' returned '0': CMAKE_PREFIX_PATH=${CMAKE_PREFIX_PATH}:/opt/ros/humble /usr/bin/cmake --install /home/xiaobaige/UR5e_Vision_Assemble/build/robotiq_description
[1.197s] Level 1:colcon.colcon_core.environment:checking '/home/xiaobaige/UR5e_Vision_Assemble/install/robotiq_description' for CMake module files
[1.197s] Level 1:colcon.colcon_core.environment:checking '/home/xiaobaige/UR5e_Vision_Assemble/install/robotiq_description' for CMake config files
[1.197s] Level 1:colcon.colcon_core.shell:create_environment_hook('robotiq_description', 'cmake_prefix_path')
[1.206s] INFO:colcon.colcon_core.shell:Creating environment hook '/home/xiaobaige/UR5e_Vision_Assemble/install/robotiq_description/share/robotiq_description/hook/cmake_prefix_path.ps1'
[1.206s] INFO:colcon.colcon_core.shell:Creating environment descriptor '/home/xiaobaige/UR5e_Vision_Assemble/install/robotiq_description/share/robotiq_description/hook/cmake_prefix_path.dsv'
[1.206s] INFO:colcon.colcon_core.shell:Creating environment hook '/home/xiaobaige/UR5e_Vision_Assemble/install/robotiq_description/share/robotiq_description/hook/cmake_prefix_path.sh'
[1.206s] Level 1:colcon.colcon_core.environment:checking '/home/xiaobaige/UR5e_Vision_Assemble/install/robotiq_description/lib'
[1.206s] Level 1:colcon.colcon_core.environment:checking '/home/xiaobaige/UR5e_Vision_Assemble/install/robotiq_description/bin'
[1.206s] Level 1:colcon.colcon_core.environment:checking '/home/xiaobaige/UR5e_Vision_Assemble/install/robotiq_description/lib/pkgconfig/robotiq_description.pc'
[1.207s] Level 1:colcon.colcon_core.environment:checking '/home/xiaobaige/UR5e_Vision_Assemble/install/robotiq_description/lib/python3.10/site-packages'
[1.207s] Level 1:colcon.colcon_core.environment:checking '/home/xiaobaige/UR5e_Vision_Assemble/install/robotiq_description/bin'
[1.215s] INFO:colcon.colcon_core.shell:Creating package script '/home/xiaobaige/UR5e_Vision_Assemble/install/robotiq_description/share/robotiq_description/package.ps1'
[1.215s] INFO:colcon.colcon_core.shell:Creating package descriptor '/home/xiaobaige/UR5e_Vision_Assemble/install/robotiq_description/share/robotiq_description/package.dsv'
[1.216s] INFO:colcon.colcon_core.shell:Creating package script '/home/xiaobaige/UR5e_Vision_Assemble/install/robotiq_description/share/robotiq_description/package.sh'
[1.216s] INFO:colcon.colcon_core.shell:Creating package script '/home/xiaobaige/UR5e_Vision_Assemble/install/robotiq_description/share/robotiq_description/package.bash'
[1.216s] INFO:colcon.colcon_core.shell:Creating package script '/home/xiaobaige/UR5e_Vision_Assemble/install/robotiq_description/share/robotiq_description/package.zsh'
[1.216s] Level 1:colcon.colcon_core.environment:create_file_with_runtime_dependencies(/home/xiaobaige/UR5e_Vision_Assemble/install/robotiq_description/share/colcon-core/packages/robotiq_description)
[1.219s] DEBUG:colcon.colcon_core.event_handler.log_command:Invoking command in '/home/xiaobaige/UR5e_Vision_Assemble/build/ur5e_gripper_description': CMAKE_PREFIX_PATH=${CMAKE_PREFIX_PATH}:/opt/ros/humble /usr/bin/cmake --build /home/xiaobaige/UR5e_Vision_Assemble/build/ur5e_gripper_description -- -j24 -l24
[1.239s] Level 1:colcon.colcon_core.environment:create_environment_scripts_only(robotiq_description)
[1.247s] Level 1:colcon.colcon_core.environment:checking '/home/xiaobaige/UR5e_Vision_Assemble/install/robotiq_description' for CMake module files
[1.248s] Level 1:colcon.colcon_core.environment:checking '/home/xiaobaige/UR5e_Vision_Assemble/install/robotiq_description' for CMake config files
[1.248s] Level 1:colcon.colcon_core.shell:create_environment_hook('robotiq_description', 'cmake_prefix_path')
[1.256s] INFO:colcon.colcon_core.shell:Creating environment hook '/home/xiaobaige/UR5e_Vision_Assemble/install/robotiq_description/share/robotiq_description/hook/cmake_prefix_path.ps1'
[1.256s] INFO:colcon.colcon_core.shell:Creating environment descriptor '/home/xiaobaige/UR5e_Vision_Assemble/install/robotiq_description/share/robotiq_description/hook/cmake_prefix_path.dsv'
[1.256s] INFO:colcon.colcon_core.shell:Creating environment hook '/home/xiaobaige/UR5e_Vision_Assemble/install/robotiq_description/share/robotiq_description/hook/cmake_prefix_path.sh'
[1.257s] Level 1:colcon.colcon_core.environment:checking '/home/xiaobaige/UR5e_Vision_Assemble/install/robotiq_description/lib'
[1.257s] Level 1:colcon.colcon_core.environment:checking '/home/xiaobaige/UR5e_Vision_Assemble/install/robotiq_description/bin'
[1.257s] Level 1:colcon.colcon_core.environment:checking '/home/xiaobaige/UR5e_Vision_Assemble/install/robotiq_description/lib/pkgconfig/robotiq_description.pc'
[1.257s] Level 1:colcon.colcon_core.environment:checking '/home/xiaobaige/UR5e_Vision_Assemble/install/robotiq_description/lib/python3.10/site-packages'
[1.257s] Level 1:colcon.colcon_core.environment:checking '/home/xiaobaige/UR5e_Vision_Assemble/install/robotiq_description/bin'
[1.265s] INFO:colcon.colcon_core.shell:Creating package script '/home/xiaobaige/UR5e_Vision_Assemble/install/robotiq_description/share/robotiq_description/package.ps1'
[1.266s] INFO:colcon.colcon_core.shell:Creating package descriptor '/home/xiaobaige/UR5e_Vision_Assemble/install/robotiq_description/share/robotiq_description/package.dsv'
[1.266s] INFO:colcon.colcon_core.shell:Creating package script '/home/xiaobaige/UR5e_Vision_Assemble/install/robotiq_description/share/robotiq_description/package.sh'
[1.266s] INFO:colcon.colcon_core.shell:Creating package script '/home/xiaobaige/UR5e_Vision_Assemble/install/robotiq_description/share/robotiq_description/package.bash'
[1.266s] INFO:colcon.colcon_core.shell:Creating package script '/home/xiaobaige/UR5e_Vision_Assemble/install/robotiq_description/share/robotiq_description/package.zsh'
[1.266s] Level 1:colcon.colcon_core.environment:create_file_with_runtime_dependencies(/home/xiaobaige/UR5e_Vision_Assemble/install/robotiq_description/share/colcon-core/packages/robotiq_description)
[1.268s] DEBUG:colcon.colcon_core.event_handler.log_command:Invoked command in '/home/xiaobaige/UR5e_Vision_Assemble/build/ur5e_gripper_description' returned '0': CMAKE_PREFIX_PATH=${CMAKE_PREFIX_PATH}:/opt/ros/humble /usr/bin/cmake --build /home/xiaobaige/UR5e_Vision_Assemble/build/ur5e_gripper_description -- -j24 -l24
[1.280s] DEBUG:colcon.colcon_core.event_handler.log_command:Invoking command in '/home/xiaobaige/UR5e_Vision_Assemble/build/ur5e_gripper_description': CMAKE_PREFIX_PATH=${CMAKE_PREFIX_PATH}:/opt/ros/humble /usr/bin/cmake --install /home/xiaobaige/UR5e_Vision_Assemble/build/ur5e_gripper_description
[1.303s] Level 1:colcon.colcon_core.environment:create_environment_scripts_only(ur5e_gripper_description)
[1.303s] DEBUG:colcon.colcon_core.event_handler.log_command:Invoked command in '/home/xiaobaige/UR5e_Vision_Assemble/build/ur5e_gripper_description' returned '0': CMAKE_PREFIX_PATH=${CMAKE_PREFIX_PATH}:/opt/ros/humble /usr/bin/cmake --install /home/xiaobaige/UR5e_Vision_Assemble/build/ur5e_gripper_description
[1.324s] Level 1:colcon.colcon_core.environment:checking '/home/xiaobaige/UR5e_Vision_Assemble/install/ur5e_gripper_description' for CMake module files
[1.324s] Level 1:colcon.colcon_core.environment:checking '/home/xiaobaige/UR5e_Vision_Assemble/install/ur5e_gripper_description' for CMake config files
[1.324s] Level 1:colcon.colcon_core.shell:create_environment_hook('ur5e_gripper_description', 'cmake_prefix_path')
[1.333s] INFO:colcon.colcon_core.shell:Creating environment hook '/home/xiaobaige/UR5e_Vision_Assemble/install/ur5e_gripper_description/share/ur5e_gripper_description/hook/cmake_prefix_path.ps1'
[1.333s] INFO:colcon.colcon_core.shell:Creating environment descriptor '/home/xiaobaige/UR5e_Vision_Assemble/install/ur5e_gripper_description/share/ur5e_gripper_description/hook/cmake_prefix_path.dsv'
[1.334s] INFO:colcon.colcon_core.shell:Creating environment hook '/home/xiaobaige/UR5e_Vision_Assemble/install/ur5e_gripper_description/share/ur5e_gripper_description/hook/cmake_prefix_path.sh'
[1.334s] Level 1:colcon.colcon_core.environment:checking '/home/xiaobaige/UR5e_Vision_Assemble/install/ur5e_gripper_description/bin'
[1.334s] Level 1:colcon.colcon_core.environment:checking '/home/xiaobaige/UR5e_Vision_Assemble/install/ur5e_gripper_description/lib/pkgconfig/ur5e_gripper_description.pc'
[1.334s] Level 1:colcon.colcon_core.environment:checking '/home/xiaobaige/UR5e_Vision_Assemble/install/ur5e_gripper_description/lib/python3.10/site-packages'
[1.334s] Level 1:colcon.colcon_core.environment:checking '/home/xiaobaige/UR5e_Vision_Assemble/install/ur5e_gripper_description/bin'
[1.343s] INFO:colcon.colcon_core.shell:Creating package script '/home/xiaobaige/UR5e_Vision_Assemble/install/ur5e_gripper_description/share/ur5e_gripper_description/package.ps1'
[1.343s] INFO:colcon.colcon_core.shell:Creating package descriptor '/home/xiaobaige/UR5e_Vision_Assemble/install/ur5e_gripper_description/share/ur5e_gripper_description/package.dsv'
[1.343s] INFO:colcon.colcon_core.shell:Creating package script '/home/xiaobaige/UR5e_Vision_Assemble/install/ur5e_gripper_description/share/ur5e_gripper_description/package.sh'
[1.343s] INFO:colcon.colcon_core.shell:Creating package script '/home/xiaobaige/UR5e_Vision_Assemble/install/ur5e_gripper_description/share/ur5e_gripper_description/package.bash'
[1.343s] INFO:colcon.colcon_core.shell:Creating package script '/home/xiaobaige/UR5e_Vision_Assemble/install/ur5e_gripper_description/share/ur5e_gripper_description/package.zsh'
[1.343s] Level 1:colcon.colcon_core.environment:create_file_with_runtime_dependencies(/home/xiaobaige/UR5e_Vision_Assemble/install/ur5e_gripper_description/share/colcon-core/packages/ur5e_gripper_description)
[1.363s] Level 1:colcon.colcon_core.environment:create_environment_scripts_only(ur5e_gripper_description)
[1.372s] Level 1:colcon.colcon_core.environment:checking '/home/xiaobaige/UR5e_Vision_Assemble/install/ur5e_gripper_description' for CMake module files
[1.373s] Level 1:colcon.colcon_core.environment:checking '/home/xiaobaige/UR5e_Vision_Assemble/install/ur5e_gripper_description' for CMake config files
[1.373s] Level 1:colcon.colcon_core.shell:create_environment_hook('ur5e_gripper_description', 'cmake_prefix_path')
[1.383s] INFO:colcon.colcon_core.shell:Creating environment hook '/home/xiaobaige/UR5e_Vision_Assemble/install/ur5e_gripper_description/share/ur5e_gripper_description/hook/cmake_prefix_path.ps1'
[1.384s] INFO:colcon.colcon_core.shell:Creating environment descriptor '/home/xiaobaige/UR5e_Vision_Assemble/install/ur5e_gripper_description/share/ur5e_gripper_description/hook/cmake_prefix_path.dsv'
[1.384s] INFO:colcon.colcon_core.shell:Creating environment hook '/home/xiaobaige/UR5e_Vision_Assemble/install/ur5e_gripper_description/share/ur5e_gripper_description/hook/cmake_prefix_path.sh'
[1.384s] Level 1:colcon.colcon_core.environment:checking '/home/xiaobaige/UR5e_Vision_Assemble/install/ur5e_gripper_description/bin'
[1.384s] Level 1:colcon.colcon_core.environment:checking '/home/xiaobaige/UR5e_Vision_Assemble/install/ur5e_gripper_description/lib/pkgconfig/ur5e_gripper_description.pc'
[1.384s] Level 1:colcon.colcon_core.environment:checking '/home/xiaobaige/UR5e_Vision_Assemble/install/ur5e_gripper_description/lib/python3.10/site-packages'
[1.384s] Level 1:colcon.colcon_core.environment:checking '/home/xiaobaige/UR5e_Vision_Assemble/install/ur5e_gripper_description/bin'
[1.393s] INFO:colcon.colcon_core.shell:Creating package script '/home/xiaobaige/UR5e_Vision_Assemble/install/ur5e_gripper_description/share/ur5e_gripper_description/package.ps1'
[1.393s] INFO:colcon.colcon_core.shell:Creating package descriptor '/home/xiaobaige/UR5e_Vision_Assemble/install/ur5e_gripper_description/share/ur5e_gripper_description/package.dsv'
[1.393s] INFO:colcon.colcon_core.shell:Creating package script '/home/xiaobaige/UR5e_Vision_Assemble/install/ur5e_gripper_description/share/ur5e_gripper_description/package.sh'
[1.393s] INFO:colcon.colcon_core.shell:Creating package script '/home/xiaobaige/UR5e_Vision_Assemble/install/ur5e_gripper_description/share/ur5e_gripper_description/package.bash'
[1.393s] INFO:colcon.colcon_core.shell:Creating package script '/home/xiaobaige/UR5e_Vision_Assemble/install/ur5e_gripper_description/share/ur5e_gripper_description/package.zsh'
[1.393s] Level 1:colcon.colcon_core.environment:create_file_with_runtime_dependencies(/home/xiaobaige/UR5e_Vision_Assemble/install/ur5e_gripper_description/share/colcon-core/packages/ur5e_gripper_description)
[1.394s] DEBUG:colcon.colcon_parallel_executor.executor.parallel:closing loop
[1.394s] DEBUG:colcon.colcon_parallel_executor.executor.parallel:loop closed
[1.394s] DEBUG:colcon.colcon_parallel_executor.executor.parallel:run_until_complete finished with '0'
[1.394s] DEBUG:colcon.colcon_core.event_reactor:joining thread
[1.405s] INFO:colcon.colcon_core.plugin_system:Skipping extension 'colcon_notification.desktop_notification.terminal_notifier': Not used on non-Darwin systems
[1.405s] INFO:colcon.colcon_core.plugin_system:Skipping extension 'colcon_notification.desktop_notification.win32': Not used on non-Windows systems
[1.405s] INFO:colcon.colcon_notification.desktop_notification:Sending desktop notification using 'notify2'
[1.413s] DEBUG:colcon.colcon_core.event_reactor:joined thread
[1.422s] INFO:colcon.colcon_core.shell:Creating prefix script '/home/xiaobaige/UR5e_Vision_Assemble/install/local_setup.ps1'
[1.423s] INFO:colcon.colcon_core.shell:Creating prefix util module '/home/xiaobaige/UR5e_Vision_Assemble/install/_local_setup_util_ps1.py'
[1.424s] INFO:colcon.colcon_core.shell:Creating prefix chain script '/home/xiaobaige/UR5e_Vision_Assemble/install/setup.ps1'
[1.432s] INFO:colcon.colcon_core.shell:Creating prefix script '/home/xiaobaige/UR5e_Vision_Assemble/install/local_setup.sh'
[1.433s] INFO:colcon.colcon_core.shell:Creating prefix util module '/home/xiaobaige/UR5e_Vision_Assemble/install/_local_setup_util_sh.py'
[1.433s] INFO:colcon.colcon_core.shell:Creating prefix chain script '/home/xiaobaige/UR5e_Vision_Assemble/install/setup.sh'
[1.441s] INFO:colcon.colcon_core.shell:Creating prefix script '/home/xiaobaige/UR5e_Vision_Assemble/install/local_setup.bash'
[1.442s] INFO:colcon.colcon_core.shell:Creating prefix chain script '/home/xiaobaige/UR5e_Vision_Assemble/install/setup.bash'
[1.450s] INFO:colcon.colcon_core.shell:Creating prefix script '/home/xiaobaige/UR5e_Vision_Assemble/install/local_setup.zsh'
[1.450s] INFO:colcon.colcon_core.shell:Creating prefix chain script '/home/xiaobaige/UR5e_Vision_Assemble/install/setup.zsh'
