-- Install configuration: ""
-- Up-to-date: /home/xiaobaige/UR5e_Vision_Assemble/install/ur_description/share/ur_description/config
-- Up-to-date: /home/xiaobaige/UR5e_Vision_Assemble/install/ur_description/share/ur_description/config/ur3e
-- Up-to-date: /home/xiaobaige/UR5e_Vision_Assemble/install/ur_description/share/ur_description/config/ur3e/physical_parameters.yaml
-- Up-to-date: /home/xiaobaige/UR5e_Vision_Assemble/install/ur_description/share/ur_description/config/ur3e/joint_limits.yaml
-- Up-to-date: /home/xiaobaige/UR5e_Vision_Assemble/install/ur_description/share/ur_description/config/ur3e/visual_parameters.yaml
-- Up-to-date: /home/xiaobaige/UR5e_Vision_Assemble/install/ur_description/share/ur_description/config/ur3e/default_kinematics.yaml
-- Up-to-date: /home/xiaobaige/UR5e_Vision_Assemble/install/ur_description/share/ur_description/config/initial_positions.yaml
-- Up-to-date: /home/xiaobaige/UR5e_Vision_Assemble/install/ur_description/share/ur_description/config/ur10
-- Up-to-date: /home/xiaobaige/UR5e_Vision_Assemble/install/ur_description/share/ur_description/config/ur10/physical_parameters.yaml
-- Up-to-date: /home/xiaobaige/UR5e_Vision_Assemble/install/ur_description/share/ur_description/config/ur10/joint_limits.yaml
-- Up-to-date: /home/xiaobaige/UR5e_Vision_Assemble/install/ur_description/share/ur_description/config/ur10/visual_parameters.yaml
-- Up-to-date: /home/xiaobaige/UR5e_Vision_Assemble/install/ur_description/share/ur_description/config/ur10/default_kinematics.yaml
-- Up-to-date: /home/xiaobaige/UR5e_Vision_Assemble/install/ur_description/share/ur_description/config/ur16e
-- Up-to-date: /home/xiaobaige/UR5e_Vision_Assemble/install/ur_description/share/ur_description/config/ur16e/physical_parameters.yaml
-- Up-to-date: /home/xiaobaige/UR5e_Vision_Assemble/install/ur_description/share/ur_description/config/ur16e/joint_limits.yaml
-- Up-to-date: /home/xiaobaige/UR5e_Vision_Assemble/install/ur_description/share/ur_description/config/ur16e/visual_parameters.yaml
-- Up-to-date: /home/xiaobaige/UR5e_Vision_Assemble/install/ur_description/share/ur_description/config/ur16e/default_kinematics.yaml
-- Up-to-date: /home/xiaobaige/UR5e_Vision_Assemble/install/ur_description/share/ur_description/config/ur3
-- Up-to-date: /home/xiaobaige/UR5e_Vision_Assemble/install/ur_description/share/ur_description/config/ur3/physical_parameters.yaml
-- Up-to-date: /home/xiaobaige/UR5e_Vision_Assemble/install/ur_description/share/ur_description/config/ur3/joint_limits.yaml
-- Up-to-date: /home/xiaobaige/UR5e_Vision_Assemble/install/ur_description/share/ur_description/config/ur3/visual_parameters.yaml
-- Up-to-date: /home/xiaobaige/UR5e_Vision_Assemble/install/ur_description/share/ur_description/config/ur3/default_kinematics.yaml
-- Up-to-date: /home/xiaobaige/UR5e_Vision_Assemble/install/ur_description/share/ur_description/config/ur5e
-- Up-to-date: /home/xiaobaige/UR5e_Vision_Assemble/install/ur_description/share/ur_description/config/ur5e/physical_parameters.yaml
-- Up-to-date: /home/xiaobaige/UR5e_Vision_Assemble/install/ur_description/share/ur_description/config/ur5e/joint_limits.yaml
-- Up-to-date: /home/xiaobaige/UR5e_Vision_Assemble/install/ur_description/share/ur_description/config/ur5e/visual_parameters.yaml
-- Up-to-date: /home/xiaobaige/UR5e_Vision_Assemble/install/ur_description/share/ur_description/config/ur5e/default_kinematics.yaml
-- Up-to-date: /home/xiaobaige/UR5e_Vision_Assemble/install/ur_description/share/ur_description/config/ur20
-- Up-to-date: /home/xiaobaige/UR5e_Vision_Assemble/install/ur_description/share/ur_description/config/ur20/physical_parameters.yaml
-- Up-to-date: /home/xiaobaige/UR5e_Vision_Assemble/install/ur_description/share/ur_description/config/ur20/joint_limits.yaml
-- Up-to-date: /home/xiaobaige/UR5e_Vision_Assemble/install/ur_description/share/ur_description/config/ur20/visual_parameters.yaml
-- Up-to-date: /home/xiaobaige/UR5e_Vision_Assemble/install/ur_description/share/ur_description/config/ur20/default_kinematics.yaml
-- Up-to-date: /home/xiaobaige/UR5e_Vision_Assemble/install/ur_description/share/ur_description/config/ur10e
-- Up-to-date: /home/xiaobaige/UR5e_Vision_Assemble/install/ur_description/share/ur_description/config/ur10e/physical_parameters.yaml
-- Up-to-date: /home/xiaobaige/UR5e_Vision_Assemble/install/ur_description/share/ur_description/config/ur10e/joint_limits.yaml
-- Up-to-date: /home/xiaobaige/UR5e_Vision_Assemble/install/ur_description/share/ur_description/config/ur10e/visual_parameters.yaml
-- Up-to-date: /home/xiaobaige/UR5e_Vision_Assemble/install/ur_description/share/ur_description/config/ur10e/default_kinematics.yaml
-- Up-to-date: /home/xiaobaige/UR5e_Vision_Assemble/install/ur_description/share/ur_description/config/ur5
-- Up-to-date: /home/xiaobaige/UR5e_Vision_Assemble/install/ur_description/share/ur_description/config/ur5/physical_parameters.yaml
-- Up-to-date: /home/xiaobaige/UR5e_Vision_Assemble/install/ur_description/share/ur_description/config/ur5/joint_limits.yaml
-- Up-to-date: /home/xiaobaige/UR5e_Vision_Assemble/install/ur_description/share/ur_description/config/ur5/visual_parameters.yaml
-- Up-to-date: /home/xiaobaige/UR5e_Vision_Assemble/install/ur_description/share/ur_description/config/ur5/default_kinematics.yaml
-- Up-to-date: /home/xiaobaige/UR5e_Vision_Assemble/install/ur_description/share/ur_description/launch
-- Up-to-date: /home/xiaobaige/UR5e_Vision_Assemble/install/ur_description/share/ur_description/launch/view_ur.launch.py
-- Up-to-date: /home/xiaobaige/UR5e_Vision_Assemble/install/ur_description/share/ur_description/meshes
-- Up-to-date: /home/xiaobaige/UR5e_Vision_Assemble/install/ur_description/share/ur_description/meshes/ur3e
-- Up-to-date: /home/xiaobaige/UR5e_Vision_Assemble/install/ur_description/share/ur_description/meshes/ur3e/visual
-- Up-to-date: /home/xiaobaige/UR5e_Vision_Assemble/install/ur_description/share/ur_description/meshes/ur3e/visual/base.dae
-- Up-to-date: /home/xiaobaige/UR5e_Vision_Assemble/install/ur_description/share/ur_description/meshes/ur3e/visual/forearm.dae
-- Up-to-date: /home/xiaobaige/UR5e_Vision_Assemble/install/ur_description/share/ur_description/meshes/ur3e/visual/upperarm.dae
-- Up-to-date: /home/xiaobaige/UR5e_Vision_Assemble/install/ur_description/share/ur_description/meshes/ur3e/visual/wrist2.dae
-- Up-to-date: /home/xiaobaige/UR5e_Vision_Assemble/install/ur_description/share/ur_description/meshes/ur3e/visual/shoulder.dae
-- Up-to-date: /home/xiaobaige/UR5e_Vision_Assemble/install/ur_description/share/ur_description/meshes/ur3e/visual/wrist3.dae
-- Up-to-date: /home/xiaobaige/UR5e_Vision_Assemble/install/ur_description/share/ur_description/meshes/ur3e/visual/wrist1.dae
-- Up-to-date: /home/xiaobaige/UR5e_Vision_Assemble/install/ur_description/share/ur_description/meshes/ur3e/collision
-- Up-to-date: /home/xiaobaige/UR5e_Vision_Assemble/install/ur_description/share/ur_description/meshes/ur3e/collision/base.stl
-- Up-to-date: /home/xiaobaige/UR5e_Vision_Assemble/install/ur_description/share/ur_description/meshes/ur3e/collision/shoulder.stl
-- Up-to-date: /home/xiaobaige/UR5e_Vision_Assemble/install/ur_description/share/ur_description/meshes/ur3e/collision/wrist3.stl
-- Up-to-date: /home/xiaobaige/UR5e_Vision_Assemble/install/ur_description/share/ur_description/meshes/ur3e/collision/forearm.stl
-- Up-to-date: /home/xiaobaige/UR5e_Vision_Assemble/install/ur_description/share/ur_description/meshes/ur3e/collision/wrist2.stl
-- Up-to-date: /home/xiaobaige/UR5e_Vision_Assemble/install/ur_description/share/ur_description/meshes/ur3e/collision/wrist1.stl
-- Up-to-date: /home/xiaobaige/UR5e_Vision_Assemble/install/ur_description/share/ur_description/meshes/ur3e/collision/upperarm.stl
-- Up-to-date: /home/xiaobaige/UR5e_Vision_Assemble/install/ur_description/share/ur_description/meshes/ur10
-- Up-to-date: /home/xiaobaige/UR5e_Vision_Assemble/install/ur_description/share/ur_description/meshes/ur10/visual
-- Up-to-date: /home/xiaobaige/UR5e_Vision_Assemble/install/ur_description/share/ur_description/meshes/ur10/visual/base.dae
-- Up-to-date: /home/xiaobaige/UR5e_Vision_Assemble/install/ur_description/share/ur_description/meshes/ur10/visual/forearm.dae
-- Up-to-date: /home/xiaobaige/UR5e_Vision_Assemble/install/ur_description/share/ur_description/meshes/ur10/visual/upperarm.dae
-- Up-to-date: /home/xiaobaige/UR5e_Vision_Assemble/install/ur_description/share/ur_description/meshes/ur10/visual/wrist2.dae
-- Up-to-date: /home/xiaobaige/UR5e_Vision_Assemble/install/ur_description/share/ur_description/meshes/ur10/visual/shoulder.dae
-- Up-to-date: /home/xiaobaige/UR5e_Vision_Assemble/install/ur_description/share/ur_description/meshes/ur10/visual/wrist3.dae
-- Up-to-date: /home/xiaobaige/UR5e_Vision_Assemble/install/ur_description/share/ur_description/meshes/ur10/visual/wrist1.dae
-- Up-to-date: /home/xiaobaige/UR5e_Vision_Assemble/install/ur_description/share/ur_description/meshes/ur10/collision
-- Up-to-date: /home/xiaobaige/UR5e_Vision_Assemble/install/ur_description/share/ur_description/meshes/ur10/collision/base.stl
-- Up-to-date: /home/xiaobaige/UR5e_Vision_Assemble/install/ur_description/share/ur_description/meshes/ur10/collision/shoulder.stl
-- Up-to-date: /home/xiaobaige/UR5e_Vision_Assemble/install/ur_description/share/ur_description/meshes/ur10/collision/wrist3.stl
-- Up-to-date: /home/xiaobaige/UR5e_Vision_Assemble/install/ur_description/share/ur_description/meshes/ur10/collision/forearm.stl
-- Up-to-date: /home/xiaobaige/UR5e_Vision_Assemble/install/ur_description/share/ur_description/meshes/ur10/collision/wrist2.stl
-- Up-to-date: /home/xiaobaige/UR5e_Vision_Assemble/install/ur_description/share/ur_description/meshes/ur10/collision/wrist1.stl
-- Up-to-date: /home/xiaobaige/UR5e_Vision_Assemble/install/ur_description/share/ur_description/meshes/ur10/collision/upperarm.stl
-- Up-to-date: /home/xiaobaige/UR5e_Vision_Assemble/install/ur_description/share/ur_description/meshes/ur16e
-- Up-to-date: /home/xiaobaige/UR5e_Vision_Assemble/install/ur_description/share/ur_description/meshes/ur16e/visual
-- Up-to-date: /home/xiaobaige/UR5e_Vision_Assemble/install/ur_description/share/ur_description/meshes/ur16e/visual/forearm.dae
-- Up-to-date: /home/xiaobaige/UR5e_Vision_Assemble/install/ur_description/share/ur_description/meshes/ur16e/visual/upperarm.dae
-- Up-to-date: /home/xiaobaige/UR5e_Vision_Assemble/install/ur_description/share/ur_description/meshes/ur16e/collision
-- Up-to-date: /home/xiaobaige/UR5e_Vision_Assemble/install/ur_description/share/ur_description/meshes/ur16e/collision/forearm.stl
-- Up-to-date: /home/xiaobaige/UR5e_Vision_Assemble/install/ur_description/share/ur_description/meshes/ur16e/collision/upperarm.stl
-- Up-to-date: /home/xiaobaige/UR5e_Vision_Assemble/install/ur_description/share/ur_description/meshes/ur3
-- Up-to-date: /home/xiaobaige/UR5e_Vision_Assemble/install/ur_description/share/ur_description/meshes/ur3/visual
-- Up-to-date: /home/xiaobaige/UR5e_Vision_Assemble/install/ur_description/share/ur_description/meshes/ur3/visual/base.dae
-- Up-to-date: /home/xiaobaige/UR5e_Vision_Assemble/install/ur_description/share/ur_description/meshes/ur3/visual/forearm.dae
-- Up-to-date: /home/xiaobaige/UR5e_Vision_Assemble/install/ur_description/share/ur_description/meshes/ur3/visual/upperarm.dae
-- Up-to-date: /home/xiaobaige/UR5e_Vision_Assemble/install/ur_description/share/ur_description/meshes/ur3/visual/wrist2.dae
-- Up-to-date: /home/xiaobaige/UR5e_Vision_Assemble/install/ur_description/share/ur_description/meshes/ur3/visual/shoulder.dae
-- Up-to-date: /home/xiaobaige/UR5e_Vision_Assemble/install/ur_description/share/ur_description/meshes/ur3/visual/wrist3.dae
-- Up-to-date: /home/xiaobaige/UR5e_Vision_Assemble/install/ur_description/share/ur_description/meshes/ur3/visual/wrist1.dae
-- Up-to-date: /home/xiaobaige/UR5e_Vision_Assemble/install/ur_description/share/ur_description/meshes/ur3/collision
-- Up-to-date: /home/xiaobaige/UR5e_Vision_Assemble/install/ur_description/share/ur_description/meshes/ur3/collision/base.stl
-- Up-to-date: /home/xiaobaige/UR5e_Vision_Assemble/install/ur_description/share/ur_description/meshes/ur3/collision/shoulder.stl
-- Up-to-date: /home/xiaobaige/UR5e_Vision_Assemble/install/ur_description/share/ur_description/meshes/ur3/collision/wrist3.stl
-- Up-to-date: /home/xiaobaige/UR5e_Vision_Assemble/install/ur_description/share/ur_description/meshes/ur3/collision/forearm.stl
-- Up-to-date: /home/xiaobaige/UR5e_Vision_Assemble/install/ur_description/share/ur_description/meshes/ur3/collision/wrist2.stl
-- Up-to-date: /home/xiaobaige/UR5e_Vision_Assemble/install/ur_description/share/ur_description/meshes/ur3/collision/wrist1.stl
-- Up-to-date: /home/xiaobaige/UR5e_Vision_Assemble/install/ur_description/share/ur_description/meshes/ur3/collision/upperarm.stl
-- Up-to-date: /home/xiaobaige/UR5e_Vision_Assemble/install/ur_description/share/ur_description/meshes/ur5e
-- Up-to-date: /home/xiaobaige/UR5e_Vision_Assemble/install/ur_description/share/ur_description/meshes/ur5e/visual
-- Up-to-date: /home/xiaobaige/UR5e_Vision_Assemble/install/ur_description/share/ur_description/meshes/ur5e/visual/base.dae
-- Up-to-date: /home/xiaobaige/UR5e_Vision_Assemble/install/ur_description/share/ur_description/meshes/ur5e/visual/forearm.dae
-- Up-to-date: /home/xiaobaige/UR5e_Vision_Assemble/install/ur_description/share/ur_description/meshes/ur5e/visual/upperarm.dae
-- Up-to-date: /home/xiaobaige/UR5e_Vision_Assemble/install/ur_description/share/ur_description/meshes/ur5e/visual/wrist2.dae
-- Up-to-date: /home/xiaobaige/UR5e_Vision_Assemble/install/ur_description/share/ur_description/meshes/ur5e/visual/shoulder.dae
-- Up-to-date: /home/xiaobaige/UR5e_Vision_Assemble/install/ur_description/share/ur_description/meshes/ur5e/visual/wrist3.dae
-- Up-to-date: /home/xiaobaige/UR5e_Vision_Assemble/install/ur_description/share/ur_description/meshes/ur5e/visual/wrist1.dae
-- Up-to-date: /home/xiaobaige/UR5e_Vision_Assemble/install/ur_description/share/ur_description/meshes/ur5e/collision
-- Up-to-date: /home/xiaobaige/UR5e_Vision_Assemble/install/ur_description/share/ur_description/meshes/ur5e/collision/base.stl
-- Up-to-date: /home/xiaobaige/UR5e_Vision_Assemble/install/ur_description/share/ur_description/meshes/ur5e/collision/shoulder.stl
-- Up-to-date: /home/xiaobaige/UR5e_Vision_Assemble/install/ur_description/share/ur_description/meshes/ur5e/collision/wrist3.stl
-- Up-to-date: /home/xiaobaige/UR5e_Vision_Assemble/install/ur_description/share/ur_description/meshes/ur5e/collision/forearm.stl
-- Up-to-date: /home/xiaobaige/UR5e_Vision_Assemble/install/ur_description/share/ur_description/meshes/ur5e/collision/wrist2.stl
-- Up-to-date: /home/xiaobaige/UR5e_Vision_Assemble/install/ur_description/share/ur_description/meshes/ur5e/collision/wrist1.stl
-- Up-to-date: /home/xiaobaige/UR5e_Vision_Assemble/install/ur_description/share/ur_description/meshes/ur5e/collision/upperarm.stl
-- Up-to-date: /home/xiaobaige/UR5e_Vision_Assemble/install/ur_description/share/ur_description/meshes/ur20
-- Up-to-date: /home/xiaobaige/UR5e_Vision_Assemble/install/ur_description/share/ur_description/meshes/ur20/LICENSE.txt
-- Up-to-date: /home/xiaobaige/UR5e_Vision_Assemble/install/ur_description/share/ur_description/meshes/ur20/visual
-- Up-to-date: /home/xiaobaige/UR5e_Vision_Assemble/install/ur_description/share/ur_description/meshes/ur20/visual/base.dae
-- Up-to-date: /home/xiaobaige/UR5e_Vision_Assemble/install/ur_description/share/ur_description/meshes/ur20/visual/forearm.dae
-- Up-to-date: /home/xiaobaige/UR5e_Vision_Assemble/install/ur_description/share/ur_description/meshes/ur20/visual/upperarm.dae
-- Up-to-date: /home/xiaobaige/UR5e_Vision_Assemble/install/ur_description/share/ur_description/meshes/ur20/visual/wrist2.dae
-- Up-to-date: /home/xiaobaige/UR5e_Vision_Assemble/install/ur_description/share/ur_description/meshes/ur20/visual/shoulder.dae
-- Up-to-date: /home/xiaobaige/UR5e_Vision_Assemble/install/ur_description/share/ur_description/meshes/ur20/visual/wrist3.dae
-- Up-to-date: /home/xiaobaige/UR5e_Vision_Assemble/install/ur_description/share/ur_description/meshes/ur20/visual/UR20_DIFF_8bit_2K.png
-- Up-to-date: /home/xiaobaige/UR5e_Vision_Assemble/install/ur_description/share/ur_description/meshes/ur20/visual/wrist1.dae
-- Up-to-date: /home/xiaobaige/UR5e_Vision_Assemble/install/ur_description/share/ur_description/meshes/ur20/collision
-- Up-to-date: /home/xiaobaige/UR5e_Vision_Assemble/install/ur_description/share/ur_description/meshes/ur20/collision/base.stl
-- Up-to-date: /home/xiaobaige/UR5e_Vision_Assemble/install/ur_description/share/ur_description/meshes/ur20/collision/shoulder.stl
-- Up-to-date: /home/xiaobaige/UR5e_Vision_Assemble/install/ur_description/share/ur_description/meshes/ur20/collision/wrist3.stl
-- Up-to-date: /home/xiaobaige/UR5e_Vision_Assemble/install/ur_description/share/ur_description/meshes/ur20/collision/forearm.stl
-- Up-to-date: /home/xiaobaige/UR5e_Vision_Assemble/install/ur_description/share/ur_description/meshes/ur20/collision/wrist2.stl
-- Up-to-date: /home/xiaobaige/UR5e_Vision_Assemble/install/ur_description/share/ur_description/meshes/ur20/collision/wrist1.stl
-- Up-to-date: /home/xiaobaige/UR5e_Vision_Assemble/install/ur_description/share/ur_description/meshes/ur20/collision/upperarm.stl
-- Up-to-date: /home/xiaobaige/UR5e_Vision_Assemble/install/ur_description/share/ur_description/meshes/ur10e
-- Up-to-date: /home/xiaobaige/UR5e_Vision_Assemble/install/ur_description/share/ur_description/meshes/ur10e/visual
-- Up-to-date: /home/xiaobaige/UR5e_Vision_Assemble/install/ur_description/share/ur_description/meshes/ur10e/visual/base.dae
-- Up-to-date: /home/xiaobaige/UR5e_Vision_Assemble/install/ur_description/share/ur_description/meshes/ur10e/visual/forearm.dae
-- Up-to-date: /home/xiaobaige/UR5e_Vision_Assemble/install/ur_description/share/ur_description/meshes/ur10e/visual/upperarm.dae
-- Up-to-date: /home/xiaobaige/UR5e_Vision_Assemble/install/ur_description/share/ur_description/meshes/ur10e/visual/wrist2.dae
-- Up-to-date: /home/xiaobaige/UR5e_Vision_Assemble/install/ur_description/share/ur_description/meshes/ur10e/visual/shoulder.dae
-- Up-to-date: /home/xiaobaige/UR5e_Vision_Assemble/install/ur_description/share/ur_description/meshes/ur10e/visual/wrist3.dae
-- Up-to-date: /home/xiaobaige/UR5e_Vision_Assemble/install/ur_description/share/ur_description/meshes/ur10e/visual/wrist1.dae
-- Up-to-date: /home/xiaobaige/UR5e_Vision_Assemble/install/ur_description/share/ur_description/meshes/ur10e/collision
-- Up-to-date: /home/xiaobaige/UR5e_Vision_Assemble/install/ur_description/share/ur_description/meshes/ur10e/collision/base.stl
-- Up-to-date: /home/xiaobaige/UR5e_Vision_Assemble/install/ur_description/share/ur_description/meshes/ur10e/collision/shoulder.stl
-- Up-to-date: /home/xiaobaige/UR5e_Vision_Assemble/install/ur_description/share/ur_description/meshes/ur10e/collision/wrist3.stl
-- Up-to-date: /home/xiaobaige/UR5e_Vision_Assemble/install/ur_description/share/ur_description/meshes/ur10e/collision/forearm.stl
-- Up-to-date: /home/xiaobaige/UR5e_Vision_Assemble/install/ur_description/share/ur_description/meshes/ur10e/collision/wrist2.stl
-- Up-to-date: /home/xiaobaige/UR5e_Vision_Assemble/install/ur_description/share/ur_description/meshes/ur10e/collision/wrist1.stl
-- Up-to-date: /home/xiaobaige/UR5e_Vision_Assemble/install/ur_description/share/ur_description/meshes/ur10e/collision/upperarm.stl
-- Up-to-date: /home/xiaobaige/UR5e_Vision_Assemble/install/ur_description/share/ur_description/meshes/ur5
-- Up-to-date: /home/xiaobaige/UR5e_Vision_Assemble/install/ur_description/share/ur_description/meshes/ur5/visual
-- Up-to-date: /home/xiaobaige/UR5e_Vision_Assemble/install/ur_description/share/ur_description/meshes/ur5/visual/base.dae
-- Up-to-date: /home/xiaobaige/UR5e_Vision_Assemble/install/ur_description/share/ur_description/meshes/ur5/visual/forearm.dae
-- Up-to-date: /home/xiaobaige/UR5e_Vision_Assemble/install/ur_description/share/ur_description/meshes/ur5/visual/upperarm.dae
-- Up-to-date: /home/xiaobaige/UR5e_Vision_Assemble/install/ur_description/share/ur_description/meshes/ur5/visual/wrist2.dae
-- Up-to-date: /home/xiaobaige/UR5e_Vision_Assemble/install/ur_description/share/ur_description/meshes/ur5/visual/shoulder.dae
-- Up-to-date: /home/xiaobaige/UR5e_Vision_Assemble/install/ur_description/share/ur_description/meshes/ur5/visual/wrist3.dae
-- Up-to-date: /home/xiaobaige/UR5e_Vision_Assemble/install/ur_description/share/ur_description/meshes/ur5/visual/wrist1.dae
-- Up-to-date: /home/xiaobaige/UR5e_Vision_Assemble/install/ur_description/share/ur_description/meshes/ur5/collision
-- Up-to-date: /home/xiaobaige/UR5e_Vision_Assemble/install/ur_description/share/ur_description/meshes/ur5/collision/base.stl
-- Up-to-date: /home/xiaobaige/UR5e_Vision_Assemble/install/ur_description/share/ur_description/meshes/ur5/collision/shoulder.stl
-- Up-to-date: /home/xiaobaige/UR5e_Vision_Assemble/install/ur_description/share/ur_description/meshes/ur5/collision/wrist3.stl
-- Up-to-date: /home/xiaobaige/UR5e_Vision_Assemble/install/ur_description/share/ur_description/meshes/ur5/collision/forearm.stl
-- Up-to-date: /home/xiaobaige/UR5e_Vision_Assemble/install/ur_description/share/ur_description/meshes/ur5/collision/wrist2.stl
-- Up-to-date: /home/xiaobaige/UR5e_Vision_Assemble/install/ur_description/share/ur_description/meshes/ur5/collision/wrist1.stl
-- Up-to-date: /home/xiaobaige/UR5e_Vision_Assemble/install/ur_description/share/ur_description/meshes/ur5/collision/upperarm.stl
-- Up-to-date: /home/xiaobaige/UR5e_Vision_Assemble/install/ur_description/share/ur_description/rviz
-- Up-to-date: /home/xiaobaige/UR5e_Vision_Assemble/install/ur_description/share/ur_description/rviz/view_robot.rviz
-- Up-to-date: /home/xiaobaige/UR5e_Vision_Assemble/install/ur_description/share/ur_description/urdf
-- Up-to-date: /home/xiaobaige/UR5e_Vision_Assemble/install/ur_description/share/ur_description/urdf/ur.urdf.xacro
-- Up-to-date: /home/xiaobaige/UR5e_Vision_Assemble/install/ur_description/share/ur_description/urdf/ur_macro.xacro
-- Up-to-date: /home/xiaobaige/UR5e_Vision_Assemble/install/ur_description/share/ur_description/urdf/ur.ros2_control.xacro
-- Up-to-date: /home/xiaobaige/UR5e_Vision_Assemble/install/ur_description/share/ur_description/urdf/inc
-- Up-to-date: /home/xiaobaige/UR5e_Vision_Assemble/install/ur_description/share/ur_description/urdf/inc/ur_transmissions.xacro
-- Up-to-date: /home/xiaobaige/UR5e_Vision_Assemble/install/ur_description/share/ur_description/urdf/inc/ur_common.xacro
-- Up-to-date: /home/xiaobaige/UR5e_Vision_Assemble/install/ur_description/share/ur_description/test
-- Up-to-date: /home/xiaobaige/UR5e_Vision_Assemble/install/ur_description/share/ur_description/test/test_ur_urdf_xacro.py
-- Up-to-date: /home/xiaobaige/UR5e_Vision_Assemble/install/ur_description/share/ur_description/test/test_view_ur_launch.py
-- Up-to-date: /home/xiaobaige/UR5e_Vision_Assemble/install/ur_description/share/ament_index/resource_index/package_run_dependencies/ur_description
-- Up-to-date: /home/xiaobaige/UR5e_Vision_Assemble/install/ur_description/share/ament_index/resource_index/parent_prefix_path/ur_description
-- Up-to-date: /home/xiaobaige/UR5e_Vision_Assemble/install/ur_description/share/ur_description/environment/ament_prefix_path.sh
-- Up-to-date: /home/xiaobaige/UR5e_Vision_Assemble/install/ur_description/share/ur_description/environment/ament_prefix_path.dsv
-- Up-to-date: /home/xiaobaige/UR5e_Vision_Assemble/install/ur_description/share/ur_description/environment/path.sh
-- Up-to-date: /home/xiaobaige/UR5e_Vision_Assemble/install/ur_description/share/ur_description/environment/path.dsv
-- Up-to-date: /home/xiaobaige/UR5e_Vision_Assemble/install/ur_description/share/ur_description/local_setup.bash
-- Up-to-date: /home/xiaobaige/UR5e_Vision_Assemble/install/ur_description/share/ur_description/local_setup.sh
-- Up-to-date: /home/xiaobaige/UR5e_Vision_Assemble/install/ur_description/share/ur_description/local_setup.zsh
-- Up-to-date: /home/xiaobaige/UR5e_Vision_Assemble/install/ur_description/share/ur_description/local_setup.dsv
-- Installing: /home/xiaobaige/UR5e_Vision_Assemble/install/ur_description/share/ur_description/package.dsv
-- Up-to-date: /home/xiaobaige/UR5e_Vision_Assemble/install/ur_description/share/ament_index/resource_index/packages/ur_description
-- Up-to-date: /home/xiaobaige/UR5e_Vision_Assemble/install/ur_description/share/ur_description/cmake/ur_descriptionConfig.cmake
-- Up-to-date: /home/xiaobaige/UR5e_Vision_Assemble/install/ur_description/share/ur_description/cmake/ur_descriptionConfig-version.cmake
-- Up-to-date: /home/xiaobaige/UR5e_Vision_Assemble/install/ur_description/share/ur_description/package.xml
