[0.072s] Invoking command in '/home/xiaobaige/UR5e_Vision_Assemble/build/ur5e_gripper_description': CMAKE_PREFIX_PATH=${CMAKE_PREFIX_PATH}:/opt/ros/humble /usr/bin/cmake --build /home/xiaobaige/UR5e_Vision_Assemble/build/ur5e_gripper_description -- -j24 -l24
[0.121s] Invoked command in '/home/xiaobaige/UR5e_Vision_Assemble/build/ur5e_gripper_description' returned '0': CMAKE_PREFIX_PATH=${CMAKE_PREFIX_PATH}:/opt/ros/humble /usr/bin/cmake --build /home/xiaobaige/UR5e_Vision_Assemble/build/ur5e_gripper_description -- -j24 -l24
[0.134s] Invoking command in '/home/xiaobaige/UR5e_Vision_Assemble/build/ur5e_gripper_description': CMAKE_PREFIX_PATH=${CMAKE_PREFIX_PATH}:/opt/ros/humble /usr/bin/cmake --install /home/xiaobaige/UR5e_Vision_Assemble/build/ur5e_gripper_description
[0.138s] -- Install configuration: ""
[0.138s] -- Execute custom install script
[0.138s] -- Up-to-date symlink: /home/xiaobaige/UR5e_Vision_Assemble/install/ur5e_gripper_description/share/ur5e_gripper_description/config/ur5e_gripper_controllers.yaml
[0.139s] -- Symlinking: /home/xiaobaige/UR5e_Vision_Assemble/install/ur5e_gripper_description/share/ur5e_gripper_description/launch/gazebo_ur5e_gripper.launch.py
[0.145s] -- Up-to-date symlink: /home/xiaobaige/UR5e_Vision_Assemble/install/ur5e_gripper_description/share/ur5e_gripper_description/launch/view_ur5e_gripper.launch.py
[0.145s] -- Up-to-date symlink: /home/xiaobaige/UR5e_Vision_Assemble/install/ur5e_gripper_description/share/ur5e_gripper_description/urdf/ur5e_gripper.urdf.xacro
[0.145s] -- Up-to-date symlink: /home/xiaobaige/UR5e_Vision_Assemble/install/ur5e_gripper_description/share/ur5e_gripper_description/rviz/view_ur5e_gripper.rviz
[0.145s] -- Up-to-date symlink: /home/xiaobaige/UR5e_Vision_Assemble/install/ur5e_gripper_description/share/ament_index/resource_index/package_run_dependencies/ur5e_gripper_description
[0.145s] -- Up-to-date symlink: /home/xiaobaige/UR5e_Vision_Assemble/install/ur5e_gripper_description/share/ament_index/resource_index/parent_prefix_path/ur5e_gripper_description
[0.146s] -- Up-to-date symlink: /home/xiaobaige/UR5e_Vision_Assemble/install/ur5e_gripper_description/share/ur5e_gripper_description/environment/ament_prefix_path.sh
[0.146s] -- Up-to-date symlink: /home/xiaobaige/UR5e_Vision_Assemble/install/ur5e_gripper_description/share/ur5e_gripper_description/environment/ament_prefix_path.dsv
[0.146s] -- Up-to-date symlink: /home/xiaobaige/UR5e_Vision_Assemble/install/ur5e_gripper_description/share/ur5e_gripper_description/environment/path.sh
[0.146s] -- Up-to-date symlink: /home/xiaobaige/UR5e_Vision_Assemble/install/ur5e_gripper_description/share/ur5e_gripper_description/environment/path.dsv
[0.146s] -- Up-to-date symlink: /home/xiaobaige/UR5e_Vision_Assemble/install/ur5e_gripper_description/share/ur5e_gripper_description/local_setup.bash
[0.146s] -- Up-to-date symlink: /home/xiaobaige/UR5e_Vision_Assemble/install/ur5e_gripper_description/share/ur5e_gripper_description/local_setup.sh
[0.146s] -- Up-to-date symlink: /home/xiaobaige/UR5e_Vision_Assemble/install/ur5e_gripper_description/share/ur5e_gripper_description/local_setup.zsh
[0.146s] -- Up-to-date symlink: /home/xiaobaige/UR5e_Vision_Assemble/install/ur5e_gripper_description/share/ur5e_gripper_description/local_setup.dsv
[0.146s] -- Symlinking: /home/xiaobaige/UR5e_Vision_Assemble/install/ur5e_gripper_description/share/ur5e_gripper_description/package.dsv
[0.155s] -- Up-to-date symlink: /home/xiaobaige/UR5e_Vision_Assemble/install/ur5e_gripper_description/share/ament_index/resource_index/packages/ur5e_gripper_description
[0.155s] -- Up-to-date symlink: /home/xiaobaige/UR5e_Vision_Assemble/install/ur5e_gripper_description/share/ur5e_gripper_description/cmake/ur5e_gripper_descriptionConfig.cmake
[0.155s] -- Up-to-date symlink: /home/xiaobaige/UR5e_Vision_Assemble/install/ur5e_gripper_description/share/ur5e_gripper_description/cmake/ur5e_gripper_descriptionConfig-version.cmake
[0.155s] -- Up-to-date symlink: /home/xiaobaige/UR5e_Vision_Assemble/install/ur5e_gripper_description/share/ur5e_gripper_description/package.xml
[0.157s] Invoked command in '/home/xiaobaige/UR5e_Vision_Assemble/build/ur5e_gripper_description' returned '0': CMAKE_PREFIX_PATH=${CMAKE_PREFIX_PATH}:/opt/ros/humble /usr/bin/cmake --install /home/xiaobaige/UR5e_Vision_Assemble/build/ur5e_gripper_description
