[0.720s] DEBUG:colcon:Command line arguments: ['/usr/bin/colcon', 'build']
[0.720s] DEBUG:colcon:Parsed command line arguments: Namespace(log_base=None, log_level=None, verb_name='build', build_base='build', install_base='install', merge_install=False, symlink_install=False, test_result_base=None, continue_on_error=False, executor='parallel', parallel_workers=24, event_handlers=None, ignore_user_meta=False, metas=['./colcon.meta'], base_paths=['.'], packages_ignore=None, packages_ignore_regex=None, paths=None, packages_up_to=None, packages_up_to_regex=None, packages_above=None, packages_above_and_dependencies=None, packages_above_depth=None, packages_select_by_dep=None, packages_skip_by_dep=None, packages_skip_up_to=None, packages_select_build_failed=False, packages_skip_build_finished=False, packages_select_test_failures=False, packages_skip_test_passed=False, packages_select=None, packages_skip=None, packages_select_regex=None, packages_skip_regex=None, packages_start=None, packages_end=None, allow_overriding=[], cmake_args=None, cmake_target=None, cmake_target_skip_unavailable=False, cmake_clean_cache=False, cmake_clean_first=False, cmake_force_configure=False, ament_cmake_args=None, catkin_cmake_args=None, catkin_skip_building_tests=False, mixin_files=None, mixin=None, verb_parser=<colcon_mixin.mixin.mixin_argument.MixinArgumentDecorator object at 0x7f0f848d2200>, verb_extension=<colcon_core.verb.build.BuildVerb object at 0x7f0f848b6f20>, main=<bound method BuildVerb.main of <colcon_core.verb.build.BuildVerb object at 0x7f0f848b6f20>>, mixin_verb=('build',))
[0.746s] Level 1:colcon.colcon_core.package_discovery:discover_packages(colcon_meta) check parameters
[0.746s] Level 1:colcon.colcon_core.package_discovery:discover_packages(recursive) check parameters
[0.746s] Level 1:colcon.colcon_core.package_discovery:discover_packages(ignore) check parameters
[0.746s] Level 1:colcon.colcon_core.package_discovery:discover_packages(path) check parameters
[0.746s] Level 1:colcon.colcon_core.package_discovery:discover_packages(colcon_meta) discover
[0.746s] Level 1:colcon.colcon_core.package_discovery:discover_packages(recursive) discover
[0.746s] INFO:colcon.colcon_core.package_discovery:Crawling recursively for packages in '/home/xiaobaige/UR5e_Vision_Assemble'
[0.746s] Level 1:colcon.colcon_core.package_identification:_identify(.) by extensions ['ignore', 'ignore_ament_install']
[0.746s] Level 1:colcon.colcon_core.package_identification:_identify(.) by extension 'ignore'
[0.746s] Level 1:colcon.colcon_core.package_identification:_identify(.) by extension 'ignore_ament_install'
[0.746s] Level 1:colcon.colcon_core.package_identification:_identify(.) by extensions ['colcon_pkg']
[0.746s] Level 1:colcon.colcon_core.package_identification:_identify(.) by extension 'colcon_pkg'
[0.746s] Level 1:colcon.colcon_core.package_identification:_identify(.) by extensions ['colcon_meta']
[0.746s] Level 1:colcon.colcon_core.package_identification:_identify(.) by extension 'colcon_meta'
[0.746s] Level 1:colcon.colcon_core.package_identification:_identify(.) by extensions ['ros']
[0.746s] Level 1:colcon.colcon_core.package_identification:_identify(.) by extension 'ros'
[0.753s] Level 1:colcon.colcon_core.package_identification:_identify(.) by extensions ['cmake', 'python']
[0.753s] Level 1:colcon.colcon_core.package_identification:_identify(.) by extension 'cmake'
[0.753s] Level 1:colcon.colcon_core.package_identification:_identify(.) by extension 'python'
[0.753s] Level 1:colcon.colcon_core.package_identification:_identify(.) by extensions ['python_setup_py']
[0.753s] Level 1:colcon.colcon_core.package_identification:_identify(.) by extension 'python_setup_py'
[0.753s] Level 1:colcon.colcon_core.package_identification:_identify(build) by extensions ['ignore', 'ignore_ament_install']
[0.753s] Level 1:colcon.colcon_core.package_identification:_identify(build) by extension 'ignore'
[0.753s] Level 1:colcon.colcon_core.package_identification:_identify(build) ignored
[0.753s] Level 1:colcon.colcon_core.package_identification:_identify(install) by extensions ['ignore', 'ignore_ament_install']
[0.753s] Level 1:colcon.colcon_core.package_identification:_identify(install) by extension 'ignore'
[0.753s] Level 1:colcon.colcon_core.package_identification:_identify(install) ignored
[0.753s] Level 1:colcon.colcon_core.package_identification:_identify(log) by extensions ['ignore', 'ignore_ament_install']
[0.753s] Level 1:colcon.colcon_core.package_identification:_identify(log) by extension 'ignore'
[0.753s] Level 1:colcon.colcon_core.package_identification:_identify(log) ignored
[0.753s] Level 1:colcon.colcon_core.package_identification:_identify(src) by extensions ['ignore', 'ignore_ament_install']
[0.753s] Level 1:colcon.colcon_core.package_identification:_identify(src) by extension 'ignore'
[0.753s] Level 1:colcon.colcon_core.package_identification:_identify(src) by extension 'ignore_ament_install'
[0.753s] Level 1:colcon.colcon_core.package_identification:_identify(src) by extensions ['colcon_pkg']
[0.753s] Level 1:colcon.colcon_core.package_identification:_identify(src) by extension 'colcon_pkg'
[0.753s] Level 1:colcon.colcon_core.package_identification:_identify(src) by extensions ['colcon_meta']
[0.753s] Level 1:colcon.colcon_core.package_identification:_identify(src) by extension 'colcon_meta'
[0.753s] Level 1:colcon.colcon_core.package_identification:_identify(src) by extensions ['ros']
[0.753s] Level 1:colcon.colcon_core.package_identification:_identify(src) by extension 'ros'
[0.753s] Level 1:colcon.colcon_core.package_identification:_identify(src) by extensions ['cmake', 'python']
[0.753s] Level 1:colcon.colcon_core.package_identification:_identify(src) by extension 'cmake'
[0.753s] Level 1:colcon.colcon_core.package_identification:_identify(src) by extension 'python'
[0.753s] Level 1:colcon.colcon_core.package_identification:_identify(src) by extensions ['python_setup_py']
[0.753s] Level 1:colcon.colcon_core.package_identification:_identify(src) by extension 'python_setup_py'
[0.754s] Level 1:colcon.colcon_core.package_identification:_identify(src/ur5e_gripper) by extensions ['ignore', 'ignore_ament_install']
[0.754s] Level 1:colcon.colcon_core.package_identification:_identify(src/ur5e_gripper) by extension 'ignore'
[0.754s] Level 1:colcon.colcon_core.package_identification:_identify(src/ur5e_gripper) by extension 'ignore_ament_install'
[0.754s] Level 1:colcon.colcon_core.package_identification:_identify(src/ur5e_gripper) by extensions ['colcon_pkg']
[0.754s] Level 1:colcon.colcon_core.package_identification:_identify(src/ur5e_gripper) by extension 'colcon_pkg'
[0.754s] Level 1:colcon.colcon_core.package_identification:_identify(src/ur5e_gripper) by extensions ['colcon_meta']
[0.754s] Level 1:colcon.colcon_core.package_identification:_identify(src/ur5e_gripper) by extension 'colcon_meta'
[0.754s] Level 1:colcon.colcon_core.package_identification:_identify(src/ur5e_gripper) by extensions ['ros']
[0.754s] Level 1:colcon.colcon_core.package_identification:_identify(src/ur5e_gripper) by extension 'ros'
[0.754s] Level 1:colcon.colcon_core.package_identification:_identify(src/ur5e_gripper) by extensions ['cmake', 'python']
[0.754s] Level 1:colcon.colcon_core.package_identification:_identify(src/ur5e_gripper) by extension 'cmake'
[0.754s] Level 1:colcon.colcon_core.package_identification:_identify(src/ur5e_gripper) by extension 'python'
[0.754s] Level 1:colcon.colcon_core.package_identification:_identify(src/ur5e_gripper) by extensions ['python_setup_py']
[0.754s] Level 1:colcon.colcon_core.package_identification:_identify(src/ur5e_gripper) by extension 'python_setup_py'
[0.754s] Level 1:colcon.colcon_core.package_identification:_identify(src/ur5e_gripper/Universal_Robots_ROS2_Description) by extensions ['ignore', 'ignore_ament_install']
[0.754s] Level 1:colcon.colcon_core.package_identification:_identify(src/ur5e_gripper/Universal_Robots_ROS2_Description) by extension 'ignore'
[0.754s] Level 1:colcon.colcon_core.package_identification:_identify(src/ur5e_gripper/Universal_Robots_ROS2_Description) by extension 'ignore_ament_install'
[0.754s] Level 1:colcon.colcon_core.package_identification:_identify(src/ur5e_gripper/Universal_Robots_ROS2_Description) by extensions ['colcon_pkg']
[0.754s] Level 1:colcon.colcon_core.package_identification:_identify(src/ur5e_gripper/Universal_Robots_ROS2_Description) by extension 'colcon_pkg'
[0.754s] Level 1:colcon.colcon_core.package_identification:_identify(src/ur5e_gripper/Universal_Robots_ROS2_Description) by extensions ['colcon_meta']
[0.754s] Level 1:colcon.colcon_core.package_identification:_identify(src/ur5e_gripper/Universal_Robots_ROS2_Description) by extension 'colcon_meta'
[0.754s] Level 1:colcon.colcon_core.package_identification:_identify(src/ur5e_gripper/Universal_Robots_ROS2_Description) by extensions ['ros']
[0.754s] Level 1:colcon.colcon_core.package_identification:_identify(src/ur5e_gripper/Universal_Robots_ROS2_Description) by extension 'ros'
[0.756s] DEBUG:colcon.colcon_core.package_identification:Package 'src/ur5e_gripper/Universal_Robots_ROS2_Description' with type 'ros.ament_cmake' and name 'ur_description'
[0.756s] Level 1:colcon.colcon_core.package_identification:_identify(src/ur5e_gripper/robotiq_description) by extensions ['ignore', 'ignore_ament_install']
[0.756s] Level 1:colcon.colcon_core.package_identification:_identify(src/ur5e_gripper/robotiq_description) by extension 'ignore'
[0.756s] Level 1:colcon.colcon_core.package_identification:_identify(src/ur5e_gripper/robotiq_description) by extension 'ignore_ament_install'
[0.756s] Level 1:colcon.colcon_core.package_identification:_identify(src/ur5e_gripper/robotiq_description) by extensions ['colcon_pkg']
[0.756s] Level 1:colcon.colcon_core.package_identification:_identify(src/ur5e_gripper/robotiq_description) by extension 'colcon_pkg'
[0.756s] Level 1:colcon.colcon_core.package_identification:_identify(src/ur5e_gripper/robotiq_description) by extensions ['colcon_meta']
[0.756s] Level 1:colcon.colcon_core.package_identification:_identify(src/ur5e_gripper/robotiq_description) by extension 'colcon_meta'
[0.756s] Level 1:colcon.colcon_core.package_identification:_identify(src/ur5e_gripper/robotiq_description) by extensions ['ros']
[0.756s] Level 1:colcon.colcon_core.package_identification:_identify(src/ur5e_gripper/robotiq_description) by extension 'ros'
[0.756s] DEBUG:colcon.colcon_core.package_identification:Package 'src/ur5e_gripper/robotiq_description' with type 'ros.ament_cmake' and name 'robotiq_description'
[0.757s] Level 1:colcon.colcon_core.package_identification:_identify(src/ur5e_gripper/ur5e_gripper_description) by extensions ['ignore', 'ignore_ament_install']
[0.757s] Level 1:colcon.colcon_core.package_identification:_identify(src/ur5e_gripper/ur5e_gripper_description) by extension 'ignore'
[0.757s] Level 1:colcon.colcon_core.package_identification:_identify(src/ur5e_gripper/ur5e_gripper_description) by extension 'ignore_ament_install'
[0.757s] Level 1:colcon.colcon_core.package_identification:_identify(src/ur5e_gripper/ur5e_gripper_description) by extensions ['colcon_pkg']
[0.757s] Level 1:colcon.colcon_core.package_identification:_identify(src/ur5e_gripper/ur5e_gripper_description) by extension 'colcon_pkg'
[0.757s] Level 1:colcon.colcon_core.package_identification:_identify(src/ur5e_gripper/ur5e_gripper_description) by extensions ['colcon_meta']
[0.757s] Level 1:colcon.colcon_core.package_identification:_identify(src/ur5e_gripper/ur5e_gripper_description) by extension 'colcon_meta'
[0.757s] Level 1:colcon.colcon_core.package_identification:_identify(src/ur5e_gripper/ur5e_gripper_description) by extensions ['ros']
[0.757s] Level 1:colcon.colcon_core.package_identification:_identify(src/ur5e_gripper/ur5e_gripper_description) by extension 'ros'
[0.757s] DEBUG:colcon.colcon_core.package_identification:Package 'src/ur5e_gripper/ur5e_gripper_description' with type 'ros.ament_cmake' and name 'ur5e_gripper_description'
[0.757s] Level 1:colcon.colcon_core.package_identification:_identify(src/ur5e_gripper/ur5e_gripper_moveit_config) by extensions ['ignore', 'ignore_ament_install']
[0.757s] Level 1:colcon.colcon_core.package_identification:_identify(src/ur5e_gripper/ur5e_gripper_moveit_config) by extension 'ignore'
[0.757s] Level 1:colcon.colcon_core.package_identification:_identify(src/ur5e_gripper/ur5e_gripper_moveit_config) by extension 'ignore_ament_install'
[0.757s] Level 1:colcon.colcon_core.package_identification:_identify(src/ur5e_gripper/ur5e_gripper_moveit_config) by extensions ['colcon_pkg']
[0.757s] Level 1:colcon.colcon_core.package_identification:_identify(src/ur5e_gripper/ur5e_gripper_moveit_config) by extension 'colcon_pkg'
[0.757s] Level 1:colcon.colcon_core.package_identification:_identify(src/ur5e_gripper/ur5e_gripper_moveit_config) by extensions ['colcon_meta']
[0.757s] Level 1:colcon.colcon_core.package_identification:_identify(src/ur5e_gripper/ur5e_gripper_moveit_config) by extension 'colcon_meta'
[0.757s] Level 1:colcon.colcon_core.package_identification:_identify(src/ur5e_gripper/ur5e_gripper_moveit_config) by extensions ['ros']
[0.757s] Level 1:colcon.colcon_core.package_identification:_identify(src/ur5e_gripper/ur5e_gripper_moveit_config) by extension 'ros'
[0.758s] DEBUG:colcon.colcon_core.package_identification:Package 'src/ur5e_gripper/ur5e_gripper_moveit_config' with type 'ros.ament_cmake' and name 'ur5e_gripper_moveit_config'
[0.758s] Level 1:colcon.colcon_core.package_discovery:discover_packages(recursive) using defaults
[0.758s] Level 1:colcon.colcon_core.package_discovery:discover_packages(ignore) discover
[0.758s] Level 1:colcon.colcon_core.package_discovery:discover_packages(ignore) using defaults
[0.758s] Level 1:colcon.colcon_core.package_discovery:discover_packages(path) discover
[0.758s] Level 1:colcon.colcon_core.package_discovery:discover_packages(path) using defaults
[0.809s] Level 1:colcon.colcon_core.package_discovery:discover_packages(prefix_path) check parameters
[0.809s] Level 1:colcon.colcon_core.package_discovery:discover_packages(prefix_path) discover
[0.826s] DEBUG:colcon.colcon_installed_package_information.package_discovery:Found 5 installed packages in /home/xiaobaige/UR5e_Vision_Assemble/install
[0.834s] DEBUG:colcon.colcon_installed_package_information.package_discovery:Found 387 installed packages in /opt/ros/humble
[0.835s] Level 1:colcon.colcon_core.package_discovery:discover_packages(prefix_path) using defaults
[0.893s] Level 5:colcon.colcon_core.verb:set package 'robotiq_description' build argument 'cmake_args' from command line to 'None'
[0.893s] Level 5:colcon.colcon_core.verb:set package 'robotiq_description' build argument 'cmake_target' from command line to 'None'
[0.893s] Level 5:colcon.colcon_core.verb:set package 'robotiq_description' build argument 'cmake_target_skip_unavailable' from command line to 'False'
[0.893s] Level 5:colcon.colcon_core.verb:set package 'robotiq_description' build argument 'cmake_clean_cache' from command line to 'False'
[0.893s] Level 5:colcon.colcon_core.verb:set package 'robotiq_description' build argument 'cmake_clean_first' from command line to 'False'
[0.893s] Level 5:colcon.colcon_core.verb:set package 'robotiq_description' build argument 'cmake_force_configure' from command line to 'False'
[0.893s] Level 5:colcon.colcon_core.verb:set package 'robotiq_description' build argument 'ament_cmake_args' from command line to 'None'
[0.893s] Level 5:colcon.colcon_core.verb:set package 'robotiq_description' build argument 'catkin_cmake_args' from command line to 'None'
[0.893s] Level 5:colcon.colcon_core.verb:set package 'robotiq_description' build argument 'catkin_skip_building_tests' from command line to 'False'
[0.893s] DEBUG:colcon.colcon_core.verb:Building package 'robotiq_description' with the following arguments: {'ament_cmake_args': None, 'build_base': '/home/xiaobaige/UR5e_Vision_Assemble/build/robotiq_description', 'catkin_cmake_args': None, 'catkin_skip_building_tests': False, 'cmake_args': None, 'cmake_clean_cache': False, 'cmake_clean_first': False, 'cmake_force_configure': False, 'cmake_target': None, 'cmake_target_skip_unavailable': False, 'install_base': '/home/xiaobaige/UR5e_Vision_Assemble/install/robotiq_description', 'merge_install': False, 'path': '/home/xiaobaige/UR5e_Vision_Assemble/src/ur5e_gripper/robotiq_description', 'symlink_install': False, 'test_result_base': None}
[0.901s] Level 5:colcon.colcon_core.verb:set package 'ur_description' build argument 'cmake_args' from command line to 'None'
[0.901s] Level 5:colcon.colcon_core.verb:set package 'ur_description' build argument 'cmake_target' from command line to 'None'
[0.901s] Level 5:colcon.colcon_core.verb:set package 'ur_description' build argument 'cmake_target_skip_unavailable' from command line to 'False'
[0.901s] Level 5:colcon.colcon_core.verb:set package 'ur_description' build argument 'cmake_clean_cache' from command line to 'False'
[0.901s] Level 5:colcon.colcon_core.verb:set package 'ur_description' build argument 'cmake_clean_first' from command line to 'False'
[0.901s] Level 5:colcon.colcon_core.verb:set package 'ur_description' build argument 'cmake_force_configure' from command line to 'False'
[0.901s] Level 5:colcon.colcon_core.verb:set package 'ur_description' build argument 'ament_cmake_args' from command line to 'None'
[0.901s] Level 5:colcon.colcon_core.verb:set package 'ur_description' build argument 'catkin_cmake_args' from command line to 'None'
[0.901s] Level 5:colcon.colcon_core.verb:set package 'ur_description' build argument 'catkin_skip_building_tests' from command line to 'False'
[0.901s] DEBUG:colcon.colcon_core.verb:Building package 'ur_description' with the following arguments: {'ament_cmake_args': None, 'build_base': '/home/xiaobaige/UR5e_Vision_Assemble/build/ur_description', 'catkin_cmake_args': None, 'catkin_skip_building_tests': False, 'cmake_args': None, 'cmake_clean_cache': False, 'cmake_clean_first': False, 'cmake_force_configure': False, 'cmake_target': None, 'cmake_target_skip_unavailable': False, 'install_base': '/home/xiaobaige/UR5e_Vision_Assemble/install/ur_description', 'merge_install': False, 'path': '/home/xiaobaige/UR5e_Vision_Assemble/src/ur5e_gripper/Universal_Robots_ROS2_Description', 'symlink_install': False, 'test_result_base': None}
[0.909s] Level 5:colcon.colcon_core.verb:set package 'ur5e_gripper_description' build argument 'cmake_args' from command line to 'None'
[0.909s] Level 5:colcon.colcon_core.verb:set package 'ur5e_gripper_description' build argument 'cmake_target' from command line to 'None'
[0.909s] Level 5:colcon.colcon_core.verb:set package 'ur5e_gripper_description' build argument 'cmake_target_skip_unavailable' from command line to 'False'
[0.909s] Level 5:colcon.colcon_core.verb:set package 'ur5e_gripper_description' build argument 'cmake_clean_cache' from command line to 'False'
[0.909s] Level 5:colcon.colcon_core.verb:set package 'ur5e_gripper_description' build argument 'cmake_clean_first' from command line to 'False'
[0.909s] Level 5:colcon.colcon_core.verb:set package 'ur5e_gripper_description' build argument 'cmake_force_configure' from command line to 'False'
[0.909s] Level 5:colcon.colcon_core.verb:set package 'ur5e_gripper_description' build argument 'ament_cmake_args' from command line to 'None'
[0.909s] Level 5:colcon.colcon_core.verb:set package 'ur5e_gripper_description' build argument 'catkin_cmake_args' from command line to 'None'
[0.909s] Level 5:colcon.colcon_core.verb:set package 'ur5e_gripper_description' build argument 'catkin_skip_building_tests' from command line to 'False'
[0.909s] DEBUG:colcon.colcon_core.verb:Building package 'ur5e_gripper_description' with the following arguments: {'ament_cmake_args': None, 'build_base': '/home/xiaobaige/UR5e_Vision_Assemble/build/ur5e_gripper_description', 'catkin_cmake_args': None, 'catkin_skip_building_tests': False, 'cmake_args': None, 'cmake_clean_cache': False, 'cmake_clean_first': False, 'cmake_force_configure': False, 'cmake_target': None, 'cmake_target_skip_unavailable': False, 'install_base': '/home/xiaobaige/UR5e_Vision_Assemble/install/ur5e_gripper_description', 'merge_install': False, 'path': '/home/xiaobaige/UR5e_Vision_Assemble/src/ur5e_gripper/ur5e_gripper_description', 'symlink_install': False, 'test_result_base': None}
[0.917s] Level 5:colcon.colcon_core.verb:set package 'ur5e_gripper_moveit_config' build argument 'cmake_args' from command line to 'None'
[0.917s] Level 5:colcon.colcon_core.verb:set package 'ur5e_gripper_moveit_config' build argument 'cmake_target' from command line to 'None'
[0.917s] Level 5:colcon.colcon_core.verb:set package 'ur5e_gripper_moveit_config' build argument 'cmake_target_skip_unavailable' from command line to 'False'
[0.917s] Level 5:colcon.colcon_core.verb:set package 'ur5e_gripper_moveit_config' build argument 'cmake_clean_cache' from command line to 'False'
[0.917s] Level 5:colcon.colcon_core.verb:set package 'ur5e_gripper_moveit_config' build argument 'cmake_clean_first' from command line to 'False'
[0.917s] Level 5:colcon.colcon_core.verb:set package 'ur5e_gripper_moveit_config' build argument 'cmake_force_configure' from command line to 'False'
[0.917s] Level 5:colcon.colcon_core.verb:set package 'ur5e_gripper_moveit_config' build argument 'ament_cmake_args' from command line to 'None'
[0.917s] Level 5:colcon.colcon_core.verb:set package 'ur5e_gripper_moveit_config' build argument 'catkin_cmake_args' from command line to 'None'
[0.917s] Level 5:colcon.colcon_core.verb:set package 'ur5e_gripper_moveit_config' build argument 'catkin_skip_building_tests' from command line to 'False'
[0.917s] DEBUG:colcon.colcon_core.verb:Building package 'ur5e_gripper_moveit_config' with the following arguments: {'ament_cmake_args': None, 'build_base': '/home/xiaobaige/UR5e_Vision_Assemble/build/ur5e_gripper_moveit_config', 'catkin_cmake_args': None, 'catkin_skip_building_tests': False, 'cmake_args': None, 'cmake_clean_cache': False, 'cmake_clean_first': False, 'cmake_force_configure': False, 'cmake_target': None, 'cmake_target_skip_unavailable': False, 'install_base': '/home/xiaobaige/UR5e_Vision_Assemble/install/ur5e_gripper_moveit_config', 'merge_install': False, 'path': '/home/xiaobaige/UR5e_Vision_Assemble/src/ur5e_gripper/ur5e_gripper_moveit_config', 'symlink_install': False, 'test_result_base': None}
[0.925s] INFO:colcon.colcon_core.executor:Executing jobs using 'parallel' executor
[0.933s] DEBUG:colcon.colcon_parallel_executor.executor.parallel:run_until_complete
[0.933s] INFO:colcon.colcon_ros.task.ament_cmake.build:Building ROS package in '/home/xiaobaige/UR5e_Vision_Assemble/src/ur5e_gripper/Universal_Robots_ROS2_Description' with build type 'ament_cmake'
[0.933s] INFO:colcon.colcon_cmake.task.cmake.build:Building CMake package in '/home/xiaobaige/UR5e_Vision_Assemble/src/ur5e_gripper/Universal_Robots_ROS2_Description'
[0.943s] INFO:colcon.colcon_core.plugin_system:Skipping extension 'colcon_core.shell.bat': Not used on non-Windows systems
[0.943s] INFO:colcon.colcon_core.shell:Skip shell extension 'powershell' for command environment: Not usable outside of PowerShell
[0.943s] DEBUG:colcon.colcon_core.shell:Skip shell extension 'dsv' for command environment
[0.968s] INFO:colcon.colcon_ros.task.ament_cmake.build:Building ROS package in '/home/xiaobaige/UR5e_Vision_Assemble/src/ur5e_gripper/robotiq_description' with build type 'ament_cmake'
[0.968s] INFO:colcon.colcon_cmake.task.cmake.build:Building CMake package in '/home/xiaobaige/UR5e_Vision_Assemble/src/ur5e_gripper/robotiq_description'
[0.977s] INFO:colcon.colcon_core.shell:Skip shell extension 'powershell' for command environment: Not usable outside of PowerShell
[0.977s] DEBUG:colcon.colcon_core.shell:Skip shell extension 'dsv' for command environment
[1.004s] DEBUG:colcon.colcon_core.event_handler.log_command:Invoking command in '/home/xiaobaige/UR5e_Vision_Assemble/build/ur_description': CMAKE_PREFIX_PATH=${CMAKE_PREFIX_PATH}:/opt/ros/humble /usr/bin/cmake /home/xiaobaige/UR5e_Vision_Assemble/src/ur5e_gripper/Universal_Robots_ROS2_Description -DCMAKE_INSTALL_PREFIX=/home/xiaobaige/UR5e_Vision_Assemble/install/ur_description
[1.007s] DEBUG:colcon.colcon_core.event_handler.log_command:Invoking command in '/home/xiaobaige/UR5e_Vision_Assemble/build/robotiq_description': CMAKE_PREFIX_PATH=${CMAKE_PREFIX_PATH}:/opt/ros/humble /usr/bin/cmake /home/xiaobaige/UR5e_Vision_Assemble/src/ur5e_gripper/robotiq_description -DCMAKE_INSTALL_PREFIX=/home/xiaobaige/UR5e_Vision_Assemble/install/robotiq_description
[1.399s] DEBUG:colcon.colcon_core.event_handler.log_command:Invoked command in '/home/xiaobaige/UR5e_Vision_Assemble/build/robotiq_description' returned '0': CMAKE_PREFIX_PATH=${CMAKE_PREFIX_PATH}:/opt/ros/humble /usr/bin/cmake /home/xiaobaige/UR5e_Vision_Assemble/src/ur5e_gripper/robotiq_description -DCMAKE_INSTALL_PREFIX=/home/xiaobaige/UR5e_Vision_Assemble/install/robotiq_description
[1.400s] DEBUG:colcon.colcon_core.event_handler.log_command:Invoking command in '/home/xiaobaige/UR5e_Vision_Assemble/build/robotiq_description': CMAKE_PREFIX_PATH=${CMAKE_PREFIX_PATH}:/opt/ros/humble /usr/bin/cmake --build /home/xiaobaige/UR5e_Vision_Assemble/build/robotiq_description -- -j24 -l24
[1.437s] DEBUG:colcon.colcon_core.event_handler.log_command:Invoked command in '/home/xiaobaige/UR5e_Vision_Assemble/build/robotiq_description' returned '0': CMAKE_PREFIX_PATH=${CMAKE_PREFIX_PATH}:/opt/ros/humble /usr/bin/cmake --build /home/xiaobaige/UR5e_Vision_Assemble/build/robotiq_description -- -j24 -l24
[1.458s] DEBUG:colcon.colcon_core.event_handler.log_command:Invoking command in '/home/xiaobaige/UR5e_Vision_Assemble/build/robotiq_description': CMAKE_PREFIX_PATH=${CMAKE_PREFIX_PATH}:/opt/ros/humble /usr/bin/cmake --install /home/xiaobaige/UR5e_Vision_Assemble/build/robotiq_description
[1.473s] Level 1:colcon.colcon_core.environment:create_environment_scripts_only(robotiq_description)
[1.473s] DEBUG:colcon.colcon_core.event_handler.log_command:Invoked command in '/home/xiaobaige/UR5e_Vision_Assemble/build/robotiq_description' returned '0': CMAKE_PREFIX_PATH=${CMAKE_PREFIX_PATH}:/opt/ros/humble /usr/bin/cmake --install /home/xiaobaige/UR5e_Vision_Assemble/build/robotiq_description
[1.483s] Level 1:colcon.colcon_core.environment:checking '/home/xiaobaige/UR5e_Vision_Assemble/install/robotiq_description' for CMake module files
[1.483s] Level 1:colcon.colcon_core.environment:checking '/home/xiaobaige/UR5e_Vision_Assemble/install/robotiq_description' for CMake config files
[1.483s] Level 1:colcon.colcon_core.shell:create_environment_hook('robotiq_description', 'cmake_prefix_path')
[1.491s] INFO:colcon.colcon_core.shell:Creating environment hook '/home/xiaobaige/UR5e_Vision_Assemble/install/robotiq_description/share/robotiq_description/hook/cmake_prefix_path.ps1'
[1.492s] INFO:colcon.colcon_core.shell:Creating environment descriptor '/home/xiaobaige/UR5e_Vision_Assemble/install/robotiq_description/share/robotiq_description/hook/cmake_prefix_path.dsv'
[1.492s] INFO:colcon.colcon_core.shell:Creating environment hook '/home/xiaobaige/UR5e_Vision_Assemble/install/robotiq_description/share/robotiq_description/hook/cmake_prefix_path.sh'
[1.492s] Level 1:colcon.colcon_core.environment:checking '/home/xiaobaige/UR5e_Vision_Assemble/install/robotiq_description/lib'
[1.493s] Level 1:colcon.colcon_core.environment:checking '/home/xiaobaige/UR5e_Vision_Assemble/install/robotiq_description/bin'
[1.493s] Level 1:colcon.colcon_core.environment:checking '/home/xiaobaige/UR5e_Vision_Assemble/install/robotiq_description/lib/pkgconfig/robotiq_description.pc'
[1.493s] Level 1:colcon.colcon_core.environment:checking '/home/xiaobaige/UR5e_Vision_Assemble/install/robotiq_description/lib/python3.10/site-packages'
[1.493s] Level 1:colcon.colcon_core.environment:checking '/home/xiaobaige/UR5e_Vision_Assemble/install/robotiq_description/bin'
[1.501s] INFO:colcon.colcon_core.shell:Creating package script '/home/xiaobaige/UR5e_Vision_Assemble/install/robotiq_description/share/robotiq_description/package.ps1'
[1.501s] INFO:colcon.colcon_core.shell:Creating package descriptor '/home/xiaobaige/UR5e_Vision_Assemble/install/robotiq_description/share/robotiq_description/package.dsv'
[1.502s] INFO:colcon.colcon_core.shell:Creating package script '/home/xiaobaige/UR5e_Vision_Assemble/install/robotiq_description/share/robotiq_description/package.sh'
[1.502s] INFO:colcon.colcon_core.shell:Creating package script '/home/xiaobaige/UR5e_Vision_Assemble/install/robotiq_description/share/robotiq_description/package.bash'
[1.502s] INFO:colcon.colcon_core.shell:Creating package script '/home/xiaobaige/UR5e_Vision_Assemble/install/robotiq_description/share/robotiq_description/package.zsh'
[1.503s] Level 1:colcon.colcon_core.environment:create_file_with_runtime_dependencies(/home/xiaobaige/UR5e_Vision_Assemble/install/robotiq_description/share/colcon-core/packages/robotiq_description)
[1.526s] Level 1:colcon.colcon_core.environment:create_environment_scripts_only(robotiq_description)
[1.534s] Level 1:colcon.colcon_core.environment:checking '/home/xiaobaige/UR5e_Vision_Assemble/install/robotiq_description' for CMake module files
[1.535s] Level 1:colcon.colcon_core.environment:checking '/home/xiaobaige/UR5e_Vision_Assemble/install/robotiq_description' for CMake config files
[1.535s] Level 1:colcon.colcon_core.shell:create_environment_hook('robotiq_description', 'cmake_prefix_path')
[1.543s] INFO:colcon.colcon_core.shell:Creating environment hook '/home/xiaobaige/UR5e_Vision_Assemble/install/robotiq_description/share/robotiq_description/hook/cmake_prefix_path.ps1'
[1.543s] INFO:colcon.colcon_core.shell:Creating environment descriptor '/home/xiaobaige/UR5e_Vision_Assemble/install/robotiq_description/share/robotiq_description/hook/cmake_prefix_path.dsv'
[1.543s] INFO:colcon.colcon_core.shell:Creating environment hook '/home/xiaobaige/UR5e_Vision_Assemble/install/robotiq_description/share/robotiq_description/hook/cmake_prefix_path.sh'
[1.543s] Level 1:colcon.colcon_core.environment:checking '/home/xiaobaige/UR5e_Vision_Assemble/install/robotiq_description/lib'
[1.543s] Level 1:colcon.colcon_core.environment:checking '/home/xiaobaige/UR5e_Vision_Assemble/install/robotiq_description/bin'
[1.543s] Level 1:colcon.colcon_core.environment:checking '/home/xiaobaige/UR5e_Vision_Assemble/install/robotiq_description/lib/pkgconfig/robotiq_description.pc'
[1.544s] Level 1:colcon.colcon_core.environment:checking '/home/xiaobaige/UR5e_Vision_Assemble/install/robotiq_description/lib/python3.10/site-packages'
[1.544s] Level 1:colcon.colcon_core.environment:checking '/home/xiaobaige/UR5e_Vision_Assemble/install/robotiq_description/bin'
[1.552s] INFO:colcon.colcon_core.shell:Creating package script '/home/xiaobaige/UR5e_Vision_Assemble/install/robotiq_description/share/robotiq_description/package.ps1'
[1.552s] INFO:colcon.colcon_core.shell:Creating package descriptor '/home/xiaobaige/UR5e_Vision_Assemble/install/robotiq_description/share/robotiq_description/package.dsv'
[1.552s] INFO:colcon.colcon_core.shell:Creating package script '/home/xiaobaige/UR5e_Vision_Assemble/install/robotiq_description/share/robotiq_description/package.sh'
[1.553s] INFO:colcon.colcon_core.shell:Creating package script '/home/xiaobaige/UR5e_Vision_Assemble/install/robotiq_description/share/robotiq_description/package.bash'
[1.553s] INFO:colcon.colcon_core.shell:Creating package script '/home/xiaobaige/UR5e_Vision_Assemble/install/robotiq_description/share/robotiq_description/package.zsh'
[1.553s] Level 1:colcon.colcon_core.environment:create_file_with_runtime_dependencies(/home/xiaobaige/UR5e_Vision_Assemble/install/robotiq_description/share/colcon-core/packages/robotiq_description)
[1.554s] DEBUG:colcon.colcon_core.event_handler.log_command:Invoked command in '/home/xiaobaige/UR5e_Vision_Assemble/build/ur_description' returned '0': CMAKE_PREFIX_PATH=${CMAKE_PREFIX_PATH}:/opt/ros/humble /usr/bin/cmake /home/xiaobaige/UR5e_Vision_Assemble/src/ur5e_gripper/Universal_Robots_ROS2_Description -DCMAKE_INSTALL_PREFIX=/home/xiaobaige/UR5e_Vision_Assemble/install/ur_description
[1.555s] DEBUG:colcon.colcon_core.event_handler.log_command:Invoking command in '/home/xiaobaige/UR5e_Vision_Assemble/build/ur_description': CMAKE_PREFIX_PATH=${CMAKE_PREFIX_PATH}:/opt/ros/humble /usr/bin/cmake --build /home/xiaobaige/UR5e_Vision_Assemble/build/ur_description -- -j24 -l24
[1.578s] DEBUG:colcon.colcon_core.event_handler.log_command:Invoked command in '/home/xiaobaige/UR5e_Vision_Assemble/build/ur_description' returned '0': CMAKE_PREFIX_PATH=${CMAKE_PREFIX_PATH}:/opt/ros/humble /usr/bin/cmake --build /home/xiaobaige/UR5e_Vision_Assemble/build/ur_description -- -j24 -l24
[1.607s] DEBUG:colcon.colcon_core.event_handler.log_command:Invoking command in '/home/xiaobaige/UR5e_Vision_Assemble/build/ur_description': CMAKE_PREFIX_PATH=${CMAKE_PREFIX_PATH}:/opt/ros/humble /usr/bin/cmake --install /home/xiaobaige/UR5e_Vision_Assemble/build/ur_description
[1.637s] Level 1:colcon.colcon_core.environment:create_environment_scripts_only(ur_description)
[1.637s] DEBUG:colcon.colcon_core.event_handler.log_command:Invoked command in '/home/xiaobaige/UR5e_Vision_Assemble/build/ur_description' returned '0': CMAKE_PREFIX_PATH=${CMAKE_PREFIX_PATH}:/opt/ros/humble /usr/bin/cmake --install /home/xiaobaige/UR5e_Vision_Assemble/build/ur_description
[1.645s] Level 1:colcon.colcon_core.environment:checking '/home/xiaobaige/UR5e_Vision_Assemble/install/ur_description' for CMake module files
[1.646s] Level 1:colcon.colcon_core.environment:checking '/home/xiaobaige/UR5e_Vision_Assemble/install/ur_description' for CMake config files
[1.646s] Level 1:colcon.colcon_core.shell:create_environment_hook('ur_description', 'cmake_prefix_path')
[1.654s] INFO:colcon.colcon_core.shell:Creating environment hook '/home/xiaobaige/UR5e_Vision_Assemble/install/ur_description/share/ur_description/hook/cmake_prefix_path.ps1'
[1.654s] INFO:colcon.colcon_core.shell:Creating environment descriptor '/home/xiaobaige/UR5e_Vision_Assemble/install/ur_description/share/ur_description/hook/cmake_prefix_path.dsv'
[1.655s] INFO:colcon.colcon_core.shell:Creating environment hook '/home/xiaobaige/UR5e_Vision_Assemble/install/ur_description/share/ur_description/hook/cmake_prefix_path.sh'
[1.655s] Level 1:colcon.colcon_core.environment:checking '/home/xiaobaige/UR5e_Vision_Assemble/install/ur_description/bin'
[1.655s] Level 1:colcon.colcon_core.environment:checking '/home/xiaobaige/UR5e_Vision_Assemble/install/ur_description/lib/pkgconfig/ur_description.pc'
[1.655s] Level 1:colcon.colcon_core.environment:checking '/home/xiaobaige/UR5e_Vision_Assemble/install/ur_description/lib/python3.10/site-packages'
[1.655s] Level 1:colcon.colcon_core.environment:checking '/home/xiaobaige/UR5e_Vision_Assemble/install/ur_description/bin'
[1.663s] INFO:colcon.colcon_core.shell:Creating package script '/home/xiaobaige/UR5e_Vision_Assemble/install/ur_description/share/ur_description/package.ps1'
[1.664s] INFO:colcon.colcon_core.shell:Creating package descriptor '/home/xiaobaige/UR5e_Vision_Assemble/install/ur_description/share/ur_description/package.dsv'
[1.664s] INFO:colcon.colcon_core.shell:Creating package script '/home/xiaobaige/UR5e_Vision_Assemble/install/ur_description/share/ur_description/package.sh'
[1.664s] INFO:colcon.colcon_core.shell:Creating package script '/home/xiaobaige/UR5e_Vision_Assemble/install/ur_description/share/ur_description/package.bash'
[1.664s] INFO:colcon.colcon_core.shell:Creating package script '/home/xiaobaige/UR5e_Vision_Assemble/install/ur_description/share/ur_description/package.zsh'
[1.664s] Level 1:colcon.colcon_core.environment:create_file_with_runtime_dependencies(/home/xiaobaige/UR5e_Vision_Assemble/install/ur_description/share/colcon-core/packages/ur_description)
[1.692s] Level 1:colcon.colcon_core.environment:create_environment_scripts_only(ur_description)
[1.700s] Level 1:colcon.colcon_core.environment:checking '/home/xiaobaige/UR5e_Vision_Assemble/install/ur_description' for CMake module files
[1.700s] Level 1:colcon.colcon_core.environment:checking '/home/xiaobaige/UR5e_Vision_Assemble/install/ur_description' for CMake config files
[1.700s] Level 1:colcon.colcon_core.shell:create_environment_hook('ur_description', 'cmake_prefix_path')
[1.709s] INFO:colcon.colcon_core.shell:Creating environment hook '/home/xiaobaige/UR5e_Vision_Assemble/install/ur_description/share/ur_description/hook/cmake_prefix_path.ps1'
[1.709s] INFO:colcon.colcon_core.shell:Creating environment descriptor '/home/xiaobaige/UR5e_Vision_Assemble/install/ur_description/share/ur_description/hook/cmake_prefix_path.dsv'
[1.709s] INFO:colcon.colcon_core.shell:Creating environment hook '/home/xiaobaige/UR5e_Vision_Assemble/install/ur_description/share/ur_description/hook/cmake_prefix_path.sh'
[1.709s] Level 1:colcon.colcon_core.environment:checking '/home/xiaobaige/UR5e_Vision_Assemble/install/ur_description/bin'
[1.709s] Level 1:colcon.colcon_core.environment:checking '/home/xiaobaige/UR5e_Vision_Assemble/install/ur_description/lib/pkgconfig/ur_description.pc'
[1.709s] Level 1:colcon.colcon_core.environment:checking '/home/xiaobaige/UR5e_Vision_Assemble/install/ur_description/lib/python3.10/site-packages'
[1.709s] Level 1:colcon.colcon_core.environment:checking '/home/xiaobaige/UR5e_Vision_Assemble/install/ur_description/bin'
[1.718s] INFO:colcon.colcon_core.shell:Creating package script '/home/xiaobaige/UR5e_Vision_Assemble/install/ur_description/share/ur_description/package.ps1'
[1.718s] INFO:colcon.colcon_core.shell:Creating package descriptor '/home/xiaobaige/UR5e_Vision_Assemble/install/ur_description/share/ur_description/package.dsv'
[1.718s] INFO:colcon.colcon_core.shell:Creating package script '/home/xiaobaige/UR5e_Vision_Assemble/install/ur_description/share/ur_description/package.sh'
[1.718s] INFO:colcon.colcon_core.shell:Creating package script '/home/xiaobaige/UR5e_Vision_Assemble/install/ur_description/share/ur_description/package.bash'
[1.719s] INFO:colcon.colcon_core.shell:Creating package script '/home/xiaobaige/UR5e_Vision_Assemble/install/ur_description/share/ur_description/package.zsh'
[1.719s] Level 1:colcon.colcon_core.environment:create_file_with_runtime_dependencies(/home/xiaobaige/UR5e_Vision_Assemble/install/ur_description/share/colcon-core/packages/ur_description)
[1.719s] INFO:colcon.colcon_ros.task.ament_cmake.build:Building ROS package in '/home/xiaobaige/UR5e_Vision_Assemble/src/ur5e_gripper/ur5e_gripper_description' with build type 'ament_cmake'
[1.719s] INFO:colcon.colcon_cmake.task.cmake.build:Building CMake package in '/home/xiaobaige/UR5e_Vision_Assemble/src/ur5e_gripper/ur5e_gripper_description'
[1.728s] INFO:colcon.colcon_core.shell:Skip shell extension 'powershell' for command environment: Not usable outside of PowerShell
[1.728s] DEBUG:colcon.colcon_core.shell:Skip shell extension 'dsv' for command environment
[1.756s] DEBUG:colcon.colcon_core.event_handler.log_command:Invoking command in '/home/xiaobaige/UR5e_Vision_Assemble/build/ur5e_gripper_description': CMAKE_PREFIX_PATH=/home/xiaobaige/UR5e_Vision_Assemble/install/ur_description:/home/xiaobaige/UR5e_Vision_Assemble/install/ur5e_gripper_moveit_config:/home/xiaobaige/UR5e_Vision_Assemble/install/ur5e_gripper_description:/home/xiaobaige/UR5e_Vision_Assemble/install/robotiq_description:/home/xiaobaige/UR5e_Vision_Assemble/install/controller:/opt/ros/humble /usr/bin/cmake /home/xiaobaige/UR5e_Vision_Assemble/src/ur5e_gripper/ur5e_gripper_description -DCMAKE_INSTALL_PREFIX=/home/xiaobaige/UR5e_Vision_Assemble/install/ur5e_gripper_description
[1.905s] DEBUG:colcon.colcon_core.event_handler.log_command:Invoked command in '/home/xiaobaige/UR5e_Vision_Assemble/build/ur5e_gripper_description' returned '0': CMAKE_PREFIX_PATH=/home/xiaobaige/UR5e_Vision_Assemble/install/ur_description:/home/xiaobaige/UR5e_Vision_Assemble/install/ur5e_gripper_moveit_config:/home/xiaobaige/UR5e_Vision_Assemble/install/ur5e_gripper_description:/home/xiaobaige/UR5e_Vision_Assemble/install/robotiq_description:/home/xiaobaige/UR5e_Vision_Assemble/install/controller:/opt/ros/humble /usr/bin/cmake /home/xiaobaige/UR5e_Vision_Assemble/src/ur5e_gripper/ur5e_gripper_description -DCMAKE_INSTALL_PREFIX=/home/xiaobaige/UR5e_Vision_Assemble/install/ur5e_gripper_description
[1.906s] DEBUG:colcon.colcon_core.event_handler.log_command:Invoking command in '/home/xiaobaige/UR5e_Vision_Assemble/build/ur5e_gripper_description': CMAKE_PREFIX_PATH=/home/xiaobaige/UR5e_Vision_Assemble/install/ur_description:/home/xiaobaige/UR5e_Vision_Assemble/install/ur5e_gripper_moveit_config:/home/xiaobaige/UR5e_Vision_Assemble/install/ur5e_gripper_description:/home/xiaobaige/UR5e_Vision_Assemble/install/robotiq_description:/home/xiaobaige/UR5e_Vision_Assemble/install/controller:/opt/ros/humble /usr/bin/cmake --build /home/xiaobaige/UR5e_Vision_Assemble/build/ur5e_gripper_description -- -j24 -l24
[1.931s] DEBUG:colcon.colcon_core.event_handler.log_command:Invoked command in '/home/xiaobaige/UR5e_Vision_Assemble/build/ur5e_gripper_description' returned '0': CMAKE_PREFIX_PATH=/home/xiaobaige/UR5e_Vision_Assemble/install/ur_description:/home/xiaobaige/UR5e_Vision_Assemble/install/ur5e_gripper_moveit_config:/home/xiaobaige/UR5e_Vision_Assemble/install/ur5e_gripper_description:/home/xiaobaige/UR5e_Vision_Assemble/install/robotiq_description:/home/xiaobaige/UR5e_Vision_Assemble/install/controller:/opt/ros/humble /usr/bin/cmake --build /home/xiaobaige/UR5e_Vision_Assemble/build/ur5e_gripper_description -- -j24 -l24
[1.963s] DEBUG:colcon.colcon_core.event_handler.log_command:Invoking command in '/home/xiaobaige/UR5e_Vision_Assemble/build/ur5e_gripper_description': CMAKE_PREFIX_PATH=/home/xiaobaige/UR5e_Vision_Assemble/install/ur_description:/home/xiaobaige/UR5e_Vision_Assemble/install/ur5e_gripper_moveit_config:/home/xiaobaige/UR5e_Vision_Assemble/install/ur5e_gripper_description:/home/xiaobaige/UR5e_Vision_Assemble/install/robotiq_description:/home/xiaobaige/UR5e_Vision_Assemble/install/controller:/opt/ros/humble /usr/bin/cmake --install /home/xiaobaige/UR5e_Vision_Assemble/build/ur5e_gripper_description
[1.995s] Level 1:colcon.colcon_core.environment:create_environment_scripts_only(ur5e_gripper_description)
[1.995s] DEBUG:colcon.colcon_core.event_handler.log_command:Invoked command in '/home/xiaobaige/UR5e_Vision_Assemble/build/ur5e_gripper_description' returned '0': CMAKE_PREFIX_PATH=/home/xiaobaige/UR5e_Vision_Assemble/install/ur_description:/home/xiaobaige/UR5e_Vision_Assemble/install/ur5e_gripper_moveit_config:/home/xiaobaige/UR5e_Vision_Assemble/install/ur5e_gripper_description:/home/xiaobaige/UR5e_Vision_Assemble/install/robotiq_description:/home/xiaobaige/UR5e_Vision_Assemble/install/controller:/opt/ros/humble /usr/bin/cmake --install /home/xiaobaige/UR5e_Vision_Assemble/build/ur5e_gripper_description
[2.004s] Level 1:colcon.colcon_core.environment:checking '/home/xiaobaige/UR5e_Vision_Assemble/install/ur5e_gripper_description' for CMake module files
[2.005s] Level 1:colcon.colcon_core.environment:checking '/home/xiaobaige/UR5e_Vision_Assemble/install/ur5e_gripper_description' for CMake config files
[2.005s] Level 1:colcon.colcon_core.shell:create_environment_hook('ur5e_gripper_description', 'cmake_prefix_path')
[2.013s] INFO:colcon.colcon_core.shell:Creating environment hook '/home/xiaobaige/UR5e_Vision_Assemble/install/ur5e_gripper_description/share/ur5e_gripper_description/hook/cmake_prefix_path.ps1'
[2.013s] INFO:colcon.colcon_core.shell:Creating environment descriptor '/home/xiaobaige/UR5e_Vision_Assemble/install/ur5e_gripper_description/share/ur5e_gripper_description/hook/cmake_prefix_path.dsv'
[2.013s] INFO:colcon.colcon_core.shell:Creating environment hook '/home/xiaobaige/UR5e_Vision_Assemble/install/ur5e_gripper_description/share/ur5e_gripper_description/hook/cmake_prefix_path.sh'
[2.013s] Level 1:colcon.colcon_core.environment:checking '/home/xiaobaige/UR5e_Vision_Assemble/install/ur5e_gripper_description/bin'
[2.014s] Level 1:colcon.colcon_core.environment:checking '/home/xiaobaige/UR5e_Vision_Assemble/install/ur5e_gripper_description/lib/pkgconfig/ur5e_gripper_description.pc'
[2.014s] Level 1:colcon.colcon_core.environment:checking '/home/xiaobaige/UR5e_Vision_Assemble/install/ur5e_gripper_description/lib/python3.10/site-packages'
[2.014s] Level 1:colcon.colcon_core.environment:checking '/home/xiaobaige/UR5e_Vision_Assemble/install/ur5e_gripper_description/bin'
[2.022s] INFO:colcon.colcon_core.shell:Creating package script '/home/xiaobaige/UR5e_Vision_Assemble/install/ur5e_gripper_description/share/ur5e_gripper_description/package.ps1'
[2.022s] INFO:colcon.colcon_core.shell:Creating package descriptor '/home/xiaobaige/UR5e_Vision_Assemble/install/ur5e_gripper_description/share/ur5e_gripper_description/package.dsv'
[2.022s] INFO:colcon.colcon_core.shell:Creating package script '/home/xiaobaige/UR5e_Vision_Assemble/install/ur5e_gripper_description/share/ur5e_gripper_description/package.sh'
[2.023s] INFO:colcon.colcon_core.shell:Creating package script '/home/xiaobaige/UR5e_Vision_Assemble/install/ur5e_gripper_description/share/ur5e_gripper_description/package.bash'
[2.023s] INFO:colcon.colcon_core.shell:Creating package script '/home/xiaobaige/UR5e_Vision_Assemble/install/ur5e_gripper_description/share/ur5e_gripper_description/package.zsh'
[2.023s] Level 1:colcon.colcon_core.environment:create_file_with_runtime_dependencies(/home/xiaobaige/UR5e_Vision_Assemble/install/ur5e_gripper_description/share/colcon-core/packages/ur5e_gripper_description)
[2.042s] Level 1:colcon.colcon_core.environment:create_environment_scripts_only(ur5e_gripper_description)
[2.051s] Level 1:colcon.colcon_core.environment:checking '/home/xiaobaige/UR5e_Vision_Assemble/install/ur5e_gripper_description' for CMake module files
[2.051s] Level 1:colcon.colcon_core.environment:checking '/home/xiaobaige/UR5e_Vision_Assemble/install/ur5e_gripper_description' for CMake config files
[2.051s] Level 1:colcon.colcon_core.shell:create_environment_hook('ur5e_gripper_description', 'cmake_prefix_path')
[2.060s] INFO:colcon.colcon_core.shell:Creating environment hook '/home/xiaobaige/UR5e_Vision_Assemble/install/ur5e_gripper_description/share/ur5e_gripper_description/hook/cmake_prefix_path.ps1'
[2.060s] INFO:colcon.colcon_core.shell:Creating environment descriptor '/home/xiaobaige/UR5e_Vision_Assemble/install/ur5e_gripper_description/share/ur5e_gripper_description/hook/cmake_prefix_path.dsv'
[2.061s] INFO:colcon.colcon_core.shell:Creating environment hook '/home/xiaobaige/UR5e_Vision_Assemble/install/ur5e_gripper_description/share/ur5e_gripper_description/hook/cmake_prefix_path.sh'
[2.061s] Level 1:colcon.colcon_core.environment:checking '/home/xiaobaige/UR5e_Vision_Assemble/install/ur5e_gripper_description/bin'
[2.061s] Level 1:colcon.colcon_core.environment:checking '/home/xiaobaige/UR5e_Vision_Assemble/install/ur5e_gripper_description/lib/pkgconfig/ur5e_gripper_description.pc'
[2.061s] Level 1:colcon.colcon_core.environment:checking '/home/xiaobaige/UR5e_Vision_Assemble/install/ur5e_gripper_description/lib/python3.10/site-packages'
[2.061s] Level 1:colcon.colcon_core.environment:checking '/home/xiaobaige/UR5e_Vision_Assemble/install/ur5e_gripper_description/bin'
[2.069s] INFO:colcon.colcon_core.shell:Creating package script '/home/xiaobaige/UR5e_Vision_Assemble/install/ur5e_gripper_description/share/ur5e_gripper_description/package.ps1'
[2.070s] INFO:colcon.colcon_core.shell:Creating package descriptor '/home/xiaobaige/UR5e_Vision_Assemble/install/ur5e_gripper_description/share/ur5e_gripper_description/package.dsv'
[2.070s] INFO:colcon.colcon_core.shell:Creating package script '/home/xiaobaige/UR5e_Vision_Assemble/install/ur5e_gripper_description/share/ur5e_gripper_description/package.sh'
[2.070s] INFO:colcon.colcon_core.shell:Creating package script '/home/xiaobaige/UR5e_Vision_Assemble/install/ur5e_gripper_description/share/ur5e_gripper_description/package.bash'
[2.070s] INFO:colcon.colcon_core.shell:Creating package script '/home/xiaobaige/UR5e_Vision_Assemble/install/ur5e_gripper_description/share/ur5e_gripper_description/package.zsh'
[2.070s] Level 1:colcon.colcon_core.environment:create_file_with_runtime_dependencies(/home/xiaobaige/UR5e_Vision_Assemble/install/ur5e_gripper_description/share/colcon-core/packages/ur5e_gripper_description)
[2.070s] INFO:colcon.colcon_ros.task.ament_cmake.build:Building ROS package in '/home/xiaobaige/UR5e_Vision_Assemble/src/ur5e_gripper/ur5e_gripper_moveit_config' with build type 'ament_cmake'
[2.070s] INFO:colcon.colcon_cmake.task.cmake.build:Building CMake package in '/home/xiaobaige/UR5e_Vision_Assemble/src/ur5e_gripper/ur5e_gripper_moveit_config'
[2.079s] INFO:colcon.colcon_core.shell:Skip shell extension 'powershell' for command environment: Not usable outside of PowerShell
[2.079s] DEBUG:colcon.colcon_core.shell:Skip shell extension 'dsv' for command environment
[2.108s] DEBUG:colcon.colcon_core.event_handler.log_command:Invoking command in '/home/xiaobaige/UR5e_Vision_Assemble/build/ur5e_gripper_moveit_config': CMAKE_PREFIX_PATH=/home/xiaobaige/UR5e_Vision_Assemble/install/ur5e_gripper_description:/home/xiaobaige/UR5e_Vision_Assemble/install/ur_description:/home/xiaobaige/UR5e_Vision_Assemble/install/ur5e_gripper_moveit_config:/home/xiaobaige/UR5e_Vision_Assemble/install/robotiq_description:/home/xiaobaige/UR5e_Vision_Assemble/install/controller:/opt/ros/humble /usr/bin/cmake /home/xiaobaige/UR5e_Vision_Assemble/src/ur5e_gripper/ur5e_gripper_moveit_config -DCMAKE_INSTALL_PREFIX=/home/xiaobaige/UR5e_Vision_Assemble/install/ur5e_gripper_moveit_config
[2.252s] DEBUG:colcon.colcon_core.event_handler.log_command:Invoked command in '/home/xiaobaige/UR5e_Vision_Assemble/build/ur5e_gripper_moveit_config' returned '0': CMAKE_PREFIX_PATH=/home/xiaobaige/UR5e_Vision_Assemble/install/ur5e_gripper_description:/home/xiaobaige/UR5e_Vision_Assemble/install/ur_description:/home/xiaobaige/UR5e_Vision_Assemble/install/ur5e_gripper_moveit_config:/home/xiaobaige/UR5e_Vision_Assemble/install/robotiq_description:/home/xiaobaige/UR5e_Vision_Assemble/install/controller:/opt/ros/humble /usr/bin/cmake /home/xiaobaige/UR5e_Vision_Assemble/src/ur5e_gripper/ur5e_gripper_moveit_config -DCMAKE_INSTALL_PREFIX=/home/xiaobaige/UR5e_Vision_Assemble/install/ur5e_gripper_moveit_config
[2.252s] DEBUG:colcon.colcon_core.event_handler.log_command:Invoking command in '/home/xiaobaige/UR5e_Vision_Assemble/build/ur5e_gripper_moveit_config': CMAKE_PREFIX_PATH=/home/xiaobaige/UR5e_Vision_Assemble/install/ur5e_gripper_description:/home/xiaobaige/UR5e_Vision_Assemble/install/ur_description:/home/xiaobaige/UR5e_Vision_Assemble/install/ur5e_gripper_moveit_config:/home/xiaobaige/UR5e_Vision_Assemble/install/robotiq_description:/home/xiaobaige/UR5e_Vision_Assemble/install/controller:/opt/ros/humble /usr/bin/cmake --build /home/xiaobaige/UR5e_Vision_Assemble/build/ur5e_gripper_moveit_config -- -j24 -l24
[2.274s] DEBUG:colcon.colcon_core.event_handler.log_command:Invoked command in '/home/xiaobaige/UR5e_Vision_Assemble/build/ur5e_gripper_moveit_config' returned '0': CMAKE_PREFIX_PATH=/home/xiaobaige/UR5e_Vision_Assemble/install/ur5e_gripper_description:/home/xiaobaige/UR5e_Vision_Assemble/install/ur_description:/home/xiaobaige/UR5e_Vision_Assemble/install/ur5e_gripper_moveit_config:/home/xiaobaige/UR5e_Vision_Assemble/install/robotiq_description:/home/xiaobaige/UR5e_Vision_Assemble/install/controller:/opt/ros/humble /usr/bin/cmake --build /home/xiaobaige/UR5e_Vision_Assemble/build/ur5e_gripper_moveit_config -- -j24 -l24
[2.301s] DEBUG:colcon.colcon_core.event_handler.log_command:Invoking command in '/home/xiaobaige/UR5e_Vision_Assemble/build/ur5e_gripper_moveit_config': CMAKE_PREFIX_PATH=/home/xiaobaige/UR5e_Vision_Assemble/install/ur5e_gripper_description:/home/xiaobaige/UR5e_Vision_Assemble/install/ur_description:/home/xiaobaige/UR5e_Vision_Assemble/install/ur5e_gripper_moveit_config:/home/xiaobaige/UR5e_Vision_Assemble/install/robotiq_description:/home/xiaobaige/UR5e_Vision_Assemble/install/controller:/opt/ros/humble /usr/bin/cmake --install /home/xiaobaige/UR5e_Vision_Assemble/build/ur5e_gripper_moveit_config
[2.331s] Level 1:colcon.colcon_core.environment:create_environment_scripts_only(ur5e_gripper_moveit_config)
[2.332s] DEBUG:colcon.colcon_core.event_handler.log_command:Invoked command in '/home/xiaobaige/UR5e_Vision_Assemble/build/ur5e_gripper_moveit_config' returned '0': CMAKE_PREFIX_PATH=/home/xiaobaige/UR5e_Vision_Assemble/install/ur5e_gripper_description:/home/xiaobaige/UR5e_Vision_Assemble/install/ur_description:/home/xiaobaige/UR5e_Vision_Assemble/install/ur5e_gripper_moveit_config:/home/xiaobaige/UR5e_Vision_Assemble/install/robotiq_description:/home/xiaobaige/UR5e_Vision_Assemble/install/controller:/opt/ros/humble /usr/bin/cmake --install /home/xiaobaige/UR5e_Vision_Assemble/build/ur5e_gripper_moveit_config
[2.350s] Level 1:colcon.colcon_core.environment:checking '/home/xiaobaige/UR5e_Vision_Assemble/install/ur5e_gripper_moveit_config' for CMake module files
[2.350s] Level 1:colcon.colcon_core.environment:checking '/home/xiaobaige/UR5e_Vision_Assemble/install/ur5e_gripper_moveit_config' for CMake config files
[2.350s] Level 1:colcon.colcon_core.shell:create_environment_hook('ur5e_gripper_moveit_config', 'cmake_prefix_path')
[2.358s] INFO:colcon.colcon_core.shell:Creating environment hook '/home/xiaobaige/UR5e_Vision_Assemble/install/ur5e_gripper_moveit_config/share/ur5e_gripper_moveit_config/hook/cmake_prefix_path.ps1'
[2.359s] INFO:colcon.colcon_core.shell:Creating environment descriptor '/home/xiaobaige/UR5e_Vision_Assemble/install/ur5e_gripper_moveit_config/share/ur5e_gripper_moveit_config/hook/cmake_prefix_path.dsv'
[2.359s] INFO:colcon.colcon_core.shell:Creating environment hook '/home/xiaobaige/UR5e_Vision_Assemble/install/ur5e_gripper_moveit_config/share/ur5e_gripper_moveit_config/hook/cmake_prefix_path.sh'
[2.359s] Level 1:colcon.colcon_core.environment:checking '/home/xiaobaige/UR5e_Vision_Assemble/install/ur5e_gripper_moveit_config/bin'
[2.359s] Level 1:colcon.colcon_core.environment:checking '/home/xiaobaige/UR5e_Vision_Assemble/install/ur5e_gripper_moveit_config/lib/pkgconfig/ur5e_gripper_moveit_config.pc'
[2.359s] Level 1:colcon.colcon_core.environment:checking '/home/xiaobaige/UR5e_Vision_Assemble/install/ur5e_gripper_moveit_config/lib/python3.10/site-packages'
[2.359s] Level 1:colcon.colcon_core.environment:checking '/home/xiaobaige/UR5e_Vision_Assemble/install/ur5e_gripper_moveit_config/bin'
[2.367s] INFO:colcon.colcon_core.shell:Creating package script '/home/xiaobaige/UR5e_Vision_Assemble/install/ur5e_gripper_moveit_config/share/ur5e_gripper_moveit_config/package.ps1'
[2.368s] INFO:colcon.colcon_core.shell:Creating package descriptor '/home/xiaobaige/UR5e_Vision_Assemble/install/ur5e_gripper_moveit_config/share/ur5e_gripper_moveit_config/package.dsv'
[2.368s] INFO:colcon.colcon_core.shell:Creating package script '/home/xiaobaige/UR5e_Vision_Assemble/install/ur5e_gripper_moveit_config/share/ur5e_gripper_moveit_config/package.sh'
[2.368s] INFO:colcon.colcon_core.shell:Creating package script '/home/xiaobaige/UR5e_Vision_Assemble/install/ur5e_gripper_moveit_config/share/ur5e_gripper_moveit_config/package.bash'
[2.368s] INFO:colcon.colcon_core.shell:Creating package script '/home/xiaobaige/UR5e_Vision_Assemble/install/ur5e_gripper_moveit_config/share/ur5e_gripper_moveit_config/package.zsh'
[2.368s] Level 1:colcon.colcon_core.environment:create_file_with_runtime_dependencies(/home/xiaobaige/UR5e_Vision_Assemble/install/ur5e_gripper_moveit_config/share/colcon-core/packages/ur5e_gripper_moveit_config)
[2.390s] Level 1:colcon.colcon_core.environment:create_environment_scripts_only(ur5e_gripper_moveit_config)
[2.399s] Level 1:colcon.colcon_core.environment:checking '/home/xiaobaige/UR5e_Vision_Assemble/install/ur5e_gripper_moveit_config' for CMake module files
[2.399s] Level 1:colcon.colcon_core.environment:checking '/home/xiaobaige/UR5e_Vision_Assemble/install/ur5e_gripper_moveit_config' for CMake config files
[2.399s] Level 1:colcon.colcon_core.shell:create_environment_hook('ur5e_gripper_moveit_config', 'cmake_prefix_path')
[2.409s] INFO:colcon.colcon_core.shell:Creating environment hook '/home/xiaobaige/UR5e_Vision_Assemble/install/ur5e_gripper_moveit_config/share/ur5e_gripper_moveit_config/hook/cmake_prefix_path.ps1'
[2.409s] INFO:colcon.colcon_core.shell:Creating environment descriptor '/home/xiaobaige/UR5e_Vision_Assemble/install/ur5e_gripper_moveit_config/share/ur5e_gripper_moveit_config/hook/cmake_prefix_path.dsv'
[2.409s] INFO:colcon.colcon_core.shell:Creating environment hook '/home/xiaobaige/UR5e_Vision_Assemble/install/ur5e_gripper_moveit_config/share/ur5e_gripper_moveit_config/hook/cmake_prefix_path.sh'
[2.409s] Level 1:colcon.colcon_core.environment:checking '/home/xiaobaige/UR5e_Vision_Assemble/install/ur5e_gripper_moveit_config/bin'
[2.409s] Level 1:colcon.colcon_core.environment:checking '/home/xiaobaige/UR5e_Vision_Assemble/install/ur5e_gripper_moveit_config/lib/pkgconfig/ur5e_gripper_moveit_config.pc'
[2.410s] Level 1:colcon.colcon_core.environment:checking '/home/xiaobaige/UR5e_Vision_Assemble/install/ur5e_gripper_moveit_config/lib/python3.10/site-packages'
[2.410s] Level 1:colcon.colcon_core.environment:checking '/home/xiaobaige/UR5e_Vision_Assemble/install/ur5e_gripper_moveit_config/bin'
[2.418s] INFO:colcon.colcon_core.shell:Creating package script '/home/xiaobaige/UR5e_Vision_Assemble/install/ur5e_gripper_moveit_config/share/ur5e_gripper_moveit_config/package.ps1'
[2.418s] INFO:colcon.colcon_core.shell:Creating package descriptor '/home/xiaobaige/UR5e_Vision_Assemble/install/ur5e_gripper_moveit_config/share/ur5e_gripper_moveit_config/package.dsv'
[2.419s] INFO:colcon.colcon_core.shell:Creating package script '/home/xiaobaige/UR5e_Vision_Assemble/install/ur5e_gripper_moveit_config/share/ur5e_gripper_moveit_config/package.sh'
[2.419s] INFO:colcon.colcon_core.shell:Creating package script '/home/xiaobaige/UR5e_Vision_Assemble/install/ur5e_gripper_moveit_config/share/ur5e_gripper_moveit_config/package.bash'
[2.419s] INFO:colcon.colcon_core.shell:Creating package script '/home/xiaobaige/UR5e_Vision_Assemble/install/ur5e_gripper_moveit_config/share/ur5e_gripper_moveit_config/package.zsh'
[2.419s] Level 1:colcon.colcon_core.environment:create_file_with_runtime_dependencies(/home/xiaobaige/UR5e_Vision_Assemble/install/ur5e_gripper_moveit_config/share/colcon-core/packages/ur5e_gripper_moveit_config)
[2.419s] DEBUG:colcon.colcon_parallel_executor.executor.parallel:closing loop
[2.419s] DEBUG:colcon.colcon_parallel_executor.executor.parallel:loop closed
[2.419s] DEBUG:colcon.colcon_parallel_executor.executor.parallel:run_until_complete finished with '0'
[2.419s] DEBUG:colcon.colcon_core.event_reactor:joining thread
[2.432s] INFO:colcon.colcon_core.plugin_system:Skipping extension 'colcon_notification.desktop_notification.terminal_notifier': Not used on non-Darwin systems
[2.432s] INFO:colcon.colcon_core.plugin_system:Skipping extension 'colcon_notification.desktop_notification.win32': Not used on non-Windows systems
[2.432s] INFO:colcon.colcon_notification.desktop_notification:Sending desktop notification using 'notify2'
[2.441s] DEBUG:colcon.colcon_core.event_reactor:joined thread
[2.449s] INFO:colcon.colcon_core.shell:Creating prefix script '/home/xiaobaige/UR5e_Vision_Assemble/install/local_setup.ps1'
[2.450s] INFO:colcon.colcon_core.shell:Creating prefix util module '/home/xiaobaige/UR5e_Vision_Assemble/install/_local_setup_util_ps1.py'
[2.450s] INFO:colcon.colcon_core.shell:Creating prefix chain script '/home/xiaobaige/UR5e_Vision_Assemble/install/setup.ps1'
[2.459s] INFO:colcon.colcon_core.shell:Creating prefix script '/home/xiaobaige/UR5e_Vision_Assemble/install/local_setup.sh'
[2.460s] INFO:colcon.colcon_core.shell:Creating prefix util module '/home/xiaobaige/UR5e_Vision_Assemble/install/_local_setup_util_sh.py'
[2.460s] INFO:colcon.colcon_core.shell:Creating prefix chain script '/home/xiaobaige/UR5e_Vision_Assemble/install/setup.sh'
[2.468s] INFO:colcon.colcon_core.shell:Creating prefix script '/home/xiaobaige/UR5e_Vision_Assemble/install/local_setup.bash'
[2.468s] INFO:colcon.colcon_core.shell:Creating prefix chain script '/home/xiaobaige/UR5e_Vision_Assemble/install/setup.bash'
[2.477s] INFO:colcon.colcon_core.shell:Creating prefix script '/home/xiaobaige/UR5e_Vision_Assemble/install/local_setup.zsh'
[2.477s] INFO:colcon.colcon_core.shell:Creating prefix chain script '/home/xiaobaige/UR5e_Vision_Assemble/install/setup.zsh'
