-- Found ament_cmake: 1.3.5 (/opt/ros/humble/share/ament_cmake/cmake)
-- Override CMake install command with custom implementation using symlinks instead of copying resources
-- Found ament_lint_auto: 0.12.8 (/opt/ros/humble/share/ament_lint_auto/cmake)
-- Added test 'flake8' to check Python code syntax and style conventions
-- Added test 'lint_cmake' to check CMake code style
-- Added test 'pep257' to check Python code against some of the docstring style conventions in PEP 257
-- Added test 'xmllint' to check XML markup files
-- Configuring done
-- Generating done
-- Build files have been written to: /home/xiaobaige/UR5e_Vision_Assemble/build/ur5e_gripper_description
-- Install configuration: ""
-- Execute custom install script
-- Up-to-date symlink: /home/xiaobaige/UR5e_Vision_Assemble/install/ur5e_gripper_description/share/ur5e_gripper_description/config/ur5e_gripper_controllers.yaml
-- Up-to-date symlink: /home/xiaobaige/UR5e_Vision_Assemble/install/ur5e_gripper_description/share/ur5e_gripper_description/launch/gazebo_ur5e_gripper.launch.py
-- Up-to-date symlink: /home/xiaobaige/UR5e_Vision_Assemble/install/ur5e_gripper_description/share/ur5e_gripper_description/launch/view_ur5e_gripper.launch.py
-- Symlinking: /home/xiaobaige/UR5e_Vision_Assemble/install/ur5e_gripper_description/share/ur5e_gripper_description/urdf/initial_positions.yaml
-- Up-to-date symlink: /home/xiaobaige/UR5e_Vision_Assemble/install/ur5e_gripper_description/share/ur5e_gripper_description/urdf/ur5e_gripper.urdf.xacro
-- Up-to-date symlink: /home/xiaobaige/UR5e_Vision_Assemble/install/ur5e_gripper_description/share/ur5e_gripper_description/rviz/view_ur5e_gripper.rviz
-- Up-to-date symlink: /home/xiaobaige/UR5e_Vision_Assemble/install/ur5e_gripper_description/share/ament_index/resource_index/package_run_dependencies/ur5e_gripper_description
-- Up-to-date symlink: /home/xiaobaige/UR5e_Vision_Assemble/install/ur5e_gripper_description/share/ament_index/resource_index/parent_prefix_path/ur5e_gripper_description
-- Up-to-date symlink: /home/xiaobaige/UR5e_Vision_Assemble/install/ur5e_gripper_description/share/ur5e_gripper_description/environment/ament_prefix_path.sh
-- Up-to-date symlink: /home/xiaobaige/UR5e_Vision_Assemble/install/ur5e_gripper_description/share/ur5e_gripper_description/environment/ament_prefix_path.dsv
-- Up-to-date symlink: /home/xiaobaige/UR5e_Vision_Assemble/install/ur5e_gripper_description/share/ur5e_gripper_description/environment/path.sh
-- Up-to-date symlink: /home/xiaobaige/UR5e_Vision_Assemble/install/ur5e_gripper_description/share/ur5e_gripper_description/environment/path.dsv
-- Up-to-date symlink: /home/xiaobaige/UR5e_Vision_Assemble/install/ur5e_gripper_description/share/ur5e_gripper_description/local_setup.bash
-- Up-to-date symlink: /home/xiaobaige/UR5e_Vision_Assemble/install/ur5e_gripper_description/share/ur5e_gripper_description/local_setup.sh
-- Up-to-date symlink: /home/xiaobaige/UR5e_Vision_Assemble/install/ur5e_gripper_description/share/ur5e_gripper_description/local_setup.zsh
-- Up-to-date symlink: /home/xiaobaige/UR5e_Vision_Assemble/install/ur5e_gripper_description/share/ur5e_gripper_description/local_setup.dsv
-- Symlinking: /home/xiaobaige/UR5e_Vision_Assemble/install/ur5e_gripper_description/share/ur5e_gripper_description/package.dsv
-- Up-to-date symlink: /home/xiaobaige/UR5e_Vision_Assemble/install/ur5e_gripper_description/share/ament_index/resource_index/packages/ur5e_gripper_description
-- Up-to-date symlink: /home/xiaobaige/UR5e_Vision_Assemble/install/ur5e_gripper_description/share/ur5e_gripper_description/cmake/ur5e_gripper_descriptionConfig.cmake
-- Up-to-date symlink: /home/xiaobaige/UR5e_Vision_Assemble/install/ur5e_gripper_description/share/ur5e_gripper_description/cmake/ur5e_gripper_descriptionConfig-version.cmake
-- Up-to-date symlink: /home/xiaobaige/UR5e_Vision_Assemble/install/ur5e_gripper_description/share/ur5e_gripper_description/package.xml
