[0.037s] Invoking command in '/home/xiaobaige/UR5e_Vision_Assemble/build/ur5e_gripper_moveit_config': CMAKE_PREFIX_PATH=${CMAKE_PREFIX_PATH}:/opt/ros/humble /usr/bin/cmake /home/xiaobaige/UR5e_Vision_Assemble/src/ur5e_gripper/ur5e_gripper_moveit_config -DAMENT_CMAKE_SYMLINK_INSTALL=1 -DCMAKE_INSTALL_PREFIX=/home/xiaobaige/UR5e_Vision_Assemble/install/ur5e_gripper_moveit_config
[0.072s] -- The C compiler identification is GNU 11.4.0
[0.107s] -- The CXX compiler identification is GNU 11.4.0
[0.112s] -- Detecting C compiler ABI info
[0.164s] -- Detecting C compiler ABI info - done
[0.169s] -- Check for working C compiler: /usr/bin/cc - skipped
[0.169s] -- Detecting C compile features
[0.169s] -- Detecting C compile features - done
[0.171s] -- Detecting CXX compiler ABI info
[0.235s] -- Detecting CXX compiler ABI info - done
[0.240s] -- Check for working CXX compiler: /usr/bin/c++ - skipped
[0.240s] -- Detecting CXX compile features
[0.240s] -- Detecting CXX compile features - done
[0.242s] -- Found ament_cmake: 1.3.5 (/opt/ros/humble/share/ament_cmake/cmake)
[0.372s] -- Found Python3: /usr/bin/python3.10 (found version "3.10.12") found components: Interpreter 
[0.411s] -- Override CMake install command with custom implementation using symlinks instead of copying resources
[0.478s] -- Configuring done
[0.479s] -- Generating done
[0.480s] -- Build files have been written to: /home/xiaobaige/UR5e_Vision_Assemble/build/ur5e_gripper_moveit_config
[0.482s] Invoked command in '/home/xiaobaige/UR5e_Vision_Assemble/build/ur5e_gripper_moveit_config' returned '0': CMAKE_PREFIX_PATH=${CMAKE_PREFIX_PATH}:/opt/ros/humble /usr/bin/cmake /home/xiaobaige/UR5e_Vision_Assemble/src/ur5e_gripper/ur5e_gripper_moveit_config -DAMENT_CMAKE_SYMLINK_INSTALL=1 -DCMAKE_INSTALL_PREFIX=/home/xiaobaige/UR5e_Vision_Assemble/install/ur5e_gripper_moveit_config
[0.483s] Invoking command in '/home/xiaobaige/UR5e_Vision_Assemble/build/ur5e_gripper_moveit_config': CMAKE_PREFIX_PATH=${CMAKE_PREFIX_PATH}:/opt/ros/humble /usr/bin/cmake --build /home/xiaobaige/UR5e_Vision_Assemble/build/ur5e_gripper_moveit_config -- -j24 -l24
[0.506s] Invoked command in '/home/xiaobaige/UR5e_Vision_Assemble/build/ur5e_gripper_moveit_config' returned '0': CMAKE_PREFIX_PATH=${CMAKE_PREFIX_PATH}:/opt/ros/humble /usr/bin/cmake --build /home/xiaobaige/UR5e_Vision_Assemble/build/ur5e_gripper_moveit_config -- -j24 -l24
[0.535s] Invoking command in '/home/xiaobaige/UR5e_Vision_Assemble/build/ur5e_gripper_moveit_config': CMAKE_PREFIX_PATH=${CMAKE_PREFIX_PATH}:/opt/ros/humble /usr/bin/cmake --install /home/xiaobaige/UR5e_Vision_Assemble/build/ur5e_gripper_moveit_config
[0.546s] -- Install configuration: ""
[0.547s] -- Execute custom install script
[0.547s] -- Symlinking: /home/xiaobaige/UR5e_Vision_Assemble/install/ur5e_gripper_moveit_config/share/ament_index/resource_index/package_run_dependencies/ur5e_gripper_moveit_config
[0.558s] -- Symlinking: /home/xiaobaige/UR5e_Vision_Assemble/install/ur5e_gripper_moveit_config/share/ament_index/resource_index/parent_prefix_path/ur5e_gripper_moveit_config
[0.564s] -- Symlinking: /home/xiaobaige/UR5e_Vision_Assemble/install/ur5e_gripper_moveit_config/share/ur5e_gripper_moveit_config/environment/ament_prefix_path.sh
[0.568s] -- Symlinking: /home/xiaobaige/UR5e_Vision_Assemble/install/ur5e_gripper_moveit_config/share/ur5e_gripper_moveit_config/environment/ament_prefix_path.dsv
[0.575s] -- Symlinking: /home/xiaobaige/UR5e_Vision_Assemble/install/ur5e_gripper_moveit_config/share/ur5e_gripper_moveit_config/environment/path.sh
[0.587s] -- Symlinking: /home/xiaobaige/UR5e_Vision_Assemble/install/ur5e_gripper_moveit_config/share/ur5e_gripper_moveit_config/environment/path.dsv
[0.598s] -- Symlinking: /home/xiaobaige/UR5e_Vision_Assemble/install/ur5e_gripper_moveit_config/share/ur5e_gripper_moveit_config/local_setup.bash
[0.607s] -- Symlinking: /home/xiaobaige/UR5e_Vision_Assemble/install/ur5e_gripper_moveit_config/share/ur5e_gripper_moveit_config/local_setup.sh
[0.614s] -- Symlinking: /home/xiaobaige/UR5e_Vision_Assemble/install/ur5e_gripper_moveit_config/share/ur5e_gripper_moveit_config/local_setup.zsh
[0.621s] -- Symlinking: /home/xiaobaige/UR5e_Vision_Assemble/install/ur5e_gripper_moveit_config/share/ur5e_gripper_moveit_config/local_setup.dsv
[0.626s] -- Symlinking: /home/xiaobaige/UR5e_Vision_Assemble/install/ur5e_gripper_moveit_config/share/ur5e_gripper_moveit_config/package.dsv
[0.631s] -- Symlinking: /home/xiaobaige/UR5e_Vision_Assemble/install/ur5e_gripper_moveit_config/share/ament_index/resource_index/packages/ur5e_gripper_moveit_config
[0.636s] -- Symlinking: /home/xiaobaige/UR5e_Vision_Assemble/install/ur5e_gripper_moveit_config/share/ur5e_gripper_moveit_config/cmake/ur5e_gripper_moveit_configConfig.cmake
[0.641s] -- Symlinking: /home/xiaobaige/UR5e_Vision_Assemble/install/ur5e_gripper_moveit_config/share/ur5e_gripper_moveit_config/cmake/ur5e_gripper_moveit_configConfig-version.cmake
[0.646s] -- Symlinking: /home/xiaobaige/UR5e_Vision_Assemble/install/ur5e_gripper_moveit_config/share/ur5e_gripper_moveit_config/package.xml
[0.651s] -- Symlinking: /home/xiaobaige/UR5e_Vision_Assemble/install/ur5e_gripper_moveit_config/share/ur5e_gripper_moveit_config/launch/demo.launch.py
[0.660s] -- Symlinking: /home/xiaobaige/UR5e_Vision_Assemble/install/ur5e_gripper_moveit_config/share/ur5e_gripper_moveit_config/launch/move_group.launch.py
[0.667s] -- Symlinking: /home/xiaobaige/UR5e_Vision_Assemble/install/ur5e_gripper_moveit_config/share/ur5e_gripper_moveit_config/launch/moveit_rviz.launch.py
[0.675s] -- Symlinking: /home/xiaobaige/UR5e_Vision_Assemble/install/ur5e_gripper_moveit_config/share/ur5e_gripper_moveit_config/launch/rsp.launch.py
[0.683s] -- Symlinking: /home/xiaobaige/UR5e_Vision_Assemble/install/ur5e_gripper_moveit_config/share/ur5e_gripper_moveit_config/launch/setup_assistant.launch.py
[0.688s] -- Symlinking: /home/xiaobaige/UR5e_Vision_Assemble/install/ur5e_gripper_moveit_config/share/ur5e_gripper_moveit_config/launch/spawn_controllers.launch.py
[0.693s] -- Symlinking: /home/xiaobaige/UR5e_Vision_Assemble/install/ur5e_gripper_moveit_config/share/ur5e_gripper_moveit_config/launch/static_virtual_joint_tfs.launch.py
[0.698s] -- Symlinking: /home/xiaobaige/UR5e_Vision_Assemble/install/ur5e_gripper_moveit_config/share/ur5e_gripper_moveit_config/launch/warehouse_db.launch.py
[0.703s] -- Symlinking: /home/xiaobaige/UR5e_Vision_Assemble/install/ur5e_gripper_moveit_config/share/ur5e_gripper_moveit_config/config/initial_positions.yaml
[0.708s] -- Symlinking: /home/xiaobaige/UR5e_Vision_Assemble/install/ur5e_gripper_moveit_config/share/ur5e_gripper_moveit_config/config/joint_limits.yaml
[0.713s] -- Symlinking: /home/xiaobaige/UR5e_Vision_Assemble/install/ur5e_gripper_moveit_config/share/ur5e_gripper_moveit_config/config/kinematics.yaml
[0.721s] -- Symlinking: /home/xiaobaige/UR5e_Vision_Assemble/install/ur5e_gripper_moveit_config/share/ur5e_gripper_moveit_config/config/moveit.rviz
[0.727s] -- Symlinking: /home/xiaobaige/UR5e_Vision_Assemble/install/ur5e_gripper_moveit_config/share/ur5e_gripper_moveit_config/config/moveit_controllers.yaml
[0.734s] -- Symlinking: /home/xiaobaige/UR5e_Vision_Assemble/install/ur5e_gripper_moveit_config/share/ur5e_gripper_moveit_config/config/pilz_cartesian_limits.yaml
[0.740s] -- Symlinking: /home/xiaobaige/UR5e_Vision_Assemble/install/ur5e_gripper_moveit_config/share/ur5e_gripper_moveit_config/config/ros2_controllers.yaml
[0.746s] -- Symlinking: /home/xiaobaige/UR5e_Vision_Assemble/install/ur5e_gripper_moveit_config/share/ur5e_gripper_moveit_config/config/ur5e_gripper.ros2_control.xacro
[0.751s] -- Symlinking: /home/xiaobaige/UR5e_Vision_Assemble/install/ur5e_gripper_moveit_config/share/ur5e_gripper_moveit_config/config/ur5e_gripper.srdf
[0.756s] -- Symlinking: /home/xiaobaige/UR5e_Vision_Assemble/install/ur5e_gripper_moveit_config/share/ur5e_gripper_moveit_config/config/ur5e_gripper.urdf.xacro
[0.762s] -- Symlinking: /home/xiaobaige/UR5e_Vision_Assemble/install/ur5e_gripper_moveit_config/share/ur5e_gripper_moveit_config/.setup_assistant
[0.768s] Invoked command in '/home/xiaobaige/UR5e_Vision_Assemble/build/ur5e_gripper_moveit_config' returned '0': CMAKE_PREFIX_PATH=${CMAKE_PREFIX_PATH}:/opt/ros/humble /usr/bin/cmake --install /home/xiaobaige/UR5e_Vision_Assemble/build/ur5e_gripper_moveit_config
