-- Found ament_cmake: 1.3.5 (/opt/ros/humble/share/ament_cmake/cmake)
-- Override CMake install command with custom implementation using symlinks instead of copying resources
-- Found rclcpp: 16.0.6 (/opt/ros/humble/share/rclcpp/cmake)
-- Found rosidl_generator_c: 3.1.5 (/opt/ros/humble/share/rosidl_generator_c/cmake)
-- Found rosidl_adapter: 3.1.5 (/opt/ros/humble/share/rosidl_adapter/cmake)
-- Found rosidl_generator_cpp: 3.1.5 (/opt/ros/humble/share/rosidl_generator_cpp/cmake)
-- Using all available rosidl_typesupport_c: rosidl_typesupport_fastrtps_c;rosidl_typesupport_introspection_c
-- Using all available rosidl_typesupport_cpp: rosidl_typesupport_fastrtps_cpp;rosidl_typesupport_introspection_cpp
-- Found rmw_implementation_cmake: 6.1.1 (/opt/ros/humble/share/rmw_implementation_cmake/cmake)
-- Found rmw_cyclonedds_cpp: 1.3.4 (/opt/ros/humble/share/rmw_cyclonedds_cpp/cmake)
-- Using RMW implementation 'rmw_cyclonedds_cpp' as default
-- Found ament_lint_auto: 0.12.8 (/opt/ros/humble/share/ament_lint_auto/cmake)
-- Added test 'cppcheck' to perform static code analysis on C / C++ code
-- Configured cppcheck include dirs: 
-- Configured cppcheck exclude dirs and/or files: 
-- Added test 'flake8' to check Python code syntax and style conventions
-- Added test 'lint_cmake' to check CMake code style
-- Added test 'pep257' to check Python code against some of the docstring style conventions in PEP 257
-- Added test 'uncrustify' to check C / C++ code style
-- Configured uncrustify additional arguments: 
-- Added test 'xmllint' to check XML markup files
-- Configuring done
-- Generating done
-- Build files have been written to: /home/xiaobaige/UR5e_Vision_Assemble/build/robotiq_description
[35m[1mConsolidate compiler generated dependencies of target test_gripper_in_gazebo[0m
[ 50%] [32mBuilding CXX object CMakeFiles/test_gripper_in_gazebo.dir/src/test_gripper_in_gazebo.cpp.o[0m
[100%] [32m[1mLinking CXX executable test_gripper_in_gazebo[0m
[100%] Built target test_gripper_in_gazebo
-- Install configuration: ""
-- Execute custom install script
-- Up-to-date symlink: /home/xiaobaige/UR5e_Vision_Assemble/install/robotiq_description/share/robotiq_description/config/robotiq_controllers.yaml
-- Up-to-date symlink: /home/xiaobaige/UR5e_Vision_Assemble/install/robotiq_description/share/robotiq_description/launch/gazebo_gripper.launch.py
-- Up-to-date symlink: /home/xiaobaige/UR5e_Vision_Assemble/install/robotiq_description/share/robotiq_description/launch/view_gripper.launch.py
-- Up-to-date symlink: /home/xiaobaige/UR5e_Vision_Assemble/install/robotiq_description/share/robotiq_description/meshes/collision/2f_140/robotiq_2f_140_base_link.stl
-- Up-to-date symlink: /home/xiaobaige/UR5e_Vision_Assemble/install/robotiq_description/share/robotiq_description/meshes/collision/2f_140/robotiq_2f_140_coupling.stl
-- Up-to-date symlink: /home/xiaobaige/UR5e_Vision_Assemble/install/robotiq_description/share/robotiq_description/meshes/collision/2f_140/robotiq_2f_140_inner_finger.stl
-- Up-to-date symlink: /home/xiaobaige/UR5e_Vision_Assemble/install/robotiq_description/share/robotiq_description/meshes/collision/2f_140/robotiq_2f_140_inner_knuckle.stl
-- Up-to-date symlink: /home/xiaobaige/UR5e_Vision_Assemble/install/robotiq_description/share/robotiq_description/meshes/collision/2f_140/robotiq_2f_140_outer_finger.stl
-- Up-to-date symlink: /home/xiaobaige/UR5e_Vision_Assemble/install/robotiq_description/share/robotiq_description/meshes/collision/2f_140/robotiq_2f_140_outer_knuckle.stl
-- Up-to-date symlink: /home/xiaobaige/UR5e_Vision_Assemble/install/robotiq_description/share/robotiq_description/meshes/collision/2f_85/left_finger.stl
-- Up-to-date symlink: /home/xiaobaige/UR5e_Vision_Assemble/install/robotiq_description/share/robotiq_description/meshes/collision/2f_85/left_finger_tip.stl
-- Up-to-date symlink: /home/xiaobaige/UR5e_Vision_Assemble/install/robotiq_description/share/robotiq_description/meshes/collision/2f_85/left_inner_knuckle.stl
-- Up-to-date symlink: /home/xiaobaige/UR5e_Vision_Assemble/install/robotiq_description/share/robotiq_description/meshes/collision/2f_85/left_knuckle.stl
-- Up-to-date symlink: /home/xiaobaige/UR5e_Vision_Assemble/install/robotiq_description/share/robotiq_description/meshes/collision/2f_85/right_finger.stl
-- Up-to-date symlink: /home/xiaobaige/UR5e_Vision_Assemble/install/robotiq_description/share/robotiq_description/meshes/collision/2f_85/right_finger_tip.stl
-- Up-to-date symlink: /home/xiaobaige/UR5e_Vision_Assemble/install/robotiq_description/share/robotiq_description/meshes/collision/2f_85/right_inner_knuckle.stl
-- Up-to-date symlink: /home/xiaobaige/UR5e_Vision_Assemble/install/robotiq_description/share/robotiq_description/meshes/collision/2f_85/right_knuckle.stl
-- Up-to-date symlink: /home/xiaobaige/UR5e_Vision_Assemble/install/robotiq_description/share/robotiq_description/meshes/collision/2f_85/robotiq_base.stl
-- Up-to-date symlink: /home/xiaobaige/UR5e_Vision_Assemble/install/robotiq_description/share/robotiq_description/meshes/collision/2f_85/ur_to_robotiq_adapter.stl
-- Up-to-date symlink: /home/xiaobaige/UR5e_Vision_Assemble/install/robotiq_description/share/robotiq_description/meshes/visual/2f_140/robotiq_2f_140_base_link.stl
-- Up-to-date symlink: /home/xiaobaige/UR5e_Vision_Assemble/install/robotiq_description/share/robotiq_description/meshes/visual/2f_140/robotiq_2f_140_coupling.stl
-- Up-to-date symlink: /home/xiaobaige/UR5e_Vision_Assemble/install/robotiq_description/share/robotiq_description/meshes/visual/2f_140/robotiq_2f_140_inner_finger.stl
-- Up-to-date symlink: /home/xiaobaige/UR5e_Vision_Assemble/install/robotiq_description/share/robotiq_description/meshes/visual/2f_140/robotiq_2f_140_inner_knuckle.stl
-- Up-to-date symlink: /home/xiaobaige/UR5e_Vision_Assemble/install/robotiq_description/share/robotiq_description/meshes/visual/2f_140/robotiq_2f_140_outer_finger.stl
-- Up-to-date symlink: /home/xiaobaige/UR5e_Vision_Assemble/install/robotiq_description/share/robotiq_description/meshes/visual/2f_140/robotiq_2f_140_outer_knuckle.stl
-- Up-to-date symlink: /home/xiaobaige/UR5e_Vision_Assemble/install/robotiq_description/share/robotiq_description/meshes/visual/2f_85/left_finger.dae
-- Up-to-date symlink: /home/xiaobaige/UR5e_Vision_Assemble/install/robotiq_description/share/robotiq_description/meshes/visual/2f_85/left_finger_tip.dae
-- Up-to-date symlink: /home/xiaobaige/UR5e_Vision_Assemble/install/robotiq_description/share/robotiq_description/meshes/visual/2f_85/left_inner_knuckle.dae
-- Up-to-date symlink: /home/xiaobaige/UR5e_Vision_Assemble/install/robotiq_description/share/robotiq_description/meshes/visual/2f_85/left_knuckle.dae
-- Up-to-date symlink: /home/xiaobaige/UR5e_Vision_Assemble/install/robotiq_description/share/robotiq_description/meshes/visual/2f_85/right_finger.dae
-- Up-to-date symlink: /home/xiaobaige/UR5e_Vision_Assemble/install/robotiq_description/share/robotiq_description/meshes/visual/2f_85/right_finger_tip.dae
-- Up-to-date symlink: /home/xiaobaige/UR5e_Vision_Assemble/install/robotiq_description/share/robotiq_description/meshes/visual/2f_85/right_inner_knuckle.dae
-- Up-to-date symlink: /home/xiaobaige/UR5e_Vision_Assemble/install/robotiq_description/share/robotiq_description/meshes/visual/2f_85/right_knuckle.dae
-- Up-to-date symlink: /home/xiaobaige/UR5e_Vision_Assemble/install/robotiq_description/share/robotiq_description/meshes/visual/2f_85/robotiq_base.dae
-- Up-to-date symlink: /home/xiaobaige/UR5e_Vision_Assemble/install/robotiq_description/share/robotiq_description/meshes/visual/2f_85/ur_to_robotiq_adapter.dae
-- Up-to-date symlink: /home/xiaobaige/UR5e_Vision_Assemble/install/robotiq_description/share/robotiq_description/rviz/view_gripper.rviz
-- Up-to-date symlink: /home/xiaobaige/UR5e_Vision_Assemble/install/robotiq_description/share/robotiq_description/urdf/2f_85.ros2_control.xacro
-- Up-to-date symlink: /home/xiaobaige/UR5e_Vision_Assemble/install/robotiq_description/share/robotiq_description/urdf/robotiq_2f_85_gripper.urdf.xacro
-- Up-to-date symlink: /home/xiaobaige/UR5e_Vision_Assemble/install/robotiq_description/share/robotiq_description/urdf/robotiq_2f_85_macro.urdf.xacro
-- Up-to-date symlink: /home/xiaobaige/UR5e_Vision_Assemble/install/robotiq_description/share/robotiq_description/urdf/test.urdf
-- Up-to-date symlink: /home/xiaobaige/UR5e_Vision_Assemble/install/robotiq_description/lib/robotiq_description/test_gripper_in_gazebo
-- Up-to-date symlink: /home/xiaobaige/UR5e_Vision_Assemble/install/robotiq_description/share/ament_index/resource_index/package_run_dependencies/robotiq_description
-- Up-to-date symlink: /home/xiaobaige/UR5e_Vision_Assemble/install/robotiq_description/share/ament_index/resource_index/parent_prefix_path/robotiq_description
-- Up-to-date symlink: /home/xiaobaige/UR5e_Vision_Assemble/install/robotiq_description/share/robotiq_description/environment/ament_prefix_path.sh
-- Up-to-date symlink: /home/xiaobaige/UR5e_Vision_Assemble/install/robotiq_description/share/robotiq_description/environment/ament_prefix_path.dsv
-- Up-to-date symlink: /home/xiaobaige/UR5e_Vision_Assemble/install/robotiq_description/share/robotiq_description/environment/path.sh
-- Up-to-date symlink: /home/xiaobaige/UR5e_Vision_Assemble/install/robotiq_description/share/robotiq_description/environment/path.dsv
-- Up-to-date symlink: /home/xiaobaige/UR5e_Vision_Assemble/install/robotiq_description/share/robotiq_description/local_setup.bash
-- Up-to-date symlink: /home/xiaobaige/UR5e_Vision_Assemble/install/robotiq_description/share/robotiq_description/local_setup.sh
-- Up-to-date symlink: /home/xiaobaige/UR5e_Vision_Assemble/install/robotiq_description/share/robotiq_description/local_setup.zsh
-- Up-to-date symlink: /home/xiaobaige/UR5e_Vision_Assemble/install/robotiq_description/share/robotiq_description/local_setup.dsv
-- Symlinking: /home/xiaobaige/UR5e_Vision_Assemble/install/robotiq_description/share/robotiq_description/package.dsv
-- Up-to-date symlink: /home/xiaobaige/UR5e_Vision_Assemble/install/robotiq_description/share/ament_index/resource_index/packages/robotiq_description
-- Up-to-date symlink: /home/xiaobaige/UR5e_Vision_Assemble/install/robotiq_description/share/robotiq_description/cmake/robotiq_descriptionConfig.cmake
-- Up-to-date symlink: /home/xiaobaige/UR5e_Vision_Assemble/install/robotiq_description/share/robotiq_description/cmake/robotiq_descriptionConfig-version.cmake
-- Up-to-date symlink: /home/xiaobaige/UR5e_Vision_Assemble/install/robotiq_description/share/robotiq_description/package.xml
