[0.718s] DEBUG:colcon:Command line arguments: ['/usr/bin/colcon', 'build', '--symlink-install']
[0.718s] DEBUG:colcon:Parsed command line arguments: Namespace(log_base=None, log_level=None, verb_name='build', build_base='build', install_base='install', merge_install=False, symlink_install=True, test_result_base=None, continue_on_error=False, executor='parallel', parallel_workers=24, event_handlers=None, ignore_user_meta=False, metas=['./colcon.meta'], base_paths=['.'], packages_ignore=None, packages_ignore_regex=None, paths=None, packages_up_to=None, packages_up_to_regex=None, packages_above=None, packages_above_and_dependencies=None, packages_above_depth=None, packages_select_by_dep=None, packages_skip_by_dep=None, packages_skip_up_to=None, packages_select_build_failed=False, packages_skip_build_finished=False, packages_select_test_failures=False, packages_skip_test_passed=False, packages_select=None, packages_skip=None, packages_select_regex=None, packages_skip_regex=None, packages_start=None, packages_end=None, allow_overriding=[], cmake_args=None, cmake_target=None, cmake_target_skip_unavailable=False, cmake_clean_cache=False, cmake_clean_first=False, cmake_force_configure=False, ament_cmake_args=None, catkin_cmake_args=None, catkin_skip_building_tests=False, mixin_files=None, mixin=None, verb_parser=<colcon_mixin.mixin.mixin_argument.MixinArgumentDecorator object at 0x7f04e35e1780>, verb_extension=<colcon_core.verb.build.BuildVerb object at 0x7f04e35c3c10>, main=<bound method BuildVerb.main of <colcon_core.verb.build.BuildVerb object at 0x7f04e35c3c10>>, mixin_verb=('build',))
[0.743s] Level 1:colcon.colcon_core.package_discovery:discover_packages(colcon_meta) check parameters
[0.743s] Level 1:colcon.colcon_core.package_discovery:discover_packages(recursive) check parameters
[0.744s] Level 1:colcon.colcon_core.package_discovery:discover_packages(ignore) check parameters
[0.744s] Level 1:colcon.colcon_core.package_discovery:discover_packages(path) check parameters
[0.744s] Level 1:colcon.colcon_core.package_discovery:discover_packages(colcon_meta) discover
[0.744s] Level 1:colcon.colcon_core.package_discovery:discover_packages(recursive) discover
[0.744s] INFO:colcon.colcon_core.package_discovery:Crawling recursively for packages in '/home/xiaobaige/UR5e_Vision_Assemble'
[0.744s] Level 1:colcon.colcon_core.package_identification:_identify(.) by extensions ['ignore', 'ignore_ament_install']
[0.744s] Level 1:colcon.colcon_core.package_identification:_identify(.) by extension 'ignore'
[0.744s] Level 1:colcon.colcon_core.package_identification:_identify(.) by extension 'ignore_ament_install'
[0.744s] Level 1:colcon.colcon_core.package_identification:_identify(.) by extensions ['colcon_pkg']
[0.744s] Level 1:colcon.colcon_core.package_identification:_identify(.) by extension 'colcon_pkg'
[0.744s] Level 1:colcon.colcon_core.package_identification:_identify(.) by extensions ['colcon_meta']
[0.744s] Level 1:colcon.colcon_core.package_identification:_identify(.) by extension 'colcon_meta'
[0.744s] Level 1:colcon.colcon_core.package_identification:_identify(.) by extensions ['ros']
[0.744s] Level 1:colcon.colcon_core.package_identification:_identify(.) by extension 'ros'
[0.750s] Level 1:colcon.colcon_core.package_identification:_identify(.) by extensions ['cmake', 'python']
[0.750s] Level 1:colcon.colcon_core.package_identification:_identify(.) by extension 'cmake'
[0.750s] Level 1:colcon.colcon_core.package_identification:_identify(.) by extension 'python'
[0.750s] Level 1:colcon.colcon_core.package_identification:_identify(.) by extensions ['python_setup_py']
[0.750s] Level 1:colcon.colcon_core.package_identification:_identify(.) by extension 'python_setup_py'
[0.750s] Level 1:colcon.colcon_core.package_identification:_identify(build) by extensions ['ignore', 'ignore_ament_install']
[0.751s] Level 1:colcon.colcon_core.package_identification:_identify(build) by extension 'ignore'
[0.751s] Level 1:colcon.colcon_core.package_identification:_identify(build) ignored
[0.751s] Level 1:colcon.colcon_core.package_identification:_identify(install) by extensions ['ignore', 'ignore_ament_install']
[0.751s] Level 1:colcon.colcon_core.package_identification:_identify(install) by extension 'ignore'
[0.751s] Level 1:colcon.colcon_core.package_identification:_identify(install) ignored
[0.751s] Level 1:colcon.colcon_core.package_identification:_identify(log) by extensions ['ignore', 'ignore_ament_install']
[0.751s] Level 1:colcon.colcon_core.package_identification:_identify(log) by extension 'ignore'
[0.751s] Level 1:colcon.colcon_core.package_identification:_identify(log) ignored
[0.751s] Level 1:colcon.colcon_core.package_identification:_identify(src) by extensions ['ignore', 'ignore_ament_install']
[0.751s] Level 1:colcon.colcon_core.package_identification:_identify(src) by extension 'ignore'
[0.751s] Level 1:colcon.colcon_core.package_identification:_identify(src) by extension 'ignore_ament_install'
[0.751s] Level 1:colcon.colcon_core.package_identification:_identify(src) by extensions ['colcon_pkg']
[0.751s] Level 1:colcon.colcon_core.package_identification:_identify(src) by extension 'colcon_pkg'
[0.751s] Level 1:colcon.colcon_core.package_identification:_identify(src) by extensions ['colcon_meta']
[0.751s] Level 1:colcon.colcon_core.package_identification:_identify(src) by extension 'colcon_meta'
[0.751s] Level 1:colcon.colcon_core.package_identification:_identify(src) by extensions ['ros']
[0.751s] Level 1:colcon.colcon_core.package_identification:_identify(src) by extension 'ros'
[0.751s] Level 1:colcon.colcon_core.package_identification:_identify(src) by extensions ['cmake', 'python']
[0.751s] Level 1:colcon.colcon_core.package_identification:_identify(src) by extension 'cmake'
[0.751s] Level 1:colcon.colcon_core.package_identification:_identify(src) by extension 'python'
[0.751s] Level 1:colcon.colcon_core.package_identification:_identify(src) by extensions ['python_setup_py']
[0.751s] Level 1:colcon.colcon_core.package_identification:_identify(src) by extension 'python_setup_py'
[0.751s] Level 1:colcon.colcon_core.package_identification:_identify(src/ur5e_gripper) by extensions ['ignore', 'ignore_ament_install']
[0.751s] Level 1:colcon.colcon_core.package_identification:_identify(src/ur5e_gripper) by extension 'ignore'
[0.751s] Level 1:colcon.colcon_core.package_identification:_identify(src/ur5e_gripper) by extension 'ignore_ament_install'
[0.751s] Level 1:colcon.colcon_core.package_identification:_identify(src/ur5e_gripper) by extensions ['colcon_pkg']
[0.751s] Level 1:colcon.colcon_core.package_identification:_identify(src/ur5e_gripper) by extension 'colcon_pkg'
[0.751s] Level 1:colcon.colcon_core.package_identification:_identify(src/ur5e_gripper) by extensions ['colcon_meta']
[0.751s] Level 1:colcon.colcon_core.package_identification:_identify(src/ur5e_gripper) by extension 'colcon_meta'
[0.751s] Level 1:colcon.colcon_core.package_identification:_identify(src/ur5e_gripper) by extensions ['ros']
[0.751s] Level 1:colcon.colcon_core.package_identification:_identify(src/ur5e_gripper) by extension 'ros'
[0.751s] Level 1:colcon.colcon_core.package_identification:_identify(src/ur5e_gripper) by extensions ['cmake', 'python']
[0.751s] Level 1:colcon.colcon_core.package_identification:_identify(src/ur5e_gripper) by extension 'cmake'
[0.751s] Level 1:colcon.colcon_core.package_identification:_identify(src/ur5e_gripper) by extension 'python'
[0.751s] Level 1:colcon.colcon_core.package_identification:_identify(src/ur5e_gripper) by extensions ['python_setup_py']
[0.752s] Level 1:colcon.colcon_core.package_identification:_identify(src/ur5e_gripper) by extension 'python_setup_py'
[0.752s] Level 1:colcon.colcon_core.package_identification:_identify(src/ur5e_gripper/Universal_Robots_ROS2_Description) by extensions ['ignore', 'ignore_ament_install']
[0.752s] Level 1:colcon.colcon_core.package_identification:_identify(src/ur5e_gripper/Universal_Robots_ROS2_Description) by extension 'ignore'
[0.752s] Level 1:colcon.colcon_core.package_identification:_identify(src/ur5e_gripper/Universal_Robots_ROS2_Description) by extension 'ignore_ament_install'
[0.752s] Level 1:colcon.colcon_core.package_identification:_identify(src/ur5e_gripper/Universal_Robots_ROS2_Description) by extensions ['colcon_pkg']
[0.752s] Level 1:colcon.colcon_core.package_identification:_identify(src/ur5e_gripper/Universal_Robots_ROS2_Description) by extension 'colcon_pkg'
[0.752s] Level 1:colcon.colcon_core.package_identification:_identify(src/ur5e_gripper/Universal_Robots_ROS2_Description) by extensions ['colcon_meta']
[0.752s] Level 1:colcon.colcon_core.package_identification:_identify(src/ur5e_gripper/Universal_Robots_ROS2_Description) by extension 'colcon_meta'
[0.752s] Level 1:colcon.colcon_core.package_identification:_identify(src/ur5e_gripper/Universal_Robots_ROS2_Description) by extensions ['ros']
[0.752s] Level 1:colcon.colcon_core.package_identification:_identify(src/ur5e_gripper/Universal_Robots_ROS2_Description) by extension 'ros'
[0.754s] DEBUG:colcon.colcon_core.package_identification:Package 'src/ur5e_gripper/Universal_Robots_ROS2_Description' with type 'ros.ament_cmake' and name 'ur_description'
[0.754s] Level 1:colcon.colcon_core.package_identification:_identify(src/ur5e_gripper/robotiq_description) by extensions ['ignore', 'ignore_ament_install']
[0.754s] Level 1:colcon.colcon_core.package_identification:_identify(src/ur5e_gripper/robotiq_description) by extension 'ignore'
[0.754s] Level 1:colcon.colcon_core.package_identification:_identify(src/ur5e_gripper/robotiq_description) by extension 'ignore_ament_install'
[0.754s] Level 1:colcon.colcon_core.package_identification:_identify(src/ur5e_gripper/robotiq_description) by extensions ['colcon_pkg']
[0.754s] Level 1:colcon.colcon_core.package_identification:_identify(src/ur5e_gripper/robotiq_description) by extension 'colcon_pkg'
[0.754s] Level 1:colcon.colcon_core.package_identification:_identify(src/ur5e_gripper/robotiq_description) by extensions ['colcon_meta']
[0.754s] Level 1:colcon.colcon_core.package_identification:_identify(src/ur5e_gripper/robotiq_description) by extension 'colcon_meta'
[0.754s] Level 1:colcon.colcon_core.package_identification:_identify(src/ur5e_gripper/robotiq_description) by extensions ['ros']
[0.754s] Level 1:colcon.colcon_core.package_identification:_identify(src/ur5e_gripper/robotiq_description) by extension 'ros'
[0.754s] DEBUG:colcon.colcon_core.package_identification:Package 'src/ur5e_gripper/robotiq_description' with type 'ros.ament_cmake' and name 'robotiq_description'
[0.754s] Level 1:colcon.colcon_core.package_identification:_identify(src/ur5e_gripper/ur5e_gripper_description) by extensions ['ignore', 'ignore_ament_install']
[0.754s] Level 1:colcon.colcon_core.package_identification:_identify(src/ur5e_gripper/ur5e_gripper_description) by extension 'ignore'
[0.754s] Level 1:colcon.colcon_core.package_identification:_identify(src/ur5e_gripper/ur5e_gripper_description) by extension 'ignore_ament_install'
[0.754s] Level 1:colcon.colcon_core.package_identification:_identify(src/ur5e_gripper/ur5e_gripper_description) by extensions ['colcon_pkg']
[0.754s] Level 1:colcon.colcon_core.package_identification:_identify(src/ur5e_gripper/ur5e_gripper_description) by extension 'colcon_pkg'
[0.754s] Level 1:colcon.colcon_core.package_identification:_identify(src/ur5e_gripper/ur5e_gripper_description) by extensions ['colcon_meta']
[0.754s] Level 1:colcon.colcon_core.package_identification:_identify(src/ur5e_gripper/ur5e_gripper_description) by extension 'colcon_meta'
[0.754s] Level 1:colcon.colcon_core.package_identification:_identify(src/ur5e_gripper/ur5e_gripper_description) by extensions ['ros']
[0.754s] Level 1:colcon.colcon_core.package_identification:_identify(src/ur5e_gripper/ur5e_gripper_description) by extension 'ros'
[0.755s] DEBUG:colcon.colcon_core.package_identification:Package 'src/ur5e_gripper/ur5e_gripper_description' with type 'ros.ament_cmake' and name 'ur5e_gripper_description'
[0.755s] Level 1:colcon.colcon_core.package_identification:_identify(src/ur5e_gripper/ur5e_gripper_moveit_config) by extensions ['ignore', 'ignore_ament_install']
[0.755s] Level 1:colcon.colcon_core.package_identification:_identify(src/ur5e_gripper/ur5e_gripper_moveit_config) by extension 'ignore'
[0.755s] Level 1:colcon.colcon_core.package_identification:_identify(src/ur5e_gripper/ur5e_gripper_moveit_config) by extension 'ignore_ament_install'
[0.755s] Level 1:colcon.colcon_core.package_identification:_identify(src/ur5e_gripper/ur5e_gripper_moveit_config) by extensions ['colcon_pkg']
[0.755s] Level 1:colcon.colcon_core.package_identification:_identify(src/ur5e_gripper/ur5e_gripper_moveit_config) by extension 'colcon_pkg'
[0.755s] Level 1:colcon.colcon_core.package_identification:_identify(src/ur5e_gripper/ur5e_gripper_moveit_config) by extensions ['colcon_meta']
[0.755s] Level 1:colcon.colcon_core.package_identification:_identify(src/ur5e_gripper/ur5e_gripper_moveit_config) by extension 'colcon_meta'
[0.755s] Level 1:colcon.colcon_core.package_identification:_identify(src/ur5e_gripper/ur5e_gripper_moveit_config) by extensions ['ros']
[0.755s] Level 1:colcon.colcon_core.package_identification:_identify(src/ur5e_gripper/ur5e_gripper_moveit_config) by extension 'ros'
[0.755s] DEBUG:colcon.colcon_core.package_identification:Package 'src/ur5e_gripper/ur5e_gripper_moveit_config' with type 'ros.ament_cmake' and name 'ur5e_gripper_moveit_config'
[0.756s] Level 1:colcon.colcon_core.package_discovery:discover_packages(recursive) using defaults
[0.756s] Level 1:colcon.colcon_core.package_discovery:discover_packages(ignore) discover
[0.756s] Level 1:colcon.colcon_core.package_discovery:discover_packages(ignore) using defaults
[0.756s] Level 1:colcon.colcon_core.package_discovery:discover_packages(path) discover
[0.756s] Level 1:colcon.colcon_core.package_discovery:discover_packages(path) using defaults
[0.806s] Level 1:colcon.colcon_core.package_discovery:discover_packages(prefix_path) check parameters
[0.807s] Level 1:colcon.colcon_core.package_discovery:discover_packages(prefix_path) discover
[0.823s] DEBUG:colcon.colcon_installed_package_information.package_discovery:Found 5 installed packages in /home/xiaobaige/UR5e_Vision_Assemble/install
[0.832s] DEBUG:colcon.colcon_installed_package_information.package_discovery:Found 387 installed packages in /opt/ros/humble
[0.833s] Level 1:colcon.colcon_core.package_discovery:discover_packages(prefix_path) using defaults
[0.890s] Level 5:colcon.colcon_core.verb:set package 'robotiq_description' build argument 'cmake_args' from command line to 'None'
[0.890s] Level 5:colcon.colcon_core.verb:set package 'robotiq_description' build argument 'cmake_target' from command line to 'None'
[0.890s] Level 5:colcon.colcon_core.verb:set package 'robotiq_description' build argument 'cmake_target_skip_unavailable' from command line to 'False'
[0.890s] Level 5:colcon.colcon_core.verb:set package 'robotiq_description' build argument 'cmake_clean_cache' from command line to 'False'
[0.890s] Level 5:colcon.colcon_core.verb:set package 'robotiq_description' build argument 'cmake_clean_first' from command line to 'False'
[0.890s] Level 5:colcon.colcon_core.verb:set package 'robotiq_description' build argument 'cmake_force_configure' from command line to 'False'
[0.890s] Level 5:colcon.colcon_core.verb:set package 'robotiq_description' build argument 'ament_cmake_args' from command line to 'None'
[0.890s] Level 5:colcon.colcon_core.verb:set package 'robotiq_description' build argument 'catkin_cmake_args' from command line to 'None'
[0.890s] Level 5:colcon.colcon_core.verb:set package 'robotiq_description' build argument 'catkin_skip_building_tests' from command line to 'False'
[0.890s] DEBUG:colcon.colcon_core.verb:Building package 'robotiq_description' with the following arguments: {'ament_cmake_args': None, 'build_base': '/home/xiaobaige/UR5e_Vision_Assemble/build/robotiq_description', 'catkin_cmake_args': None, 'catkin_skip_building_tests': False, 'cmake_args': None, 'cmake_clean_cache': False, 'cmake_clean_first': False, 'cmake_force_configure': False, 'cmake_target': None, 'cmake_target_skip_unavailable': False, 'install_base': '/home/xiaobaige/UR5e_Vision_Assemble/install/robotiq_description', 'merge_install': False, 'path': '/home/xiaobaige/UR5e_Vision_Assemble/src/ur5e_gripper/robotiq_description', 'symlink_install': True, 'test_result_base': None}
[0.898s] Level 5:colcon.colcon_core.verb:set package 'ur_description' build argument 'cmake_args' from command line to 'None'
[0.898s] Level 5:colcon.colcon_core.verb:set package 'ur_description' build argument 'cmake_target' from command line to 'None'
[0.898s] Level 5:colcon.colcon_core.verb:set package 'ur_description' build argument 'cmake_target_skip_unavailable' from command line to 'False'
[0.898s] Level 5:colcon.colcon_core.verb:set package 'ur_description' build argument 'cmake_clean_cache' from command line to 'False'
[0.898s] Level 5:colcon.colcon_core.verb:set package 'ur_description' build argument 'cmake_clean_first' from command line to 'False'
[0.898s] Level 5:colcon.colcon_core.verb:set package 'ur_description' build argument 'cmake_force_configure' from command line to 'False'
[0.898s] Level 5:colcon.colcon_core.verb:set package 'ur_description' build argument 'ament_cmake_args' from command line to 'None'
[0.898s] Level 5:colcon.colcon_core.verb:set package 'ur_description' build argument 'catkin_cmake_args' from command line to 'None'
[0.898s] Level 5:colcon.colcon_core.verb:set package 'ur_description' build argument 'catkin_skip_building_tests' from command line to 'False'
[0.898s] DEBUG:colcon.colcon_core.verb:Building package 'ur_description' with the following arguments: {'ament_cmake_args': None, 'build_base': '/home/xiaobaige/UR5e_Vision_Assemble/build/ur_description', 'catkin_cmake_args': None, 'catkin_skip_building_tests': False, 'cmake_args': None, 'cmake_clean_cache': False, 'cmake_clean_first': False, 'cmake_force_configure': False, 'cmake_target': None, 'cmake_target_skip_unavailable': False, 'install_base': '/home/xiaobaige/UR5e_Vision_Assemble/install/ur_description', 'merge_install': False, 'path': '/home/xiaobaige/UR5e_Vision_Assemble/src/ur5e_gripper/Universal_Robots_ROS2_Description', 'symlink_install': True, 'test_result_base': None}
[0.906s] Level 5:colcon.colcon_core.verb:set package 'ur5e_gripper_description' build argument 'cmake_args' from command line to 'None'
[0.906s] Level 5:colcon.colcon_core.verb:set package 'ur5e_gripper_description' build argument 'cmake_target' from command line to 'None'
[0.906s] Level 5:colcon.colcon_core.verb:set package 'ur5e_gripper_description' build argument 'cmake_target_skip_unavailable' from command line to 'False'
[0.906s] Level 5:colcon.colcon_core.verb:set package 'ur5e_gripper_description' build argument 'cmake_clean_cache' from command line to 'False'
[0.906s] Level 5:colcon.colcon_core.verb:set package 'ur5e_gripper_description' build argument 'cmake_clean_first' from command line to 'False'
[0.906s] Level 5:colcon.colcon_core.verb:set package 'ur5e_gripper_description' build argument 'cmake_force_configure' from command line to 'False'
[0.906s] Level 5:colcon.colcon_core.verb:set package 'ur5e_gripper_description' build argument 'ament_cmake_args' from command line to 'None'
[0.906s] Level 5:colcon.colcon_core.verb:set package 'ur5e_gripper_description' build argument 'catkin_cmake_args' from command line to 'None'
[0.906s] Level 5:colcon.colcon_core.verb:set package 'ur5e_gripper_description' build argument 'catkin_skip_building_tests' from command line to 'False'
[0.906s] DEBUG:colcon.colcon_core.verb:Building package 'ur5e_gripper_description' with the following arguments: {'ament_cmake_args': None, 'build_base': '/home/xiaobaige/UR5e_Vision_Assemble/build/ur5e_gripper_description', 'catkin_cmake_args': None, 'catkin_skip_building_tests': False, 'cmake_args': None, 'cmake_clean_cache': False, 'cmake_clean_first': False, 'cmake_force_configure': False, 'cmake_target': None, 'cmake_target_skip_unavailable': False, 'install_base': '/home/xiaobaige/UR5e_Vision_Assemble/install/ur5e_gripper_description', 'merge_install': False, 'path': '/home/xiaobaige/UR5e_Vision_Assemble/src/ur5e_gripper/ur5e_gripper_description', 'symlink_install': True, 'test_result_base': None}
[0.914s] Level 5:colcon.colcon_core.verb:set package 'ur5e_gripper_moveit_config' build argument 'cmake_args' from command line to 'None'
[0.914s] Level 5:colcon.colcon_core.verb:set package 'ur5e_gripper_moveit_config' build argument 'cmake_target' from command line to 'None'
[0.914s] Level 5:colcon.colcon_core.verb:set package 'ur5e_gripper_moveit_config' build argument 'cmake_target_skip_unavailable' from command line to 'False'
[0.914s] Level 5:colcon.colcon_core.verb:set package 'ur5e_gripper_moveit_config' build argument 'cmake_clean_cache' from command line to 'False'
[0.914s] Level 5:colcon.colcon_core.verb:set package 'ur5e_gripper_moveit_config' build argument 'cmake_clean_first' from command line to 'False'
[0.914s] Level 5:colcon.colcon_core.verb:set package 'ur5e_gripper_moveit_config' build argument 'cmake_force_configure' from command line to 'False'
[0.914s] Level 5:colcon.colcon_core.verb:set package 'ur5e_gripper_moveit_config' build argument 'ament_cmake_args' from command line to 'None'
[0.914s] Level 5:colcon.colcon_core.verb:set package 'ur5e_gripper_moveit_config' build argument 'catkin_cmake_args' from command line to 'None'
[0.914s] Level 5:colcon.colcon_core.verb:set package 'ur5e_gripper_moveit_config' build argument 'catkin_skip_building_tests' from command line to 'False'
[0.914s] DEBUG:colcon.colcon_core.verb:Building package 'ur5e_gripper_moveit_config' with the following arguments: {'ament_cmake_args': None, 'build_base': '/home/xiaobaige/UR5e_Vision_Assemble/build/ur5e_gripper_moveit_config', 'catkin_cmake_args': None, 'catkin_skip_building_tests': False, 'cmake_args': None, 'cmake_clean_cache': False, 'cmake_clean_first': False, 'cmake_force_configure': False, 'cmake_target': None, 'cmake_target_skip_unavailable': False, 'install_base': '/home/xiaobaige/UR5e_Vision_Assemble/install/ur5e_gripper_moveit_config', 'merge_install': False, 'path': '/home/xiaobaige/UR5e_Vision_Assemble/src/ur5e_gripper/ur5e_gripper_moveit_config', 'symlink_install': True, 'test_result_base': None}
[0.922s] INFO:colcon.colcon_core.executor:Executing jobs using 'parallel' executor
[0.930s] DEBUG:colcon.colcon_parallel_executor.executor.parallel:run_until_complete
[0.930s] INFO:colcon.colcon_ros.task.ament_cmake.build:Building ROS package in '/home/xiaobaige/UR5e_Vision_Assemble/src/ur5e_gripper/Universal_Robots_ROS2_Description' with build type 'ament_cmake'
[0.930s] INFO:colcon.colcon_cmake.task.cmake.build:Building CMake package in '/home/xiaobaige/UR5e_Vision_Assemble/src/ur5e_gripper/Universal_Robots_ROS2_Description'
[0.939s] INFO:colcon.colcon_core.plugin_system:Skipping extension 'colcon_core.shell.bat': Not used on non-Windows systems
[0.940s] INFO:colcon.colcon_core.shell:Skip shell extension 'powershell' for command environment: Not usable outside of PowerShell
[0.940s] DEBUG:colcon.colcon_core.shell:Skip shell extension 'dsv' for command environment
[0.965s] INFO:colcon.colcon_ros.task.ament_cmake.build:Building ROS package in '/home/xiaobaige/UR5e_Vision_Assemble/src/ur5e_gripper/robotiq_description' with build type 'ament_cmake'
[0.965s] INFO:colcon.colcon_cmake.task.cmake.build:Building CMake package in '/home/xiaobaige/UR5e_Vision_Assemble/src/ur5e_gripper/robotiq_description'
[0.973s] INFO:colcon.colcon_core.shell:Skip shell extension 'powershell' for command environment: Not usable outside of PowerShell
[0.973s] DEBUG:colcon.colcon_core.shell:Skip shell extension 'dsv' for command environment
[1.001s] DEBUG:colcon.colcon_core.event_handler.log_command:Invoking command in '/home/xiaobaige/UR5e_Vision_Assemble/build/ur_description': CMAKE_PREFIX_PATH=${CMAKE_PREFIX_PATH}:/opt/ros/humble /usr/bin/cmake /home/xiaobaige/UR5e_Vision_Assemble/src/ur5e_gripper/Universal_Robots_ROS2_Description -DAMENT_CMAKE_SYMLINK_INSTALL=1 -DCMAKE_INSTALL_PREFIX=/home/xiaobaige/UR5e_Vision_Assemble/install/ur_description
[1.003s] DEBUG:colcon.colcon_core.event_handler.log_command:Invoking command in '/home/xiaobaige/UR5e_Vision_Assemble/build/robotiq_description': CMAKE_PREFIX_PATH=${CMAKE_PREFIX_PATH}:/opt/ros/humble /usr/bin/cmake /home/xiaobaige/UR5e_Vision_Assemble/src/ur5e_gripper/robotiq_description -DAMENT_CMAKE_SYMLINK_INSTALL=1 -DCMAKE_INSTALL_PREFIX=/home/xiaobaige/UR5e_Vision_Assemble/install/robotiq_description
[1.343s] DEBUG:colcon.colcon_core.event_handler.log_command:Invoked command in '/home/xiaobaige/UR5e_Vision_Assemble/build/robotiq_description' returned '0': CMAKE_PREFIX_PATH=${CMAKE_PREFIX_PATH}:/opt/ros/humble /usr/bin/cmake /home/xiaobaige/UR5e_Vision_Assemble/src/ur5e_gripper/robotiq_description -DAMENT_CMAKE_SYMLINK_INSTALL=1 -DCMAKE_INSTALL_PREFIX=/home/xiaobaige/UR5e_Vision_Assemble/install/robotiq_description
[1.343s] DEBUG:colcon.colcon_core.event_handler.log_command:Invoking command in '/home/xiaobaige/UR5e_Vision_Assemble/build/robotiq_description': CMAKE_PREFIX_PATH=${CMAKE_PREFIX_PATH}:/opt/ros/humble /usr/bin/cmake --build /home/xiaobaige/UR5e_Vision_Assemble/build/robotiq_description -- -j24 -l24
[1.382s] DEBUG:colcon.colcon_core.event_handler.log_command:Invoked command in '/home/xiaobaige/UR5e_Vision_Assemble/build/robotiq_description' returned '0': CMAKE_PREFIX_PATH=${CMAKE_PREFIX_PATH}:/opt/ros/humble /usr/bin/cmake --build /home/xiaobaige/UR5e_Vision_Assemble/build/robotiq_description -- -j24 -l24
[1.400s] DEBUG:colcon.colcon_core.event_handler.log_command:Invoking command in '/home/xiaobaige/UR5e_Vision_Assemble/build/robotiq_description': CMAKE_PREFIX_PATH=${CMAKE_PREFIX_PATH}:/opt/ros/humble /usr/bin/cmake --install /home/xiaobaige/UR5e_Vision_Assemble/build/robotiq_description
[1.413s] Level 1:colcon.colcon_core.environment:create_environment_scripts_only(robotiq_description)
[1.413s] DEBUG:colcon.colcon_core.event_handler.log_command:Invoked command in '/home/xiaobaige/UR5e_Vision_Assemble/build/robotiq_description' returned '0': CMAKE_PREFIX_PATH=${CMAKE_PREFIX_PATH}:/opt/ros/humble /usr/bin/cmake --install /home/xiaobaige/UR5e_Vision_Assemble/build/robotiq_description
[1.423s] Level 1:colcon.colcon_core.environment:checking '/home/xiaobaige/UR5e_Vision_Assemble/install/robotiq_description' for CMake module files
[1.424s] Level 1:colcon.colcon_core.environment:checking '/home/xiaobaige/UR5e_Vision_Assemble/install/robotiq_description' for CMake config files
[1.424s] Level 1:colcon.colcon_core.shell:create_environment_hook('robotiq_description', 'cmake_prefix_path')
[1.432s] INFO:colcon.colcon_core.shell:Creating environment hook '/home/xiaobaige/UR5e_Vision_Assemble/install/robotiq_description/share/robotiq_description/hook/cmake_prefix_path.ps1'
[1.433s] INFO:colcon.colcon_core.shell:Creating environment descriptor '/home/xiaobaige/UR5e_Vision_Assemble/install/robotiq_description/share/robotiq_description/hook/cmake_prefix_path.dsv'
[1.433s] INFO:colcon.colcon_core.shell:Creating environment hook '/home/xiaobaige/UR5e_Vision_Assemble/install/robotiq_description/share/robotiq_description/hook/cmake_prefix_path.sh'
[1.433s] Level 1:colcon.colcon_core.environment:checking '/home/xiaobaige/UR5e_Vision_Assemble/install/robotiq_description/lib'
[1.434s] Level 1:colcon.colcon_core.environment:checking '/home/xiaobaige/UR5e_Vision_Assemble/install/robotiq_description/bin'
[1.434s] Level 1:colcon.colcon_core.environment:checking '/home/xiaobaige/UR5e_Vision_Assemble/install/robotiq_description/lib/pkgconfig/robotiq_description.pc'
[1.434s] Level 1:colcon.colcon_core.environment:checking '/home/xiaobaige/UR5e_Vision_Assemble/install/robotiq_description/lib/python3.10/site-packages'
[1.434s] Level 1:colcon.colcon_core.environment:checking '/home/xiaobaige/UR5e_Vision_Assemble/install/robotiq_description/bin'
[1.442s] INFO:colcon.colcon_core.shell:Creating package script '/home/xiaobaige/UR5e_Vision_Assemble/install/robotiq_description/share/robotiq_description/package.ps1'
[1.443s] INFO:colcon.colcon_core.shell:Creating package descriptor '/home/xiaobaige/UR5e_Vision_Assemble/install/robotiq_description/share/robotiq_description/package.dsv'
[1.443s] INFO:colcon.colcon_core.shell:Creating package script '/home/xiaobaige/UR5e_Vision_Assemble/install/robotiq_description/share/robotiq_description/package.sh'
[1.443s] INFO:colcon.colcon_core.shell:Creating package script '/home/xiaobaige/UR5e_Vision_Assemble/install/robotiq_description/share/robotiq_description/package.bash'
[1.443s] INFO:colcon.colcon_core.shell:Creating package script '/home/xiaobaige/UR5e_Vision_Assemble/install/robotiq_description/share/robotiq_description/package.zsh'
[1.444s] Level 1:colcon.colcon_core.environment:create_file_with_runtime_dependencies(/home/xiaobaige/UR5e_Vision_Assemble/install/robotiq_description/share/colcon-core/packages/robotiq_description)
[1.467s] Level 1:colcon.colcon_core.environment:create_environment_scripts_only(robotiq_description)
[1.476s] Level 1:colcon.colcon_core.environment:checking '/home/xiaobaige/UR5e_Vision_Assemble/install/robotiq_description' for CMake module files
[1.476s] Level 1:colcon.colcon_core.environment:checking '/home/xiaobaige/UR5e_Vision_Assemble/install/robotiq_description' for CMake config files
[1.476s] Level 1:colcon.colcon_core.shell:create_environment_hook('robotiq_description', 'cmake_prefix_path')
[1.484s] INFO:colcon.colcon_core.shell:Creating environment hook '/home/xiaobaige/UR5e_Vision_Assemble/install/robotiq_description/share/robotiq_description/hook/cmake_prefix_path.ps1'
[1.485s] INFO:colcon.colcon_core.shell:Creating environment descriptor '/home/xiaobaige/UR5e_Vision_Assemble/install/robotiq_description/share/robotiq_description/hook/cmake_prefix_path.dsv'
[1.485s] INFO:colcon.colcon_core.shell:Creating environment hook '/home/xiaobaige/UR5e_Vision_Assemble/install/robotiq_description/share/robotiq_description/hook/cmake_prefix_path.sh'
[1.485s] Level 1:colcon.colcon_core.environment:checking '/home/xiaobaige/UR5e_Vision_Assemble/install/robotiq_description/lib'
[1.485s] Level 1:colcon.colcon_core.environment:checking '/home/xiaobaige/UR5e_Vision_Assemble/install/robotiq_description/bin'
[1.485s] Level 1:colcon.colcon_core.environment:checking '/home/xiaobaige/UR5e_Vision_Assemble/install/robotiq_description/lib/pkgconfig/robotiq_description.pc'
[1.485s] Level 1:colcon.colcon_core.environment:checking '/home/xiaobaige/UR5e_Vision_Assemble/install/robotiq_description/lib/python3.10/site-packages'
[1.485s] Level 1:colcon.colcon_core.environment:checking '/home/xiaobaige/UR5e_Vision_Assemble/install/robotiq_description/bin'
[1.494s] INFO:colcon.colcon_core.shell:Creating package script '/home/xiaobaige/UR5e_Vision_Assemble/install/robotiq_description/share/robotiq_description/package.ps1'
[1.494s] INFO:colcon.colcon_core.shell:Creating package descriptor '/home/xiaobaige/UR5e_Vision_Assemble/install/robotiq_description/share/robotiq_description/package.dsv'
[1.494s] INFO:colcon.colcon_core.shell:Creating package script '/home/xiaobaige/UR5e_Vision_Assemble/install/robotiq_description/share/robotiq_description/package.sh'
[1.494s] INFO:colcon.colcon_core.shell:Creating package script '/home/xiaobaige/UR5e_Vision_Assemble/install/robotiq_description/share/robotiq_description/package.bash'
[1.494s] INFO:colcon.colcon_core.shell:Creating package script '/home/xiaobaige/UR5e_Vision_Assemble/install/robotiq_description/share/robotiq_description/package.zsh'
[1.495s] Level 1:colcon.colcon_core.environment:create_file_with_runtime_dependencies(/home/xiaobaige/UR5e_Vision_Assemble/install/robotiq_description/share/colcon-core/packages/robotiq_description)
[1.505s] DEBUG:colcon.colcon_core.event_handler.log_command:Invoked command in '/home/xiaobaige/UR5e_Vision_Assemble/build/ur_description' returned '0': CMAKE_PREFIX_PATH=${CMAKE_PREFIX_PATH}:/opt/ros/humble /usr/bin/cmake /home/xiaobaige/UR5e_Vision_Assemble/src/ur5e_gripper/Universal_Robots_ROS2_Description -DAMENT_CMAKE_SYMLINK_INSTALL=1 -DCMAKE_INSTALL_PREFIX=/home/xiaobaige/UR5e_Vision_Assemble/install/ur_description
[1.506s] DEBUG:colcon.colcon_core.event_handler.log_command:Invoking command in '/home/xiaobaige/UR5e_Vision_Assemble/build/ur_description': CMAKE_PREFIX_PATH=${CMAKE_PREFIX_PATH}:/opt/ros/humble /usr/bin/cmake --build /home/xiaobaige/UR5e_Vision_Assemble/build/ur_description -- -j24 -l24
[1.531s] DEBUG:colcon.colcon_core.event_handler.log_command:Invoked command in '/home/xiaobaige/UR5e_Vision_Assemble/build/ur_description' returned '0': CMAKE_PREFIX_PATH=${CMAKE_PREFIX_PATH}:/opt/ros/humble /usr/bin/cmake --build /home/xiaobaige/UR5e_Vision_Assemble/build/ur_description -- -j24 -l24
[1.550s] DEBUG:colcon.colcon_core.event_handler.log_command:Invoking command in '/home/xiaobaige/UR5e_Vision_Assemble/build/ur_description': CMAKE_PREFIX_PATH=${CMAKE_PREFIX_PATH}:/opt/ros/humble /usr/bin/cmake --install /home/xiaobaige/UR5e_Vision_Assemble/build/ur_description
[1.578s] Level 1:colcon.colcon_core.environment:create_environment_scripts_only(ur_description)
[1.578s] DEBUG:colcon.colcon_core.event_handler.log_command:Invoked command in '/home/xiaobaige/UR5e_Vision_Assemble/build/ur_description' returned '0': CMAKE_PREFIX_PATH=${CMAKE_PREFIX_PATH}:/opt/ros/humble /usr/bin/cmake --install /home/xiaobaige/UR5e_Vision_Assemble/build/ur_description
[1.586s] Level 1:colcon.colcon_core.environment:checking '/home/xiaobaige/UR5e_Vision_Assemble/install/ur_description' for CMake module files
[1.587s] Level 1:colcon.colcon_core.environment:checking '/home/xiaobaige/UR5e_Vision_Assemble/install/ur_description' for CMake config files
[1.587s] Level 1:colcon.colcon_core.shell:create_environment_hook('ur_description', 'cmake_prefix_path')
[1.595s] INFO:colcon.colcon_core.shell:Creating environment hook '/home/xiaobaige/UR5e_Vision_Assemble/install/ur_description/share/ur_description/hook/cmake_prefix_path.ps1'
[1.595s] INFO:colcon.colcon_core.shell:Creating environment descriptor '/home/xiaobaige/UR5e_Vision_Assemble/install/ur_description/share/ur_description/hook/cmake_prefix_path.dsv'
[1.595s] INFO:colcon.colcon_core.shell:Creating environment hook '/home/xiaobaige/UR5e_Vision_Assemble/install/ur_description/share/ur_description/hook/cmake_prefix_path.sh'
[1.596s] Level 1:colcon.colcon_core.environment:checking '/home/xiaobaige/UR5e_Vision_Assemble/install/ur_description/bin'
[1.596s] Level 1:colcon.colcon_core.environment:checking '/home/xiaobaige/UR5e_Vision_Assemble/install/ur_description/lib/pkgconfig/ur_description.pc'
[1.596s] Level 1:colcon.colcon_core.environment:checking '/home/xiaobaige/UR5e_Vision_Assemble/install/ur_description/lib/python3.10/site-packages'
[1.596s] Level 1:colcon.colcon_core.environment:checking '/home/xiaobaige/UR5e_Vision_Assemble/install/ur_description/bin'
[1.604s] INFO:colcon.colcon_core.shell:Creating package script '/home/xiaobaige/UR5e_Vision_Assemble/install/ur_description/share/ur_description/package.ps1'
[1.604s] INFO:colcon.colcon_core.shell:Creating package descriptor '/home/xiaobaige/UR5e_Vision_Assemble/install/ur_description/share/ur_description/package.dsv'
[1.604s] INFO:colcon.colcon_core.shell:Creating package script '/home/xiaobaige/UR5e_Vision_Assemble/install/ur_description/share/ur_description/package.sh'
[1.605s] INFO:colcon.colcon_core.shell:Creating package script '/home/xiaobaige/UR5e_Vision_Assemble/install/ur_description/share/ur_description/package.bash'
[1.605s] INFO:colcon.colcon_core.shell:Creating package script '/home/xiaobaige/UR5e_Vision_Assemble/install/ur_description/share/ur_description/package.zsh'
[1.605s] Level 1:colcon.colcon_core.environment:create_file_with_runtime_dependencies(/home/xiaobaige/UR5e_Vision_Assemble/install/ur_description/share/colcon-core/packages/ur_description)
[1.631s] Level 1:colcon.colcon_core.environment:create_environment_scripts_only(ur_description)
[1.640s] Level 1:colcon.colcon_core.environment:checking '/home/xiaobaige/UR5e_Vision_Assemble/install/ur_description' for CMake module files
[1.640s] Level 1:colcon.colcon_core.environment:checking '/home/xiaobaige/UR5e_Vision_Assemble/install/ur_description' for CMake config files
[1.640s] Level 1:colcon.colcon_core.shell:create_environment_hook('ur_description', 'cmake_prefix_path')
[1.648s] INFO:colcon.colcon_core.shell:Creating environment hook '/home/xiaobaige/UR5e_Vision_Assemble/install/ur_description/share/ur_description/hook/cmake_prefix_path.ps1'
[1.649s] INFO:colcon.colcon_core.shell:Creating environment descriptor '/home/xiaobaige/UR5e_Vision_Assemble/install/ur_description/share/ur_description/hook/cmake_prefix_path.dsv'
[1.649s] INFO:colcon.colcon_core.shell:Creating environment hook '/home/xiaobaige/UR5e_Vision_Assemble/install/ur_description/share/ur_description/hook/cmake_prefix_path.sh'
[1.649s] Level 1:colcon.colcon_core.environment:checking '/home/xiaobaige/UR5e_Vision_Assemble/install/ur_description/bin'
[1.649s] Level 1:colcon.colcon_core.environment:checking '/home/xiaobaige/UR5e_Vision_Assemble/install/ur_description/lib/pkgconfig/ur_description.pc'
[1.649s] Level 1:colcon.colcon_core.environment:checking '/home/xiaobaige/UR5e_Vision_Assemble/install/ur_description/lib/python3.10/site-packages'
[1.649s] Level 1:colcon.colcon_core.environment:checking '/home/xiaobaige/UR5e_Vision_Assemble/install/ur_description/bin'
[1.658s] INFO:colcon.colcon_core.shell:Creating package script '/home/xiaobaige/UR5e_Vision_Assemble/install/ur_description/share/ur_description/package.ps1'
[1.658s] INFO:colcon.colcon_core.shell:Creating package descriptor '/home/xiaobaige/UR5e_Vision_Assemble/install/ur_description/share/ur_description/package.dsv'
[1.658s] INFO:colcon.colcon_core.shell:Creating package script '/home/xiaobaige/UR5e_Vision_Assemble/install/ur_description/share/ur_description/package.sh'
[1.658s] INFO:colcon.colcon_core.shell:Creating package script '/home/xiaobaige/UR5e_Vision_Assemble/install/ur_description/share/ur_description/package.bash'
[1.659s] INFO:colcon.colcon_core.shell:Creating package script '/home/xiaobaige/UR5e_Vision_Assemble/install/ur_description/share/ur_description/package.zsh'
[1.659s] Level 1:colcon.colcon_core.environment:create_file_with_runtime_dependencies(/home/xiaobaige/UR5e_Vision_Assemble/install/ur_description/share/colcon-core/packages/ur_description)
[1.659s] INFO:colcon.colcon_ros.task.ament_cmake.build:Building ROS package in '/home/xiaobaige/UR5e_Vision_Assemble/src/ur5e_gripper/ur5e_gripper_description' with build type 'ament_cmake'
[1.659s] INFO:colcon.colcon_cmake.task.cmake.build:Building CMake package in '/home/xiaobaige/UR5e_Vision_Assemble/src/ur5e_gripper/ur5e_gripper_description'
[1.667s] INFO:colcon.colcon_core.shell:Skip shell extension 'powershell' for command environment: Not usable outside of PowerShell
[1.668s] DEBUG:colcon.colcon_core.shell:Skip shell extension 'dsv' for command environment
[1.697s] DEBUG:colcon.colcon_core.event_handler.log_command:Invoking command in '/home/xiaobaige/UR5e_Vision_Assemble/build/ur5e_gripper_description': CMAKE_PREFIX_PATH=/home/xiaobaige/UR5e_Vision_Assemble/install/ur_description:/home/xiaobaige/UR5e_Vision_Assemble/install/ur5e_gripper_moveit_config:/home/xiaobaige/UR5e_Vision_Assemble/install/ur5e_gripper_description:/home/xiaobaige/UR5e_Vision_Assemble/install/robotiq_description:/home/xiaobaige/UR5e_Vision_Assemble/install/controller:/opt/ros/humble /usr/bin/cmake /home/xiaobaige/UR5e_Vision_Assemble/src/ur5e_gripper/ur5e_gripper_description -DAMENT_CMAKE_SYMLINK_INSTALL=1 -DCMAKE_INSTALL_PREFIX=/home/xiaobaige/UR5e_Vision_Assemble/install/ur5e_gripper_description
[1.866s] DEBUG:colcon.colcon_core.event_handler.log_command:Invoked command in '/home/xiaobaige/UR5e_Vision_Assemble/build/ur5e_gripper_description' returned '0': CMAKE_PREFIX_PATH=/home/xiaobaige/UR5e_Vision_Assemble/install/ur_description:/home/xiaobaige/UR5e_Vision_Assemble/install/ur5e_gripper_moveit_config:/home/xiaobaige/UR5e_Vision_Assemble/install/ur5e_gripper_description:/home/xiaobaige/UR5e_Vision_Assemble/install/robotiq_description:/home/xiaobaige/UR5e_Vision_Assemble/install/controller:/opt/ros/humble /usr/bin/cmake /home/xiaobaige/UR5e_Vision_Assemble/src/ur5e_gripper/ur5e_gripper_description -DAMENT_CMAKE_SYMLINK_INSTALL=1 -DCMAKE_INSTALL_PREFIX=/home/xiaobaige/UR5e_Vision_Assemble/install/ur5e_gripper_description
[1.867s] DEBUG:colcon.colcon_core.event_handler.log_command:Invoking command in '/home/xiaobaige/UR5e_Vision_Assemble/build/ur5e_gripper_description': CMAKE_PREFIX_PATH=/home/xiaobaige/UR5e_Vision_Assemble/install/ur_description:/home/xiaobaige/UR5e_Vision_Assemble/install/ur5e_gripper_moveit_config:/home/xiaobaige/UR5e_Vision_Assemble/install/ur5e_gripper_description:/home/xiaobaige/UR5e_Vision_Assemble/install/robotiq_description:/home/xiaobaige/UR5e_Vision_Assemble/install/controller:/opt/ros/humble /usr/bin/cmake --build /home/xiaobaige/UR5e_Vision_Assemble/build/ur5e_gripper_description -- -j24 -l24
[1.889s] DEBUG:colcon.colcon_core.event_handler.log_command:Invoked command in '/home/xiaobaige/UR5e_Vision_Assemble/build/ur5e_gripper_description' returned '0': CMAKE_PREFIX_PATH=/home/xiaobaige/UR5e_Vision_Assemble/install/ur_description:/home/xiaobaige/UR5e_Vision_Assemble/install/ur5e_gripper_moveit_config:/home/xiaobaige/UR5e_Vision_Assemble/install/ur5e_gripper_description:/home/xiaobaige/UR5e_Vision_Assemble/install/robotiq_description:/home/xiaobaige/UR5e_Vision_Assemble/install/controller:/opt/ros/humble /usr/bin/cmake --build /home/xiaobaige/UR5e_Vision_Assemble/build/ur5e_gripper_description -- -j24 -l24
[1.908s] DEBUG:colcon.colcon_core.event_handler.log_command:Invoking command in '/home/xiaobaige/UR5e_Vision_Assemble/build/ur5e_gripper_description': CMAKE_PREFIX_PATH=/home/xiaobaige/UR5e_Vision_Assemble/install/ur_description:/home/xiaobaige/UR5e_Vision_Assemble/install/ur5e_gripper_moveit_config:/home/xiaobaige/UR5e_Vision_Assemble/install/ur5e_gripper_description:/home/xiaobaige/UR5e_Vision_Assemble/install/robotiq_description:/home/xiaobaige/UR5e_Vision_Assemble/install/controller:/opt/ros/humble /usr/bin/cmake --install /home/xiaobaige/UR5e_Vision_Assemble/build/ur5e_gripper_description
[1.935s] Level 1:colcon.colcon_core.environment:create_environment_scripts_only(ur5e_gripper_description)
[1.936s] DEBUG:colcon.colcon_core.event_handler.log_command:Invoked command in '/home/xiaobaige/UR5e_Vision_Assemble/build/ur5e_gripper_description' returned '0': CMAKE_PREFIX_PATH=/home/xiaobaige/UR5e_Vision_Assemble/install/ur_description:/home/xiaobaige/UR5e_Vision_Assemble/install/ur5e_gripper_moveit_config:/home/xiaobaige/UR5e_Vision_Assemble/install/ur5e_gripper_description:/home/xiaobaige/UR5e_Vision_Assemble/install/robotiq_description:/home/xiaobaige/UR5e_Vision_Assemble/install/controller:/opt/ros/humble /usr/bin/cmake --install /home/xiaobaige/UR5e_Vision_Assemble/build/ur5e_gripper_description
[1.955s] Level 1:colcon.colcon_core.environment:checking '/home/xiaobaige/UR5e_Vision_Assemble/install/ur5e_gripper_description' for CMake module files
[1.956s] Level 1:colcon.colcon_core.environment:checking '/home/xiaobaige/UR5e_Vision_Assemble/install/ur5e_gripper_description' for CMake config files
[1.956s] Level 1:colcon.colcon_core.shell:create_environment_hook('ur5e_gripper_description', 'cmake_prefix_path')
[1.964s] INFO:colcon.colcon_core.shell:Creating environment hook '/home/xiaobaige/UR5e_Vision_Assemble/install/ur5e_gripper_description/share/ur5e_gripper_description/hook/cmake_prefix_path.ps1'
[1.964s] INFO:colcon.colcon_core.shell:Creating environment descriptor '/home/xiaobaige/UR5e_Vision_Assemble/install/ur5e_gripper_description/share/ur5e_gripper_description/hook/cmake_prefix_path.dsv'
[1.964s] INFO:colcon.colcon_core.shell:Creating environment hook '/home/xiaobaige/UR5e_Vision_Assemble/install/ur5e_gripper_description/share/ur5e_gripper_description/hook/cmake_prefix_path.sh'
[1.965s] Level 1:colcon.colcon_core.environment:checking '/home/xiaobaige/UR5e_Vision_Assemble/install/ur5e_gripper_description/bin'
[1.965s] Level 1:colcon.colcon_core.environment:checking '/home/xiaobaige/UR5e_Vision_Assemble/install/ur5e_gripper_description/lib/pkgconfig/ur5e_gripper_description.pc'
[1.965s] Level 1:colcon.colcon_core.environment:checking '/home/xiaobaige/UR5e_Vision_Assemble/install/ur5e_gripper_description/lib/python3.10/site-packages'
[1.965s] Level 1:colcon.colcon_core.environment:checking '/home/xiaobaige/UR5e_Vision_Assemble/install/ur5e_gripper_description/bin'
[1.973s] INFO:colcon.colcon_core.shell:Creating package script '/home/xiaobaige/UR5e_Vision_Assemble/install/ur5e_gripper_description/share/ur5e_gripper_description/package.ps1'
[1.973s] INFO:colcon.colcon_core.shell:Creating package descriptor '/home/xiaobaige/UR5e_Vision_Assemble/install/ur5e_gripper_description/share/ur5e_gripper_description/package.dsv'
[1.974s] INFO:colcon.colcon_core.shell:Creating package script '/home/xiaobaige/UR5e_Vision_Assemble/install/ur5e_gripper_description/share/ur5e_gripper_description/package.sh'
[1.974s] INFO:colcon.colcon_core.shell:Creating package script '/home/xiaobaige/UR5e_Vision_Assemble/install/ur5e_gripper_description/share/ur5e_gripper_description/package.bash'
[1.974s] INFO:colcon.colcon_core.shell:Creating package script '/home/xiaobaige/UR5e_Vision_Assemble/install/ur5e_gripper_description/share/ur5e_gripper_description/package.zsh'
[1.974s] Level 1:colcon.colcon_core.environment:create_file_with_runtime_dependencies(/home/xiaobaige/UR5e_Vision_Assemble/install/ur5e_gripper_description/share/colcon-core/packages/ur5e_gripper_description)
[1.995s] Level 1:colcon.colcon_core.environment:create_environment_scripts_only(ur5e_gripper_description)
[2.004s] Level 1:colcon.colcon_core.environment:checking '/home/xiaobaige/UR5e_Vision_Assemble/install/ur5e_gripper_description' for CMake module files
[2.004s] Level 1:colcon.colcon_core.environment:checking '/home/xiaobaige/UR5e_Vision_Assemble/install/ur5e_gripper_description' for CMake config files
[2.004s] Level 1:colcon.colcon_core.shell:create_environment_hook('ur5e_gripper_description', 'cmake_prefix_path')
[2.012s] INFO:colcon.colcon_core.shell:Creating environment hook '/home/xiaobaige/UR5e_Vision_Assemble/install/ur5e_gripper_description/share/ur5e_gripper_description/hook/cmake_prefix_path.ps1'
[2.012s] INFO:colcon.colcon_core.shell:Creating environment descriptor '/home/xiaobaige/UR5e_Vision_Assemble/install/ur5e_gripper_description/share/ur5e_gripper_description/hook/cmake_prefix_path.dsv'
[2.013s] INFO:colcon.colcon_core.shell:Creating environment hook '/home/xiaobaige/UR5e_Vision_Assemble/install/ur5e_gripper_description/share/ur5e_gripper_description/hook/cmake_prefix_path.sh'
[2.013s] Level 1:colcon.colcon_core.environment:checking '/home/xiaobaige/UR5e_Vision_Assemble/install/ur5e_gripper_description/bin'
[2.013s] Level 1:colcon.colcon_core.environment:checking '/home/xiaobaige/UR5e_Vision_Assemble/install/ur5e_gripper_description/lib/pkgconfig/ur5e_gripper_description.pc'
[2.013s] Level 1:colcon.colcon_core.environment:checking '/home/xiaobaige/UR5e_Vision_Assemble/install/ur5e_gripper_description/lib/python3.10/site-packages'
[2.013s] Level 1:colcon.colcon_core.environment:checking '/home/xiaobaige/UR5e_Vision_Assemble/install/ur5e_gripper_description/bin'
[2.021s] INFO:colcon.colcon_core.shell:Creating package script '/home/xiaobaige/UR5e_Vision_Assemble/install/ur5e_gripper_description/share/ur5e_gripper_description/package.ps1'
[2.022s] INFO:colcon.colcon_core.shell:Creating package descriptor '/home/xiaobaige/UR5e_Vision_Assemble/install/ur5e_gripper_description/share/ur5e_gripper_description/package.dsv'
[2.022s] INFO:colcon.colcon_core.shell:Creating package script '/home/xiaobaige/UR5e_Vision_Assemble/install/ur5e_gripper_description/share/ur5e_gripper_description/package.sh'
[2.022s] INFO:colcon.colcon_core.shell:Creating package script '/home/xiaobaige/UR5e_Vision_Assemble/install/ur5e_gripper_description/share/ur5e_gripper_description/package.bash'
[2.022s] INFO:colcon.colcon_core.shell:Creating package script '/home/xiaobaige/UR5e_Vision_Assemble/install/ur5e_gripper_description/share/ur5e_gripper_description/package.zsh'
[2.022s] Level 1:colcon.colcon_core.environment:create_file_with_runtime_dependencies(/home/xiaobaige/UR5e_Vision_Assemble/install/ur5e_gripper_description/share/colcon-core/packages/ur5e_gripper_description)
[2.023s] INFO:colcon.colcon_ros.task.ament_cmake.build:Building ROS package in '/home/xiaobaige/UR5e_Vision_Assemble/src/ur5e_gripper/ur5e_gripper_moveit_config' with build type 'ament_cmake'
[2.023s] INFO:colcon.colcon_cmake.task.cmake.build:Building CMake package in '/home/xiaobaige/UR5e_Vision_Assemble/src/ur5e_gripper/ur5e_gripper_moveit_config'
[2.031s] INFO:colcon.colcon_core.shell:Skip shell extension 'powershell' for command environment: Not usable outside of PowerShell
[2.031s] DEBUG:colcon.colcon_core.shell:Skip shell extension 'dsv' for command environment
[2.061s] DEBUG:colcon.colcon_core.event_handler.log_command:Invoking command in '/home/xiaobaige/UR5e_Vision_Assemble/build/ur5e_gripper_moveit_config': CMAKE_PREFIX_PATH=/home/xiaobaige/UR5e_Vision_Assemble/install/ur5e_gripper_description:/home/xiaobaige/UR5e_Vision_Assemble/install/ur_description:/home/xiaobaige/UR5e_Vision_Assemble/install/ur5e_gripper_moveit_config:/home/xiaobaige/UR5e_Vision_Assemble/install/robotiq_description:/home/xiaobaige/UR5e_Vision_Assemble/install/controller:/opt/ros/humble /usr/bin/cmake /home/xiaobaige/UR5e_Vision_Assemble/src/ur5e_gripper/ur5e_gripper_moveit_config -DAMENT_CMAKE_SYMLINK_INSTALL=1 -DCMAKE_INSTALL_PREFIX=/home/xiaobaige/UR5e_Vision_Assemble/install/ur5e_gripper_moveit_config
[2.201s] DEBUG:colcon.colcon_core.event_handler.log_command:Invoked command in '/home/xiaobaige/UR5e_Vision_Assemble/build/ur5e_gripper_moveit_config' returned '0': CMAKE_PREFIX_PATH=/home/xiaobaige/UR5e_Vision_Assemble/install/ur5e_gripper_description:/home/xiaobaige/UR5e_Vision_Assemble/install/ur_description:/home/xiaobaige/UR5e_Vision_Assemble/install/ur5e_gripper_moveit_config:/home/xiaobaige/UR5e_Vision_Assemble/install/robotiq_description:/home/xiaobaige/UR5e_Vision_Assemble/install/controller:/opt/ros/humble /usr/bin/cmake /home/xiaobaige/UR5e_Vision_Assemble/src/ur5e_gripper/ur5e_gripper_moveit_config -DAMENT_CMAKE_SYMLINK_INSTALL=1 -DCMAKE_INSTALL_PREFIX=/home/xiaobaige/UR5e_Vision_Assemble/install/ur5e_gripper_moveit_config
[2.201s] DEBUG:colcon.colcon_core.event_handler.log_command:Invoking command in '/home/xiaobaige/UR5e_Vision_Assemble/build/ur5e_gripper_moveit_config': CMAKE_PREFIX_PATH=/home/xiaobaige/UR5e_Vision_Assemble/install/ur5e_gripper_description:/home/xiaobaige/UR5e_Vision_Assemble/install/ur_description:/home/xiaobaige/UR5e_Vision_Assemble/install/ur5e_gripper_moveit_config:/home/xiaobaige/UR5e_Vision_Assemble/install/robotiq_description:/home/xiaobaige/UR5e_Vision_Assemble/install/controller:/opt/ros/humble /usr/bin/cmake --build /home/xiaobaige/UR5e_Vision_Assemble/build/ur5e_gripper_moveit_config -- -j24 -l24
[2.224s] DEBUG:colcon.colcon_core.event_handler.log_command:Invoked command in '/home/xiaobaige/UR5e_Vision_Assemble/build/ur5e_gripper_moveit_config' returned '0': CMAKE_PREFIX_PATH=/home/xiaobaige/UR5e_Vision_Assemble/install/ur5e_gripper_description:/home/xiaobaige/UR5e_Vision_Assemble/install/ur_description:/home/xiaobaige/UR5e_Vision_Assemble/install/ur5e_gripper_moveit_config:/home/xiaobaige/UR5e_Vision_Assemble/install/robotiq_description:/home/xiaobaige/UR5e_Vision_Assemble/install/controller:/opt/ros/humble /usr/bin/cmake --build /home/xiaobaige/UR5e_Vision_Assemble/build/ur5e_gripper_moveit_config -- -j24 -l24
[2.252s] DEBUG:colcon.colcon_core.event_handler.log_command:Invoking command in '/home/xiaobaige/UR5e_Vision_Assemble/build/ur5e_gripper_moveit_config': CMAKE_PREFIX_PATH=/home/xiaobaige/UR5e_Vision_Assemble/install/ur5e_gripper_description:/home/xiaobaige/UR5e_Vision_Assemble/install/ur_description:/home/xiaobaige/UR5e_Vision_Assemble/install/ur5e_gripper_moveit_config:/home/xiaobaige/UR5e_Vision_Assemble/install/robotiq_description:/home/xiaobaige/UR5e_Vision_Assemble/install/controller:/opt/ros/humble /usr/bin/cmake --install /home/xiaobaige/UR5e_Vision_Assemble/build/ur5e_gripper_moveit_config
[2.284s] Level 1:colcon.colcon_core.environment:create_environment_scripts_only(ur5e_gripper_moveit_config)
[2.285s] DEBUG:colcon.colcon_core.event_handler.log_command:Invoked command in '/home/xiaobaige/UR5e_Vision_Assemble/build/ur5e_gripper_moveit_config' returned '0': CMAKE_PREFIX_PATH=/home/xiaobaige/UR5e_Vision_Assemble/install/ur5e_gripper_description:/home/xiaobaige/UR5e_Vision_Assemble/install/ur_description:/home/xiaobaige/UR5e_Vision_Assemble/install/ur5e_gripper_moveit_config:/home/xiaobaige/UR5e_Vision_Assemble/install/robotiq_description:/home/xiaobaige/UR5e_Vision_Assemble/install/controller:/opt/ros/humble /usr/bin/cmake --install /home/xiaobaige/UR5e_Vision_Assemble/build/ur5e_gripper_moveit_config
[2.301s] Level 1:colcon.colcon_core.environment:checking '/home/xiaobaige/UR5e_Vision_Assemble/install/ur5e_gripper_moveit_config' for CMake module files
[2.301s] Level 1:colcon.colcon_core.environment:checking '/home/xiaobaige/UR5e_Vision_Assemble/install/ur5e_gripper_moveit_config' for CMake config files
[2.302s] Level 1:colcon.colcon_core.shell:create_environment_hook('ur5e_gripper_moveit_config', 'cmake_prefix_path')
[2.311s] INFO:colcon.colcon_core.shell:Creating environment hook '/home/xiaobaige/UR5e_Vision_Assemble/install/ur5e_gripper_moveit_config/share/ur5e_gripper_moveit_config/hook/cmake_prefix_path.ps1'
[2.311s] INFO:colcon.colcon_core.shell:Creating environment descriptor '/home/xiaobaige/UR5e_Vision_Assemble/install/ur5e_gripper_moveit_config/share/ur5e_gripper_moveit_config/hook/cmake_prefix_path.dsv'
[2.311s] INFO:colcon.colcon_core.shell:Creating environment hook '/home/xiaobaige/UR5e_Vision_Assemble/install/ur5e_gripper_moveit_config/share/ur5e_gripper_moveit_config/hook/cmake_prefix_path.sh'
[2.311s] Level 1:colcon.colcon_core.environment:checking '/home/xiaobaige/UR5e_Vision_Assemble/install/ur5e_gripper_moveit_config/bin'
[2.311s] Level 1:colcon.colcon_core.environment:checking '/home/xiaobaige/UR5e_Vision_Assemble/install/ur5e_gripper_moveit_config/lib/pkgconfig/ur5e_gripper_moveit_config.pc'
[2.311s] Level 1:colcon.colcon_core.environment:checking '/home/xiaobaige/UR5e_Vision_Assemble/install/ur5e_gripper_moveit_config/lib/python3.10/site-packages'
[2.311s] Level 1:colcon.colcon_core.environment:checking '/home/xiaobaige/UR5e_Vision_Assemble/install/ur5e_gripper_moveit_config/bin'
[2.321s] INFO:colcon.colcon_core.shell:Creating package script '/home/xiaobaige/UR5e_Vision_Assemble/install/ur5e_gripper_moveit_config/share/ur5e_gripper_moveit_config/package.ps1'
[2.321s] INFO:colcon.colcon_core.shell:Creating package descriptor '/home/xiaobaige/UR5e_Vision_Assemble/install/ur5e_gripper_moveit_config/share/ur5e_gripper_moveit_config/package.dsv'
[2.321s] INFO:colcon.colcon_core.shell:Creating package script '/home/xiaobaige/UR5e_Vision_Assemble/install/ur5e_gripper_moveit_config/share/ur5e_gripper_moveit_config/package.sh'
[2.321s] INFO:colcon.colcon_core.shell:Creating package script '/home/xiaobaige/UR5e_Vision_Assemble/install/ur5e_gripper_moveit_config/share/ur5e_gripper_moveit_config/package.bash'
[2.321s] INFO:colcon.colcon_core.shell:Creating package script '/home/xiaobaige/UR5e_Vision_Assemble/install/ur5e_gripper_moveit_config/share/ur5e_gripper_moveit_config/package.zsh'
[2.321s] Level 1:colcon.colcon_core.environment:create_file_with_runtime_dependencies(/home/xiaobaige/UR5e_Vision_Assemble/install/ur5e_gripper_moveit_config/share/colcon-core/packages/ur5e_gripper_moveit_config)
[2.349s] Level 1:colcon.colcon_core.environment:create_environment_scripts_only(ur5e_gripper_moveit_config)
[2.357s] Level 1:colcon.colcon_core.environment:checking '/home/xiaobaige/UR5e_Vision_Assemble/install/ur5e_gripper_moveit_config' for CMake module files
[2.357s] Level 1:colcon.colcon_core.environment:checking '/home/xiaobaige/UR5e_Vision_Assemble/install/ur5e_gripper_moveit_config' for CMake config files
[2.357s] Level 1:colcon.colcon_core.shell:create_environment_hook('ur5e_gripper_moveit_config', 'cmake_prefix_path')
[2.365s] INFO:colcon.colcon_core.shell:Creating environment hook '/home/xiaobaige/UR5e_Vision_Assemble/install/ur5e_gripper_moveit_config/share/ur5e_gripper_moveit_config/hook/cmake_prefix_path.ps1'
[2.366s] INFO:colcon.colcon_core.shell:Creating environment descriptor '/home/xiaobaige/UR5e_Vision_Assemble/install/ur5e_gripper_moveit_config/share/ur5e_gripper_moveit_config/hook/cmake_prefix_path.dsv'
[2.366s] INFO:colcon.colcon_core.shell:Creating environment hook '/home/xiaobaige/UR5e_Vision_Assemble/install/ur5e_gripper_moveit_config/share/ur5e_gripper_moveit_config/hook/cmake_prefix_path.sh'
[2.366s] Level 1:colcon.colcon_core.environment:checking '/home/xiaobaige/UR5e_Vision_Assemble/install/ur5e_gripper_moveit_config/bin'
[2.366s] Level 1:colcon.colcon_core.environment:checking '/home/xiaobaige/UR5e_Vision_Assemble/install/ur5e_gripper_moveit_config/lib/pkgconfig/ur5e_gripper_moveit_config.pc'
[2.366s] Level 1:colcon.colcon_core.environment:checking '/home/xiaobaige/UR5e_Vision_Assemble/install/ur5e_gripper_moveit_config/lib/python3.10/site-packages'
[2.366s] Level 1:colcon.colcon_core.environment:checking '/home/xiaobaige/UR5e_Vision_Assemble/install/ur5e_gripper_moveit_config/bin'
[2.374s] INFO:colcon.colcon_core.shell:Creating package script '/home/xiaobaige/UR5e_Vision_Assemble/install/ur5e_gripper_moveit_config/share/ur5e_gripper_moveit_config/package.ps1'
[2.375s] INFO:colcon.colcon_core.shell:Creating package descriptor '/home/xiaobaige/UR5e_Vision_Assemble/install/ur5e_gripper_moveit_config/share/ur5e_gripper_moveit_config/package.dsv'
[2.375s] INFO:colcon.colcon_core.shell:Creating package script '/home/xiaobaige/UR5e_Vision_Assemble/install/ur5e_gripper_moveit_config/share/ur5e_gripper_moveit_config/package.sh'
[2.375s] INFO:colcon.colcon_core.shell:Creating package script '/home/xiaobaige/UR5e_Vision_Assemble/install/ur5e_gripper_moveit_config/share/ur5e_gripper_moveit_config/package.bash'
[2.375s] INFO:colcon.colcon_core.shell:Creating package script '/home/xiaobaige/UR5e_Vision_Assemble/install/ur5e_gripper_moveit_config/share/ur5e_gripper_moveit_config/package.zsh'
[2.375s] Level 1:colcon.colcon_core.environment:create_file_with_runtime_dependencies(/home/xiaobaige/UR5e_Vision_Assemble/install/ur5e_gripper_moveit_config/share/colcon-core/packages/ur5e_gripper_moveit_config)
[2.375s] DEBUG:colcon.colcon_parallel_executor.executor.parallel:closing loop
[2.376s] DEBUG:colcon.colcon_parallel_executor.executor.parallel:loop closed
[2.376s] DEBUG:colcon.colcon_parallel_executor.executor.parallel:run_until_complete finished with '0'
[2.376s] DEBUG:colcon.colcon_core.event_reactor:joining thread
[2.387s] INFO:colcon.colcon_core.plugin_system:Skipping extension 'colcon_notification.desktop_notification.terminal_notifier': Not used on non-Darwin systems
[2.387s] INFO:colcon.colcon_core.plugin_system:Skipping extension 'colcon_notification.desktop_notification.win32': Not used on non-Windows systems
[2.387s] INFO:colcon.colcon_notification.desktop_notification:Sending desktop notification using 'notify2'
[2.397s] DEBUG:colcon.colcon_core.event_reactor:joined thread
[2.409s] INFO:colcon.colcon_core.shell:Creating prefix script '/home/xiaobaige/UR5e_Vision_Assemble/install/local_setup.ps1'
[2.409s] INFO:colcon.colcon_core.shell:Creating prefix util module '/home/xiaobaige/UR5e_Vision_Assemble/install/_local_setup_util_ps1.py'
[2.410s] INFO:colcon.colcon_core.shell:Creating prefix chain script '/home/xiaobaige/UR5e_Vision_Assemble/install/setup.ps1'
[2.418s] INFO:colcon.colcon_core.shell:Creating prefix script '/home/xiaobaige/UR5e_Vision_Assemble/install/local_setup.sh'
[2.419s] INFO:colcon.colcon_core.shell:Creating prefix util module '/home/xiaobaige/UR5e_Vision_Assemble/install/_local_setup_util_sh.py'
[2.419s] INFO:colcon.colcon_core.shell:Creating prefix chain script '/home/xiaobaige/UR5e_Vision_Assemble/install/setup.sh'
[2.427s] INFO:colcon.colcon_core.shell:Creating prefix script '/home/xiaobaige/UR5e_Vision_Assemble/install/local_setup.bash'
[2.428s] INFO:colcon.colcon_core.shell:Creating prefix chain script '/home/xiaobaige/UR5e_Vision_Assemble/install/setup.bash'
[2.436s] INFO:colcon.colcon_core.shell:Creating prefix script '/home/xiaobaige/UR5e_Vision_Assemble/install/local_setup.zsh'
[2.436s] INFO:colcon.colcon_core.shell:Creating prefix chain script '/home/xiaobaige/UR5e_Vision_Assemble/install/setup.zsh'
