[0.728s] DEBUG:colcon:Command line arguments: ['/usr/bin/colcon', 'build', '--symlink-install']
[0.728s] DEBUG:colcon:Parsed command line arguments: Namespace(log_base=None, log_level=None, verb_name='build', build_base='build', install_base='install', merge_install=False, symlink_install=True, test_result_base=None, continue_on_error=False, executor='parallel', parallel_workers=24, event_handlers=None, ignore_user_meta=False, metas=['./colcon.meta'], base_paths=['.'], packages_ignore=None, packages_ignore_regex=None, paths=None, packages_up_to=None, packages_up_to_regex=None, packages_above=None, packages_above_and_dependencies=None, packages_above_depth=None, packages_select_by_dep=None, packages_skip_by_dep=None, packages_skip_up_to=None, packages_select_build_failed=False, packages_skip_build_finished=False, packages_select_test_failures=False, packages_skip_test_passed=False, packages_select=None, packages_skip=None, packages_select_regex=None, packages_skip_regex=None, packages_start=None, packages_end=None, allow_overriding=[], cmake_args=None, cmake_target=None, cmake_target_skip_unavailable=False, cmake_clean_cache=False, cmake_clean_first=False, cmake_force_configure=False, ament_cmake_args=None, catkin_cmake_args=None, catkin_skip_building_tests=False, mixin_files=None, mixin=None, verb_parser=<colcon_mixin.mixin.mixin_argument.MixinArgumentDecorator object at 0x7f3ea4edd240>, verb_extension=<colcon_core.verb.build.BuildVerb object at 0x7f3ea4ebe710>, main=<bound method BuildVerb.main of <colcon_core.verb.build.BuildVerb object at 0x7f3ea4ebe710>>, mixin_verb=('build',))
[0.754s] Level 1:colcon.colcon_core.package_discovery:discover_packages(colcon_meta) check parameters
[0.754s] Level 1:colcon.colcon_core.package_discovery:discover_packages(recursive) check parameters
[0.754s] Level 1:colcon.colcon_core.package_discovery:discover_packages(ignore) check parameters
[0.754s] Level 1:colcon.colcon_core.package_discovery:discover_packages(path) check parameters
[0.754s] Level 1:colcon.colcon_core.package_discovery:discover_packages(colcon_meta) discover
[0.754s] Level 1:colcon.colcon_core.package_discovery:discover_packages(recursive) discover
[0.754s] INFO:colcon.colcon_core.package_discovery:Crawling recursively for packages in '/home/xiaobaige/UR5e_Vision_Assemble'
[0.754s] Level 1:colcon.colcon_core.package_identification:_identify(.) by extensions ['ignore', 'ignore_ament_install']
[0.754s] Level 1:colcon.colcon_core.package_identification:_identify(.) by extension 'ignore'
[0.755s] Level 1:colcon.colcon_core.package_identification:_identify(.) by extension 'ignore_ament_install'
[0.755s] Level 1:colcon.colcon_core.package_identification:_identify(.) by extensions ['colcon_pkg']
[0.755s] Level 1:colcon.colcon_core.package_identification:_identify(.) by extension 'colcon_pkg'
[0.755s] Level 1:colcon.colcon_core.package_identification:_identify(.) by extensions ['colcon_meta']
[0.755s] Level 1:colcon.colcon_core.package_identification:_identify(.) by extension 'colcon_meta'
[0.755s] Level 1:colcon.colcon_core.package_identification:_identify(.) by extensions ['ros']
[0.755s] Level 1:colcon.colcon_core.package_identification:_identify(.) by extension 'ros'
[0.761s] Level 1:colcon.colcon_core.package_identification:_identify(.) by extensions ['cmake', 'python']
[0.761s] Level 1:colcon.colcon_core.package_identification:_identify(.) by extension 'cmake'
[0.761s] Level 1:colcon.colcon_core.package_identification:_identify(.) by extension 'python'
[0.761s] Level 1:colcon.colcon_core.package_identification:_identify(.) by extensions ['python_setup_py']
[0.761s] Level 1:colcon.colcon_core.package_identification:_identify(.) by extension 'python_setup_py'
[0.761s] Level 1:colcon.colcon_core.package_identification:_identify(build) by extensions ['ignore', 'ignore_ament_install']
[0.761s] Level 1:colcon.colcon_core.package_identification:_identify(build) by extension 'ignore'
[0.761s] Level 1:colcon.colcon_core.package_identification:_identify(build) ignored
[0.761s] Level 1:colcon.colcon_core.package_identification:_identify(install) by extensions ['ignore', 'ignore_ament_install']
[0.761s] Level 1:colcon.colcon_core.package_identification:_identify(install) by extension 'ignore'
[0.761s] Level 1:colcon.colcon_core.package_identification:_identify(install) ignored
[0.761s] Level 1:colcon.colcon_core.package_identification:_identify(log) by extensions ['ignore', 'ignore_ament_install']
[0.762s] Level 1:colcon.colcon_core.package_identification:_identify(log) by extension 'ignore'
[0.762s] Level 1:colcon.colcon_core.package_identification:_identify(log) ignored
[0.762s] Level 1:colcon.colcon_core.package_identification:_identify(src) by extensions ['ignore', 'ignore_ament_install']
[0.762s] Level 1:colcon.colcon_core.package_identification:_identify(src) by extension 'ignore'
[0.762s] Level 1:colcon.colcon_core.package_identification:_identify(src) by extension 'ignore_ament_install'
[0.762s] Level 1:colcon.colcon_core.package_identification:_identify(src) by extensions ['colcon_pkg']
[0.762s] Level 1:colcon.colcon_core.package_identification:_identify(src) by extension 'colcon_pkg'
[0.762s] Level 1:colcon.colcon_core.package_identification:_identify(src) by extensions ['colcon_meta']
[0.762s] Level 1:colcon.colcon_core.package_identification:_identify(src) by extension 'colcon_meta'
[0.762s] Level 1:colcon.colcon_core.package_identification:_identify(src) by extensions ['ros']
[0.762s] Level 1:colcon.colcon_core.package_identification:_identify(src) by extension 'ros'
[0.762s] Level 1:colcon.colcon_core.package_identification:_identify(src) by extensions ['cmake', 'python']
[0.762s] Level 1:colcon.colcon_core.package_identification:_identify(src) by extension 'cmake'
[0.762s] Level 1:colcon.colcon_core.package_identification:_identify(src) by extension 'python'
[0.762s] Level 1:colcon.colcon_core.package_identification:_identify(src) by extensions ['python_setup_py']
[0.762s] Level 1:colcon.colcon_core.package_identification:_identify(src) by extension 'python_setup_py'
[0.762s] Level 1:colcon.colcon_core.package_identification:_identify(src/ur5e_gripper) by extensions ['ignore', 'ignore_ament_install']
[0.762s] Level 1:colcon.colcon_core.package_identification:_identify(src/ur5e_gripper) by extension 'ignore'
[0.762s] Level 1:colcon.colcon_core.package_identification:_identify(src/ur5e_gripper) by extension 'ignore_ament_install'
[0.762s] Level 1:colcon.colcon_core.package_identification:_identify(src/ur5e_gripper) by extensions ['colcon_pkg']
[0.762s] Level 1:colcon.colcon_core.package_identification:_identify(src/ur5e_gripper) by extension 'colcon_pkg'
[0.762s] Level 1:colcon.colcon_core.package_identification:_identify(src/ur5e_gripper) by extensions ['colcon_meta']
[0.762s] Level 1:colcon.colcon_core.package_identification:_identify(src/ur5e_gripper) by extension 'colcon_meta'
[0.762s] Level 1:colcon.colcon_core.package_identification:_identify(src/ur5e_gripper) by extensions ['ros']
[0.762s] Level 1:colcon.colcon_core.package_identification:_identify(src/ur5e_gripper) by extension 'ros'
[0.762s] Level 1:colcon.colcon_core.package_identification:_identify(src/ur5e_gripper) by extensions ['cmake', 'python']
[0.762s] Level 1:colcon.colcon_core.package_identification:_identify(src/ur5e_gripper) by extension 'cmake'
[0.762s] Level 1:colcon.colcon_core.package_identification:_identify(src/ur5e_gripper) by extension 'python'
[0.762s] Level 1:colcon.colcon_core.package_identification:_identify(src/ur5e_gripper) by extensions ['python_setup_py']
[0.762s] Level 1:colcon.colcon_core.package_identification:_identify(src/ur5e_gripper) by extension 'python_setup_py'
[0.762s] Level 1:colcon.colcon_core.package_identification:_identify(src/ur5e_gripper/Universal_Robots_ROS2_Description) by extensions ['ignore', 'ignore_ament_install']
[0.762s] Level 1:colcon.colcon_core.package_identification:_identify(src/ur5e_gripper/Universal_Robots_ROS2_Description) by extension 'ignore'
[0.762s] Level 1:colcon.colcon_core.package_identification:_identify(src/ur5e_gripper/Universal_Robots_ROS2_Description) by extension 'ignore_ament_install'
[0.762s] Level 1:colcon.colcon_core.package_identification:_identify(src/ur5e_gripper/Universal_Robots_ROS2_Description) by extensions ['colcon_pkg']
[0.762s] Level 1:colcon.colcon_core.package_identification:_identify(src/ur5e_gripper/Universal_Robots_ROS2_Description) by extension 'colcon_pkg'
[0.762s] Level 1:colcon.colcon_core.package_identification:_identify(src/ur5e_gripper/Universal_Robots_ROS2_Description) by extensions ['colcon_meta']
[0.762s] Level 1:colcon.colcon_core.package_identification:_identify(src/ur5e_gripper/Universal_Robots_ROS2_Description) by extension 'colcon_meta'
[0.762s] Level 1:colcon.colcon_core.package_identification:_identify(src/ur5e_gripper/Universal_Robots_ROS2_Description) by extensions ['ros']
[0.762s] Level 1:colcon.colcon_core.package_identification:_identify(src/ur5e_gripper/Universal_Robots_ROS2_Description) by extension 'ros'
[0.764s] DEBUG:colcon.colcon_core.package_identification:Package 'src/ur5e_gripper/Universal_Robots_ROS2_Description' with type 'ros.ament_cmake' and name 'ur_description'
[0.764s] Level 1:colcon.colcon_core.package_identification:_identify(src/ur5e_gripper/robotiq_description) by extensions ['ignore', 'ignore_ament_install']
[0.764s] Level 1:colcon.colcon_core.package_identification:_identify(src/ur5e_gripper/robotiq_description) by extension 'ignore'
[0.765s] Level 1:colcon.colcon_core.package_identification:_identify(src/ur5e_gripper/robotiq_description) by extension 'ignore_ament_install'
[0.765s] Level 1:colcon.colcon_core.package_identification:_identify(src/ur5e_gripper/robotiq_description) by extensions ['colcon_pkg']
[0.765s] Level 1:colcon.colcon_core.package_identification:_identify(src/ur5e_gripper/robotiq_description) by extension 'colcon_pkg'
[0.765s] Level 1:colcon.colcon_core.package_identification:_identify(src/ur5e_gripper/robotiq_description) by extensions ['colcon_meta']
[0.765s] Level 1:colcon.colcon_core.package_identification:_identify(src/ur5e_gripper/robotiq_description) by extension 'colcon_meta'
[0.765s] Level 1:colcon.colcon_core.package_identification:_identify(src/ur5e_gripper/robotiq_description) by extensions ['ros']
[0.765s] Level 1:colcon.colcon_core.package_identification:_identify(src/ur5e_gripper/robotiq_description) by extension 'ros'
[0.765s] DEBUG:colcon.colcon_core.package_identification:Package 'src/ur5e_gripper/robotiq_description' with type 'ros.ament_cmake' and name 'robotiq_description'
[0.765s] Level 1:colcon.colcon_core.package_identification:_identify(src/ur5e_gripper/ur5e_gripper_description) by extensions ['ignore', 'ignore_ament_install']
[0.765s] Level 1:colcon.colcon_core.package_identification:_identify(src/ur5e_gripper/ur5e_gripper_description) by extension 'ignore'
[0.765s] Level 1:colcon.colcon_core.package_identification:_identify(src/ur5e_gripper/ur5e_gripper_description) by extension 'ignore_ament_install'
[0.765s] Level 1:colcon.colcon_core.package_identification:_identify(src/ur5e_gripper/ur5e_gripper_description) by extensions ['colcon_pkg']
[0.765s] Level 1:colcon.colcon_core.package_identification:_identify(src/ur5e_gripper/ur5e_gripper_description) by extension 'colcon_pkg'
[0.765s] Level 1:colcon.colcon_core.package_identification:_identify(src/ur5e_gripper/ur5e_gripper_description) by extensions ['colcon_meta']
[0.765s] Level 1:colcon.colcon_core.package_identification:_identify(src/ur5e_gripper/ur5e_gripper_description) by extension 'colcon_meta'
[0.765s] Level 1:colcon.colcon_core.package_identification:_identify(src/ur5e_gripper/ur5e_gripper_description) by extensions ['ros']
[0.765s] Level 1:colcon.colcon_core.package_identification:_identify(src/ur5e_gripper/ur5e_gripper_description) by extension 'ros'
[0.766s] DEBUG:colcon.colcon_core.package_identification:Package 'src/ur5e_gripper/ur5e_gripper_description' with type 'ros.ament_cmake' and name 'ur5e_gripper_description'
[0.766s] Level 1:colcon.colcon_core.package_identification:_identify(src/ur5e_gripper/ur5e_gripper_moveit_config) by extensions ['ignore', 'ignore_ament_install']
[0.766s] Level 1:colcon.colcon_core.package_identification:_identify(src/ur5e_gripper/ur5e_gripper_moveit_config) by extension 'ignore'
[0.766s] Level 1:colcon.colcon_core.package_identification:_identify(src/ur5e_gripper/ur5e_gripper_moveit_config) by extension 'ignore_ament_install'
[0.766s] Level 1:colcon.colcon_core.package_identification:_identify(src/ur5e_gripper/ur5e_gripper_moveit_config) by extensions ['colcon_pkg']
[0.766s] Level 1:colcon.colcon_core.package_identification:_identify(src/ur5e_gripper/ur5e_gripper_moveit_config) by extension 'colcon_pkg'
[0.766s] Level 1:colcon.colcon_core.package_identification:_identify(src/ur5e_gripper/ur5e_gripper_moveit_config) by extensions ['colcon_meta']
[0.766s] Level 1:colcon.colcon_core.package_identification:_identify(src/ur5e_gripper/ur5e_gripper_moveit_config) by extension 'colcon_meta'
[0.766s] Level 1:colcon.colcon_core.package_identification:_identify(src/ur5e_gripper/ur5e_gripper_moveit_config) by extensions ['ros']
[0.766s] Level 1:colcon.colcon_core.package_identification:_identify(src/ur5e_gripper/ur5e_gripper_moveit_config) by extension 'ros'
[0.766s] DEBUG:colcon.colcon_core.package_identification:Package 'src/ur5e_gripper/ur5e_gripper_moveit_config' with type 'ros.ament_cmake' and name 'ur5e_gripper_moveit_config'
[0.766s] Level 1:colcon.colcon_core.package_discovery:discover_packages(recursive) using defaults
[0.766s] Level 1:colcon.colcon_core.package_discovery:discover_packages(ignore) discover
[0.766s] Level 1:colcon.colcon_core.package_discovery:discover_packages(ignore) using defaults
[0.766s] Level 1:colcon.colcon_core.package_discovery:discover_packages(path) discover
[0.766s] Level 1:colcon.colcon_core.package_discovery:discover_packages(path) using defaults
[0.818s] Level 1:colcon.colcon_core.package_discovery:discover_packages(prefix_path) check parameters
[0.818s] Level 1:colcon.colcon_core.package_discovery:discover_packages(prefix_path) discover
[0.835s] DEBUG:colcon.colcon_installed_package_information.package_discovery:Found 5 installed packages in /home/xiaobaige/UR5e_Vision_Assemble/install
[0.844s] DEBUG:colcon.colcon_installed_package_information.package_discovery:Found 387 installed packages in /opt/ros/humble
[0.845s] Level 1:colcon.colcon_core.package_discovery:discover_packages(prefix_path) using defaults
[0.903s] Level 5:colcon.colcon_core.verb:set package 'robotiq_description' build argument 'cmake_args' from command line to 'None'
[0.903s] Level 5:colcon.colcon_core.verb:set package 'robotiq_description' build argument 'cmake_target' from command line to 'None'
[0.903s] Level 5:colcon.colcon_core.verb:set package 'robotiq_description' build argument 'cmake_target_skip_unavailable' from command line to 'False'
[0.903s] Level 5:colcon.colcon_core.verb:set package 'robotiq_description' build argument 'cmake_clean_cache' from command line to 'False'
[0.903s] Level 5:colcon.colcon_core.verb:set package 'robotiq_description' build argument 'cmake_clean_first' from command line to 'False'
[0.903s] Level 5:colcon.colcon_core.verb:set package 'robotiq_description' build argument 'cmake_force_configure' from command line to 'False'
[0.903s] Level 5:colcon.colcon_core.verb:set package 'robotiq_description' build argument 'ament_cmake_args' from command line to 'None'
[0.903s] Level 5:colcon.colcon_core.verb:set package 'robotiq_description' build argument 'catkin_cmake_args' from command line to 'None'
[0.903s] Level 5:colcon.colcon_core.verb:set package 'robotiq_description' build argument 'catkin_skip_building_tests' from command line to 'False'
[0.903s] DEBUG:colcon.colcon_core.verb:Building package 'robotiq_description' with the following arguments: {'ament_cmake_args': None, 'build_base': '/home/xiaobaige/UR5e_Vision_Assemble/build/robotiq_description', 'catkin_cmake_args': None, 'catkin_skip_building_tests': False, 'cmake_args': None, 'cmake_clean_cache': False, 'cmake_clean_first': False, 'cmake_force_configure': False, 'cmake_target': None, 'cmake_target_skip_unavailable': False, 'install_base': '/home/xiaobaige/UR5e_Vision_Assemble/install/robotiq_description', 'merge_install': False, 'path': '/home/xiaobaige/UR5e_Vision_Assemble/src/ur5e_gripper/robotiq_description', 'symlink_install': True, 'test_result_base': None}
[0.911s] Level 5:colcon.colcon_core.verb:set package 'ur_description' build argument 'cmake_args' from command line to 'None'
[0.911s] Level 5:colcon.colcon_core.verb:set package 'ur_description' build argument 'cmake_target' from command line to 'None'
[0.911s] Level 5:colcon.colcon_core.verb:set package 'ur_description' build argument 'cmake_target_skip_unavailable' from command line to 'False'
[0.911s] Level 5:colcon.colcon_core.verb:set package 'ur_description' build argument 'cmake_clean_cache' from command line to 'False'
[0.911s] Level 5:colcon.colcon_core.verb:set package 'ur_description' build argument 'cmake_clean_first' from command line to 'False'
[0.911s] Level 5:colcon.colcon_core.verb:set package 'ur_description' build argument 'cmake_force_configure' from command line to 'False'
[0.911s] Level 5:colcon.colcon_core.verb:set package 'ur_description' build argument 'ament_cmake_args' from command line to 'None'
[0.911s] Level 5:colcon.colcon_core.verb:set package 'ur_description' build argument 'catkin_cmake_args' from command line to 'None'
[0.911s] Level 5:colcon.colcon_core.verb:set package 'ur_description' build argument 'catkin_skip_building_tests' from command line to 'False'
[0.911s] DEBUG:colcon.colcon_core.verb:Building package 'ur_description' with the following arguments: {'ament_cmake_args': None, 'build_base': '/home/xiaobaige/UR5e_Vision_Assemble/build/ur_description', 'catkin_cmake_args': None, 'catkin_skip_building_tests': False, 'cmake_args': None, 'cmake_clean_cache': False, 'cmake_clean_first': False, 'cmake_force_configure': False, 'cmake_target': None, 'cmake_target_skip_unavailable': False, 'install_base': '/home/xiaobaige/UR5e_Vision_Assemble/install/ur_description', 'merge_install': False, 'path': '/home/xiaobaige/UR5e_Vision_Assemble/src/ur5e_gripper/Universal_Robots_ROS2_Description', 'symlink_install': True, 'test_result_base': None}
[0.919s] Level 5:colcon.colcon_core.verb:set package 'ur5e_gripper_description' build argument 'cmake_args' from command line to 'None'
[0.919s] Level 5:colcon.colcon_core.verb:set package 'ur5e_gripper_description' build argument 'cmake_target' from command line to 'None'
[0.919s] Level 5:colcon.colcon_core.verb:set package 'ur5e_gripper_description' build argument 'cmake_target_skip_unavailable' from command line to 'False'
[0.919s] Level 5:colcon.colcon_core.verb:set package 'ur5e_gripper_description' build argument 'cmake_clean_cache' from command line to 'False'
[0.919s] Level 5:colcon.colcon_core.verb:set package 'ur5e_gripper_description' build argument 'cmake_clean_first' from command line to 'False'
[0.919s] Level 5:colcon.colcon_core.verb:set package 'ur5e_gripper_description' build argument 'cmake_force_configure' from command line to 'False'
[0.919s] Level 5:colcon.colcon_core.verb:set package 'ur5e_gripper_description' build argument 'ament_cmake_args' from command line to 'None'
[0.919s] Level 5:colcon.colcon_core.verb:set package 'ur5e_gripper_description' build argument 'catkin_cmake_args' from command line to 'None'
[0.919s] Level 5:colcon.colcon_core.verb:set package 'ur5e_gripper_description' build argument 'catkin_skip_building_tests' from command line to 'False'
[0.919s] DEBUG:colcon.colcon_core.verb:Building package 'ur5e_gripper_description' with the following arguments: {'ament_cmake_args': None, 'build_base': '/home/xiaobaige/UR5e_Vision_Assemble/build/ur5e_gripper_description', 'catkin_cmake_args': None, 'catkin_skip_building_tests': False, 'cmake_args': None, 'cmake_clean_cache': False, 'cmake_clean_first': False, 'cmake_force_configure': False, 'cmake_target': None, 'cmake_target_skip_unavailable': False, 'install_base': '/home/xiaobaige/UR5e_Vision_Assemble/install/ur5e_gripper_description', 'merge_install': False, 'path': '/home/xiaobaige/UR5e_Vision_Assemble/src/ur5e_gripper/ur5e_gripper_description', 'symlink_install': True, 'test_result_base': None}
[0.927s] Level 5:colcon.colcon_core.verb:set package 'ur5e_gripper_moveit_config' build argument 'cmake_args' from command line to 'None'
[0.927s] Level 5:colcon.colcon_core.verb:set package 'ur5e_gripper_moveit_config' build argument 'cmake_target' from command line to 'None'
[0.927s] Level 5:colcon.colcon_core.verb:set package 'ur5e_gripper_moveit_config' build argument 'cmake_target_skip_unavailable' from command line to 'False'
[0.927s] Level 5:colcon.colcon_core.verb:set package 'ur5e_gripper_moveit_config' build argument 'cmake_clean_cache' from command line to 'False'
[0.927s] Level 5:colcon.colcon_core.verb:set package 'ur5e_gripper_moveit_config' build argument 'cmake_clean_first' from command line to 'False'
[0.927s] Level 5:colcon.colcon_core.verb:set package 'ur5e_gripper_moveit_config' build argument 'cmake_force_configure' from command line to 'False'
[0.927s] Level 5:colcon.colcon_core.verb:set package 'ur5e_gripper_moveit_config' build argument 'ament_cmake_args' from command line to 'None'
[0.927s] Level 5:colcon.colcon_core.verb:set package 'ur5e_gripper_moveit_config' build argument 'catkin_cmake_args' from command line to 'None'
[0.927s] Level 5:colcon.colcon_core.verb:set package 'ur5e_gripper_moveit_config' build argument 'catkin_skip_building_tests' from command line to 'False'
[0.927s] DEBUG:colcon.colcon_core.verb:Building package 'ur5e_gripper_moveit_config' with the following arguments: {'ament_cmake_args': None, 'build_base': '/home/xiaobaige/UR5e_Vision_Assemble/build/ur5e_gripper_moveit_config', 'catkin_cmake_args': None, 'catkin_skip_building_tests': False, 'cmake_args': None, 'cmake_clean_cache': False, 'cmake_clean_first': False, 'cmake_force_configure': False, 'cmake_target': None, 'cmake_target_skip_unavailable': False, 'install_base': '/home/xiaobaige/UR5e_Vision_Assemble/install/ur5e_gripper_moveit_config', 'merge_install': False, 'path': '/home/xiaobaige/UR5e_Vision_Assemble/src/ur5e_gripper/ur5e_gripper_moveit_config', 'symlink_install': True, 'test_result_base': None}
[0.935s] INFO:colcon.colcon_core.executor:Executing jobs using 'parallel' executor
[0.943s] DEBUG:colcon.colcon_parallel_executor.executor.parallel:run_until_complete
[0.944s] INFO:colcon.colcon_ros.task.ament_cmake.build:Building ROS package in '/home/xiaobaige/UR5e_Vision_Assemble/src/ur5e_gripper/Universal_Robots_ROS2_Description' with build type 'ament_cmake'
[0.944s] INFO:colcon.colcon_cmake.task.cmake.build:Building CMake package in '/home/xiaobaige/UR5e_Vision_Assemble/src/ur5e_gripper/Universal_Robots_ROS2_Description'
[0.953s] INFO:colcon.colcon_core.plugin_system:Skipping extension 'colcon_core.shell.bat': Not used on non-Windows systems
[0.953s] INFO:colcon.colcon_core.shell:Skip shell extension 'powershell' for command environment: Not usable outside of PowerShell
[0.953s] DEBUG:colcon.colcon_core.shell:Skip shell extension 'dsv' for command environment
[0.979s] INFO:colcon.colcon_ros.task.ament_cmake.build:Building ROS package in '/home/xiaobaige/UR5e_Vision_Assemble/src/ur5e_gripper/robotiq_description' with build type 'ament_cmake'
[0.979s] INFO:colcon.colcon_cmake.task.cmake.build:Building CMake package in '/home/xiaobaige/UR5e_Vision_Assemble/src/ur5e_gripper/robotiq_description'
[0.987s] INFO:colcon.colcon_core.shell:Skip shell extension 'powershell' for command environment: Not usable outside of PowerShell
[0.987s] DEBUG:colcon.colcon_core.shell:Skip shell extension 'dsv' for command environment
[1.015s] DEBUG:colcon.colcon_core.event_handler.log_command:Invoking command in '/home/xiaobaige/UR5e_Vision_Assemble/build/ur_description': CMAKE_PREFIX_PATH=${CMAKE_PREFIX_PATH}:/opt/ros/humble /usr/bin/cmake --build /home/xiaobaige/UR5e_Vision_Assemble/build/ur_description -- -j24 -l24
[1.017s] DEBUG:colcon.colcon_core.event_handler.log_command:Invoking command in '/home/xiaobaige/UR5e_Vision_Assemble/build/robotiq_description': CMAKE_PREFIX_PATH=${CMAKE_PREFIX_PATH}:/opt/ros/humble /usr/bin/cmake --build /home/xiaobaige/UR5e_Vision_Assemble/build/robotiq_description -- -j24 -l24
[1.037s] DEBUG:colcon.colcon_core.event_handler.log_command:Invoked command in '/home/xiaobaige/UR5e_Vision_Assemble/build/ur_description' returned '0': CMAKE_PREFIX_PATH=${CMAKE_PREFIX_PATH}:/opt/ros/humble /usr/bin/cmake --build /home/xiaobaige/UR5e_Vision_Assemble/build/ur_description -- -j24 -l24
[1.053s] DEBUG:colcon.colcon_core.event_handler.log_command:Invoking command in '/home/xiaobaige/UR5e_Vision_Assemble/build/ur_description': CMAKE_PREFIX_PATH=${CMAKE_PREFIX_PATH}:/opt/ros/humble /usr/bin/cmake --install /home/xiaobaige/UR5e_Vision_Assemble/build/ur_description
[1.055s] DEBUG:colcon.colcon_core.event_handler.log_command:Invoked command in '/home/xiaobaige/UR5e_Vision_Assemble/build/robotiq_description' returned '0': CMAKE_PREFIX_PATH=${CMAKE_PREFIX_PATH}:/opt/ros/humble /usr/bin/cmake --build /home/xiaobaige/UR5e_Vision_Assemble/build/robotiq_description -- -j24 -l24
[1.072s] DEBUG:colcon.colcon_core.event_handler.log_command:Invoking command in '/home/xiaobaige/UR5e_Vision_Assemble/build/robotiq_description': CMAKE_PREFIX_PATH=${CMAKE_PREFIX_PATH}:/opt/ros/humble /usr/bin/cmake --install /home/xiaobaige/UR5e_Vision_Assemble/build/robotiq_description
[1.075s] Level 1:colcon.colcon_core.environment:create_environment_scripts_only(ur_description)
[1.075s] DEBUG:colcon.colcon_core.event_handler.log_command:Invoked command in '/home/xiaobaige/UR5e_Vision_Assemble/build/ur_description' returned '0': CMAKE_PREFIX_PATH=${CMAKE_PREFIX_PATH}:/opt/ros/humble /usr/bin/cmake --install /home/xiaobaige/UR5e_Vision_Assemble/build/ur_description
[1.091s] Level 1:colcon.colcon_core.environment:checking '/home/xiaobaige/UR5e_Vision_Assemble/install/ur_description' for CMake module files
[1.091s] Level 1:colcon.colcon_core.environment:checking '/home/xiaobaige/UR5e_Vision_Assemble/install/ur_description' for CMake config files
[1.091s] Level 1:colcon.colcon_core.shell:create_environment_hook('ur_description', 'cmake_prefix_path')
[1.099s] INFO:colcon.colcon_core.shell:Creating environment hook '/home/xiaobaige/UR5e_Vision_Assemble/install/ur_description/share/ur_description/hook/cmake_prefix_path.ps1'
[1.100s] INFO:colcon.colcon_core.shell:Creating environment descriptor '/home/xiaobaige/UR5e_Vision_Assemble/install/ur_description/share/ur_description/hook/cmake_prefix_path.dsv'
[1.100s] INFO:colcon.colcon_core.shell:Creating environment hook '/home/xiaobaige/UR5e_Vision_Assemble/install/ur_description/share/ur_description/hook/cmake_prefix_path.sh'
[1.100s] Level 1:colcon.colcon_core.environment:checking '/home/xiaobaige/UR5e_Vision_Assemble/install/ur_description/bin'
[1.101s] Level 1:colcon.colcon_core.environment:checking '/home/xiaobaige/UR5e_Vision_Assemble/install/ur_description/lib/pkgconfig/ur_description.pc'
[1.101s] Level 1:colcon.colcon_core.environment:checking '/home/xiaobaige/UR5e_Vision_Assemble/install/ur_description/lib/python3.10/site-packages'
[1.101s] Level 1:colcon.colcon_core.environment:checking '/home/xiaobaige/UR5e_Vision_Assemble/install/ur_description/bin'
[1.109s] INFO:colcon.colcon_core.shell:Creating package script '/home/xiaobaige/UR5e_Vision_Assemble/install/ur_description/share/ur_description/package.ps1'
[1.109s] INFO:colcon.colcon_core.shell:Creating package descriptor '/home/xiaobaige/UR5e_Vision_Assemble/install/ur_description/share/ur_description/package.dsv'
[1.110s] INFO:colcon.colcon_core.shell:Creating package script '/home/xiaobaige/UR5e_Vision_Assemble/install/ur_description/share/ur_description/package.sh'
[1.110s] INFO:colcon.colcon_core.shell:Creating package script '/home/xiaobaige/UR5e_Vision_Assemble/install/ur_description/share/ur_description/package.bash'
[1.110s] INFO:colcon.colcon_core.shell:Creating package script '/home/xiaobaige/UR5e_Vision_Assemble/install/ur_description/share/ur_description/package.zsh'
[1.111s] Level 1:colcon.colcon_core.environment:create_file_with_runtime_dependencies(/home/xiaobaige/UR5e_Vision_Assemble/install/ur_description/share/colcon-core/packages/ur_description)
[1.112s] Level 1:colcon.colcon_core.environment:create_environment_scripts_only(robotiq_description)
[1.112s] DEBUG:colcon.colcon_core.event_handler.log_command:Invoked command in '/home/xiaobaige/UR5e_Vision_Assemble/build/robotiq_description' returned '0': CMAKE_PREFIX_PATH=${CMAKE_PREFIX_PATH}:/opt/ros/humble /usr/bin/cmake --install /home/xiaobaige/UR5e_Vision_Assemble/build/robotiq_description
[1.120s] Level 1:colcon.colcon_core.environment:checking '/home/xiaobaige/UR5e_Vision_Assemble/install/robotiq_description' for CMake module files
[1.120s] Level 1:colcon.colcon_core.environment:checking '/home/xiaobaige/UR5e_Vision_Assemble/install/robotiq_description' for CMake config files
[1.121s] Level 1:colcon.colcon_core.shell:create_environment_hook('robotiq_description', 'cmake_prefix_path')
[1.129s] INFO:colcon.colcon_core.shell:Creating environment hook '/home/xiaobaige/UR5e_Vision_Assemble/install/robotiq_description/share/robotiq_description/hook/cmake_prefix_path.ps1'
[1.129s] INFO:colcon.colcon_core.shell:Creating environment descriptor '/home/xiaobaige/UR5e_Vision_Assemble/install/robotiq_description/share/robotiq_description/hook/cmake_prefix_path.dsv'
[1.129s] INFO:colcon.colcon_core.shell:Creating environment hook '/home/xiaobaige/UR5e_Vision_Assemble/install/robotiq_description/share/robotiq_description/hook/cmake_prefix_path.sh'
[1.129s] Level 1:colcon.colcon_core.environment:checking '/home/xiaobaige/UR5e_Vision_Assemble/install/robotiq_description/lib'
[1.130s] Level 1:colcon.colcon_core.environment:checking '/home/xiaobaige/UR5e_Vision_Assemble/install/robotiq_description/bin'
[1.130s] Level 1:colcon.colcon_core.environment:checking '/home/xiaobaige/UR5e_Vision_Assemble/install/robotiq_description/lib/pkgconfig/robotiq_description.pc'
[1.130s] Level 1:colcon.colcon_core.environment:checking '/home/xiaobaige/UR5e_Vision_Assemble/install/robotiq_description/lib/python3.10/site-packages'
[1.130s] Level 1:colcon.colcon_core.environment:checking '/home/xiaobaige/UR5e_Vision_Assemble/install/robotiq_description/bin'
[1.138s] INFO:colcon.colcon_core.shell:Creating package script '/home/xiaobaige/UR5e_Vision_Assemble/install/robotiq_description/share/robotiq_description/package.ps1'
[1.138s] INFO:colcon.colcon_core.shell:Creating package descriptor '/home/xiaobaige/UR5e_Vision_Assemble/install/robotiq_description/share/robotiq_description/package.dsv'
[1.138s] INFO:colcon.colcon_core.shell:Creating package script '/home/xiaobaige/UR5e_Vision_Assemble/install/robotiq_description/share/robotiq_description/package.sh'
[1.139s] INFO:colcon.colcon_core.shell:Creating package script '/home/xiaobaige/UR5e_Vision_Assemble/install/robotiq_description/share/robotiq_description/package.bash'
[1.139s] INFO:colcon.colcon_core.shell:Creating package script '/home/xiaobaige/UR5e_Vision_Assemble/install/robotiq_description/share/robotiq_description/package.zsh'
[1.139s] Level 1:colcon.colcon_core.environment:create_file_with_runtime_dependencies(/home/xiaobaige/UR5e_Vision_Assemble/install/robotiq_description/share/colcon-core/packages/robotiq_description)
[1.148s] Level 1:colcon.colcon_core.environment:create_environment_scripts_only(ur_description)
[1.156s] Level 1:colcon.colcon_core.environment:checking '/home/xiaobaige/UR5e_Vision_Assemble/install/ur_description' for CMake module files
[1.156s] Level 1:colcon.colcon_core.environment:checking '/home/xiaobaige/UR5e_Vision_Assemble/install/ur_description' for CMake config files
[1.157s] Level 1:colcon.colcon_core.shell:create_environment_hook('ur_description', 'cmake_prefix_path')
[1.165s] INFO:colcon.colcon_core.shell:Creating environment hook '/home/xiaobaige/UR5e_Vision_Assemble/install/ur_description/share/ur_description/hook/cmake_prefix_path.ps1'
[1.165s] INFO:colcon.colcon_core.shell:Creating environment descriptor '/home/xiaobaige/UR5e_Vision_Assemble/install/ur_description/share/ur_description/hook/cmake_prefix_path.dsv'
[1.165s] INFO:colcon.colcon_core.shell:Creating environment hook '/home/xiaobaige/UR5e_Vision_Assemble/install/ur_description/share/ur_description/hook/cmake_prefix_path.sh'
[1.165s] Level 1:colcon.colcon_core.environment:checking '/home/xiaobaige/UR5e_Vision_Assemble/install/ur_description/bin'
[1.165s] Level 1:colcon.colcon_core.environment:checking '/home/xiaobaige/UR5e_Vision_Assemble/install/ur_description/lib/pkgconfig/ur_description.pc'
[1.165s] Level 1:colcon.colcon_core.environment:checking '/home/xiaobaige/UR5e_Vision_Assemble/install/ur_description/lib/python3.10/site-packages'
[1.166s] Level 1:colcon.colcon_core.environment:checking '/home/xiaobaige/UR5e_Vision_Assemble/install/ur_description/bin'
[1.174s] INFO:colcon.colcon_core.shell:Creating package script '/home/xiaobaige/UR5e_Vision_Assemble/install/ur_description/share/ur_description/package.ps1'
[1.174s] INFO:colcon.colcon_core.shell:Creating package descriptor '/home/xiaobaige/UR5e_Vision_Assemble/install/ur_description/share/ur_description/package.dsv'
[1.175s] INFO:colcon.colcon_core.shell:Creating package script '/home/xiaobaige/UR5e_Vision_Assemble/install/ur_description/share/ur_description/package.sh'
[1.175s] INFO:colcon.colcon_core.shell:Creating package script '/home/xiaobaige/UR5e_Vision_Assemble/install/ur_description/share/ur_description/package.bash'
[1.175s] INFO:colcon.colcon_core.shell:Creating package script '/home/xiaobaige/UR5e_Vision_Assemble/install/ur_description/share/ur_description/package.zsh'
[1.175s] Level 1:colcon.colcon_core.environment:create_file_with_runtime_dependencies(/home/xiaobaige/UR5e_Vision_Assemble/install/ur_description/share/colcon-core/packages/ur_description)
[1.175s] INFO:colcon.colcon_ros.task.ament_cmake.build:Building ROS package in '/home/xiaobaige/UR5e_Vision_Assemble/src/ur5e_gripper/ur5e_gripper_description' with build type 'ament_cmake'
[1.176s] INFO:colcon.colcon_cmake.task.cmake.build:Building CMake package in '/home/xiaobaige/UR5e_Vision_Assemble/src/ur5e_gripper/ur5e_gripper_description'
[1.190s] INFO:colcon.colcon_core.shell:Skip shell extension 'powershell' for command environment: Not usable outside of PowerShell
[1.190s] DEBUG:colcon.colcon_core.shell:Skip shell extension 'dsv' for command environment
[1.225s] Level 1:colcon.colcon_core.environment:create_environment_scripts_only(robotiq_description)
[1.233s] Level 1:colcon.colcon_core.environment:checking '/home/xiaobaige/UR5e_Vision_Assemble/install/robotiq_description' for CMake module files
[1.233s] Level 1:colcon.colcon_core.environment:checking '/home/xiaobaige/UR5e_Vision_Assemble/install/robotiq_description' for CMake config files
[1.234s] Level 1:colcon.colcon_core.shell:create_environment_hook('robotiq_description', 'cmake_prefix_path')
[1.242s] INFO:colcon.colcon_core.shell:Creating environment hook '/home/xiaobaige/UR5e_Vision_Assemble/install/robotiq_description/share/robotiq_description/hook/cmake_prefix_path.ps1'
[1.242s] INFO:colcon.colcon_core.shell:Creating environment descriptor '/home/xiaobaige/UR5e_Vision_Assemble/install/robotiq_description/share/robotiq_description/hook/cmake_prefix_path.dsv'
[1.242s] INFO:colcon.colcon_core.shell:Creating environment hook '/home/xiaobaige/UR5e_Vision_Assemble/install/robotiq_description/share/robotiq_description/hook/cmake_prefix_path.sh'
[1.242s] Level 1:colcon.colcon_core.environment:checking '/home/xiaobaige/UR5e_Vision_Assemble/install/robotiq_description/lib'
[1.243s] Level 1:colcon.colcon_core.environment:checking '/home/xiaobaige/UR5e_Vision_Assemble/install/robotiq_description/bin'
[1.243s] Level 1:colcon.colcon_core.environment:checking '/home/xiaobaige/UR5e_Vision_Assemble/install/robotiq_description/lib/pkgconfig/robotiq_description.pc'
[1.243s] Level 1:colcon.colcon_core.environment:checking '/home/xiaobaige/UR5e_Vision_Assemble/install/robotiq_description/lib/python3.10/site-packages'
[1.243s] Level 1:colcon.colcon_core.environment:checking '/home/xiaobaige/UR5e_Vision_Assemble/install/robotiq_description/bin'
[1.251s] INFO:colcon.colcon_core.shell:Creating package script '/home/xiaobaige/UR5e_Vision_Assemble/install/robotiq_description/share/robotiq_description/package.ps1'
[1.251s] INFO:colcon.colcon_core.shell:Creating package descriptor '/home/xiaobaige/UR5e_Vision_Assemble/install/robotiq_description/share/robotiq_description/package.dsv'
[1.252s] INFO:colcon.colcon_core.shell:Creating package script '/home/xiaobaige/UR5e_Vision_Assemble/install/robotiq_description/share/robotiq_description/package.sh'
[1.252s] INFO:colcon.colcon_core.shell:Creating package script '/home/xiaobaige/UR5e_Vision_Assemble/install/robotiq_description/share/robotiq_description/package.bash'
[1.252s] INFO:colcon.colcon_core.shell:Creating package script '/home/xiaobaige/UR5e_Vision_Assemble/install/robotiq_description/share/robotiq_description/package.zsh'
[1.252s] Level 1:colcon.colcon_core.environment:create_file_with_runtime_dependencies(/home/xiaobaige/UR5e_Vision_Assemble/install/robotiq_description/share/colcon-core/packages/robotiq_description)
[1.254s] DEBUG:colcon.colcon_core.event_handler.log_command:Invoking command in '/home/xiaobaige/UR5e_Vision_Assemble/build/ur5e_gripper_description': CMAKE_PREFIX_PATH=/home/xiaobaige/UR5e_Vision_Assemble/install/ur_description:/home/xiaobaige/UR5e_Vision_Assemble/install/ur5e_gripper_moveit_config:/home/xiaobaige/UR5e_Vision_Assemble/install/ur5e_gripper_description:/home/xiaobaige/UR5e_Vision_Assemble/install/robotiq_description:/home/xiaobaige/UR5e_Vision_Assemble/install/controller:/opt/ros/humble /usr/bin/cmake --build /home/xiaobaige/UR5e_Vision_Assemble/build/ur5e_gripper_description -- -j24 -l24
[1.275s] DEBUG:colcon.colcon_core.event_handler.log_command:Invoked command in '/home/xiaobaige/UR5e_Vision_Assemble/build/ur5e_gripper_description' returned '0': CMAKE_PREFIX_PATH=/home/xiaobaige/UR5e_Vision_Assemble/install/ur_description:/home/xiaobaige/UR5e_Vision_Assemble/install/ur5e_gripper_moveit_config:/home/xiaobaige/UR5e_Vision_Assemble/install/ur5e_gripper_description:/home/xiaobaige/UR5e_Vision_Assemble/install/robotiq_description:/home/xiaobaige/UR5e_Vision_Assemble/install/controller:/opt/ros/humble /usr/bin/cmake --build /home/xiaobaige/UR5e_Vision_Assemble/build/ur5e_gripper_description -- -j24 -l24
[1.299s] DEBUG:colcon.colcon_core.event_handler.log_command:Invoking command in '/home/xiaobaige/UR5e_Vision_Assemble/build/ur5e_gripper_description': CMAKE_PREFIX_PATH=/home/xiaobaige/UR5e_Vision_Assemble/install/ur_description:/home/xiaobaige/UR5e_Vision_Assemble/install/ur5e_gripper_moveit_config:/home/xiaobaige/UR5e_Vision_Assemble/install/ur5e_gripper_description:/home/xiaobaige/UR5e_Vision_Assemble/install/robotiq_description:/home/xiaobaige/UR5e_Vision_Assemble/install/controller:/opt/ros/humble /usr/bin/cmake --install /home/xiaobaige/UR5e_Vision_Assemble/build/ur5e_gripper_description
[1.346s] Level 1:colcon.colcon_core.environment:create_environment_scripts_only(ur5e_gripper_description)
[1.346s] DEBUG:colcon.colcon_core.event_handler.log_command:Invoked command in '/home/xiaobaige/UR5e_Vision_Assemble/build/ur5e_gripper_description' returned '0': CMAKE_PREFIX_PATH=/home/xiaobaige/UR5e_Vision_Assemble/install/ur_description:/home/xiaobaige/UR5e_Vision_Assemble/install/ur5e_gripper_moveit_config:/home/xiaobaige/UR5e_Vision_Assemble/install/ur5e_gripper_description:/home/xiaobaige/UR5e_Vision_Assemble/install/robotiq_description:/home/xiaobaige/UR5e_Vision_Assemble/install/controller:/opt/ros/humble /usr/bin/cmake --install /home/xiaobaige/UR5e_Vision_Assemble/build/ur5e_gripper_description
[1.358s] Level 1:colcon.colcon_core.environment:checking '/home/xiaobaige/UR5e_Vision_Assemble/install/ur5e_gripper_description' for CMake module files
[1.358s] Level 1:colcon.colcon_core.environment:checking '/home/xiaobaige/UR5e_Vision_Assemble/install/ur5e_gripper_description' for CMake config files
[1.359s] Level 1:colcon.colcon_core.shell:create_environment_hook('ur5e_gripper_description', 'cmake_prefix_path')
[1.367s] INFO:colcon.colcon_core.shell:Creating environment hook '/home/xiaobaige/UR5e_Vision_Assemble/install/ur5e_gripper_description/share/ur5e_gripper_description/hook/cmake_prefix_path.ps1'
[1.367s] INFO:colcon.colcon_core.shell:Creating environment descriptor '/home/xiaobaige/UR5e_Vision_Assemble/install/ur5e_gripper_description/share/ur5e_gripper_description/hook/cmake_prefix_path.dsv'
[1.367s] INFO:colcon.colcon_core.shell:Creating environment hook '/home/xiaobaige/UR5e_Vision_Assemble/install/ur5e_gripper_description/share/ur5e_gripper_description/hook/cmake_prefix_path.sh'
[1.368s] Level 1:colcon.colcon_core.environment:checking '/home/xiaobaige/UR5e_Vision_Assemble/install/ur5e_gripper_description/bin'
[1.368s] Level 1:colcon.colcon_core.environment:checking '/home/xiaobaige/UR5e_Vision_Assemble/install/ur5e_gripper_description/lib/pkgconfig/ur5e_gripper_description.pc'
[1.368s] Level 1:colcon.colcon_core.environment:checking '/home/xiaobaige/UR5e_Vision_Assemble/install/ur5e_gripper_description/lib/python3.10/site-packages'
[1.368s] Level 1:colcon.colcon_core.environment:checking '/home/xiaobaige/UR5e_Vision_Assemble/install/ur5e_gripper_description/bin'
[1.376s] INFO:colcon.colcon_core.shell:Creating package script '/home/xiaobaige/UR5e_Vision_Assemble/install/ur5e_gripper_description/share/ur5e_gripper_description/package.ps1'
[1.377s] INFO:colcon.colcon_core.shell:Creating package descriptor '/home/xiaobaige/UR5e_Vision_Assemble/install/ur5e_gripper_description/share/ur5e_gripper_description/package.dsv'
[1.377s] INFO:colcon.colcon_core.shell:Creating package script '/home/xiaobaige/UR5e_Vision_Assemble/install/ur5e_gripper_description/share/ur5e_gripper_description/package.sh'
[1.377s] INFO:colcon.colcon_core.shell:Creating package script '/home/xiaobaige/UR5e_Vision_Assemble/install/ur5e_gripper_description/share/ur5e_gripper_description/package.bash'
[1.377s] INFO:colcon.colcon_core.shell:Creating package script '/home/xiaobaige/UR5e_Vision_Assemble/install/ur5e_gripper_description/share/ur5e_gripper_description/package.zsh'
[1.377s] Level 1:colcon.colcon_core.environment:create_file_with_runtime_dependencies(/home/xiaobaige/UR5e_Vision_Assemble/install/ur5e_gripper_description/share/colcon-core/packages/ur5e_gripper_description)
[1.398s] Level 1:colcon.colcon_core.environment:create_environment_scripts_only(ur5e_gripper_description)
[1.408s] Level 1:colcon.colcon_core.environment:checking '/home/xiaobaige/UR5e_Vision_Assemble/install/ur5e_gripper_description' for CMake module files
[1.409s] Level 1:colcon.colcon_core.environment:checking '/home/xiaobaige/UR5e_Vision_Assemble/install/ur5e_gripper_description' for CMake config files
[1.409s] Level 1:colcon.colcon_core.shell:create_environment_hook('ur5e_gripper_description', 'cmake_prefix_path')
[1.420s] INFO:colcon.colcon_core.shell:Creating environment hook '/home/xiaobaige/UR5e_Vision_Assemble/install/ur5e_gripper_description/share/ur5e_gripper_description/hook/cmake_prefix_path.ps1'
[1.420s] INFO:colcon.colcon_core.shell:Creating environment descriptor '/home/xiaobaige/UR5e_Vision_Assemble/install/ur5e_gripper_description/share/ur5e_gripper_description/hook/cmake_prefix_path.dsv'
[1.420s] INFO:colcon.colcon_core.shell:Creating environment hook '/home/xiaobaige/UR5e_Vision_Assemble/install/ur5e_gripper_description/share/ur5e_gripper_description/hook/cmake_prefix_path.sh'
[1.420s] Level 1:colcon.colcon_core.environment:checking '/home/xiaobaige/UR5e_Vision_Assemble/install/ur5e_gripper_description/bin'
[1.421s] Level 1:colcon.colcon_core.environment:checking '/home/xiaobaige/UR5e_Vision_Assemble/install/ur5e_gripper_description/lib/pkgconfig/ur5e_gripper_description.pc'
[1.421s] Level 1:colcon.colcon_core.environment:checking '/home/xiaobaige/UR5e_Vision_Assemble/install/ur5e_gripper_description/lib/python3.10/site-packages'
[1.421s] Level 1:colcon.colcon_core.environment:checking '/home/xiaobaige/UR5e_Vision_Assemble/install/ur5e_gripper_description/bin'
[1.430s] INFO:colcon.colcon_core.shell:Creating package script '/home/xiaobaige/UR5e_Vision_Assemble/install/ur5e_gripper_description/share/ur5e_gripper_description/package.ps1'
[1.430s] INFO:colcon.colcon_core.shell:Creating package descriptor '/home/xiaobaige/UR5e_Vision_Assemble/install/ur5e_gripper_description/share/ur5e_gripper_description/package.dsv'
[1.430s] INFO:colcon.colcon_core.shell:Creating package script '/home/xiaobaige/UR5e_Vision_Assemble/install/ur5e_gripper_description/share/ur5e_gripper_description/package.sh'
[1.430s] INFO:colcon.colcon_core.shell:Creating package script '/home/xiaobaige/UR5e_Vision_Assemble/install/ur5e_gripper_description/share/ur5e_gripper_description/package.bash'
[1.431s] INFO:colcon.colcon_core.shell:Creating package script '/home/xiaobaige/UR5e_Vision_Assemble/install/ur5e_gripper_description/share/ur5e_gripper_description/package.zsh'
[1.431s] Level 1:colcon.colcon_core.environment:create_file_with_runtime_dependencies(/home/xiaobaige/UR5e_Vision_Assemble/install/ur5e_gripper_description/share/colcon-core/packages/ur5e_gripper_description)
[1.431s] INFO:colcon.colcon_ros.task.ament_cmake.build:Building ROS package in '/home/xiaobaige/UR5e_Vision_Assemble/src/ur5e_gripper/ur5e_gripper_moveit_config' with build type 'ament_cmake'
[1.431s] INFO:colcon.colcon_cmake.task.cmake.build:Building CMake package in '/home/xiaobaige/UR5e_Vision_Assemble/src/ur5e_gripper/ur5e_gripper_moveit_config'
[1.440s] INFO:colcon.colcon_core.shell:Skip shell extension 'powershell' for command environment: Not usable outside of PowerShell
[1.440s] DEBUG:colcon.colcon_core.shell:Skip shell extension 'dsv' for command environment
[1.469s] DEBUG:colcon.colcon_core.event_handler.log_command:Invoking command in '/home/xiaobaige/UR5e_Vision_Assemble/build/ur5e_gripper_moveit_config': CMAKE_PREFIX_PATH=/home/xiaobaige/UR5e_Vision_Assemble/install/ur5e_gripper_description:/home/xiaobaige/UR5e_Vision_Assemble/install/ur_description:/home/xiaobaige/UR5e_Vision_Assemble/install/ur5e_gripper_moveit_config:/home/xiaobaige/UR5e_Vision_Assemble/install/robotiq_description:/home/xiaobaige/UR5e_Vision_Assemble/install/controller:/opt/ros/humble /usr/bin/cmake /home/xiaobaige/UR5e_Vision_Assemble/src/ur5e_gripper/ur5e_gripper_moveit_config -DAMENT_CMAKE_SYMLINK_INSTALL=1 -DCMAKE_INSTALL_PREFIX=/home/xiaobaige/UR5e_Vision_Assemble/install/ur5e_gripper_moveit_config
[1.609s] DEBUG:colcon.colcon_core.event_handler.log_command:Invoked command in '/home/xiaobaige/UR5e_Vision_Assemble/build/ur5e_gripper_moveit_config' returned '0': CMAKE_PREFIX_PATH=/home/xiaobaige/UR5e_Vision_Assemble/install/ur5e_gripper_description:/home/xiaobaige/UR5e_Vision_Assemble/install/ur_description:/home/xiaobaige/UR5e_Vision_Assemble/install/ur5e_gripper_moveit_config:/home/xiaobaige/UR5e_Vision_Assemble/install/robotiq_description:/home/xiaobaige/UR5e_Vision_Assemble/install/controller:/opt/ros/humble /usr/bin/cmake /home/xiaobaige/UR5e_Vision_Assemble/src/ur5e_gripper/ur5e_gripper_moveit_config -DAMENT_CMAKE_SYMLINK_INSTALL=1 -DCMAKE_INSTALL_PREFIX=/home/xiaobaige/UR5e_Vision_Assemble/install/ur5e_gripper_moveit_config
[1.610s] DEBUG:colcon.colcon_core.event_handler.log_command:Invoking command in '/home/xiaobaige/UR5e_Vision_Assemble/build/ur5e_gripper_moveit_config': CMAKE_PREFIX_PATH=/home/xiaobaige/UR5e_Vision_Assemble/install/ur5e_gripper_description:/home/xiaobaige/UR5e_Vision_Assemble/install/ur_description:/home/xiaobaige/UR5e_Vision_Assemble/install/ur5e_gripper_moveit_config:/home/xiaobaige/UR5e_Vision_Assemble/install/robotiq_description:/home/xiaobaige/UR5e_Vision_Assemble/install/controller:/opt/ros/humble /usr/bin/cmake --build /home/xiaobaige/UR5e_Vision_Assemble/build/ur5e_gripper_moveit_config -- -j24 -l24
[1.634s] DEBUG:colcon.colcon_core.event_handler.log_command:Invoked command in '/home/xiaobaige/UR5e_Vision_Assemble/build/ur5e_gripper_moveit_config' returned '0': CMAKE_PREFIX_PATH=/home/xiaobaige/UR5e_Vision_Assemble/install/ur5e_gripper_description:/home/xiaobaige/UR5e_Vision_Assemble/install/ur_description:/home/xiaobaige/UR5e_Vision_Assemble/install/ur5e_gripper_moveit_config:/home/xiaobaige/UR5e_Vision_Assemble/install/robotiq_description:/home/xiaobaige/UR5e_Vision_Assemble/install/controller:/opt/ros/humble /usr/bin/cmake --build /home/xiaobaige/UR5e_Vision_Assemble/build/ur5e_gripper_moveit_config -- -j24 -l24
[1.667s] DEBUG:colcon.colcon_core.event_handler.log_command:Invoking command in '/home/xiaobaige/UR5e_Vision_Assemble/build/ur5e_gripper_moveit_config': CMAKE_PREFIX_PATH=/home/xiaobaige/UR5e_Vision_Assemble/install/ur5e_gripper_description:/home/xiaobaige/UR5e_Vision_Assemble/install/ur_description:/home/xiaobaige/UR5e_Vision_Assemble/install/ur5e_gripper_moveit_config:/home/xiaobaige/UR5e_Vision_Assemble/install/robotiq_description:/home/xiaobaige/UR5e_Vision_Assemble/install/controller:/opt/ros/humble /usr/bin/cmake --install /home/xiaobaige/UR5e_Vision_Assemble/build/ur5e_gripper_moveit_config
[1.695s] Level 1:colcon.colcon_core.environment:create_environment_scripts_only(ur5e_gripper_moveit_config)
[1.695s] DEBUG:colcon.colcon_core.event_handler.log_command:Invoked command in '/home/xiaobaige/UR5e_Vision_Assemble/build/ur5e_gripper_moveit_config' returned '0': CMAKE_PREFIX_PATH=/home/xiaobaige/UR5e_Vision_Assemble/install/ur5e_gripper_description:/home/xiaobaige/UR5e_Vision_Assemble/install/ur_description:/home/xiaobaige/UR5e_Vision_Assemble/install/ur5e_gripper_moveit_config:/home/xiaobaige/UR5e_Vision_Assemble/install/robotiq_description:/home/xiaobaige/UR5e_Vision_Assemble/install/controller:/opt/ros/humble /usr/bin/cmake --install /home/xiaobaige/UR5e_Vision_Assemble/build/ur5e_gripper_moveit_config
[1.708s] Level 1:colcon.colcon_core.environment:checking '/home/xiaobaige/UR5e_Vision_Assemble/install/ur5e_gripper_moveit_config' for CMake module files
[1.708s] Level 1:colcon.colcon_core.environment:checking '/home/xiaobaige/UR5e_Vision_Assemble/install/ur5e_gripper_moveit_config' for CMake config files
[1.708s] Level 1:colcon.colcon_core.shell:create_environment_hook('ur5e_gripper_moveit_config', 'cmake_prefix_path')
[1.717s] INFO:colcon.colcon_core.shell:Creating environment hook '/home/xiaobaige/UR5e_Vision_Assemble/install/ur5e_gripper_moveit_config/share/ur5e_gripper_moveit_config/hook/cmake_prefix_path.ps1'
[1.717s] INFO:colcon.colcon_core.shell:Creating environment descriptor '/home/xiaobaige/UR5e_Vision_Assemble/install/ur5e_gripper_moveit_config/share/ur5e_gripper_moveit_config/hook/cmake_prefix_path.dsv'
[1.717s] INFO:colcon.colcon_core.shell:Creating environment hook '/home/xiaobaige/UR5e_Vision_Assemble/install/ur5e_gripper_moveit_config/share/ur5e_gripper_moveit_config/hook/cmake_prefix_path.sh'
[1.718s] Level 1:colcon.colcon_core.environment:checking '/home/xiaobaige/UR5e_Vision_Assemble/install/ur5e_gripper_moveit_config/bin'
[1.718s] Level 1:colcon.colcon_core.environment:checking '/home/xiaobaige/UR5e_Vision_Assemble/install/ur5e_gripper_moveit_config/lib/pkgconfig/ur5e_gripper_moveit_config.pc'
[1.718s] Level 1:colcon.colcon_core.environment:checking '/home/xiaobaige/UR5e_Vision_Assemble/install/ur5e_gripper_moveit_config/lib/python3.10/site-packages'
[1.718s] Level 1:colcon.colcon_core.environment:checking '/home/xiaobaige/UR5e_Vision_Assemble/install/ur5e_gripper_moveit_config/bin'
[1.726s] INFO:colcon.colcon_core.shell:Creating package script '/home/xiaobaige/UR5e_Vision_Assemble/install/ur5e_gripper_moveit_config/share/ur5e_gripper_moveit_config/package.ps1'
[1.726s] INFO:colcon.colcon_core.shell:Creating package descriptor '/home/xiaobaige/UR5e_Vision_Assemble/install/ur5e_gripper_moveit_config/share/ur5e_gripper_moveit_config/package.dsv'
[1.727s] INFO:colcon.colcon_core.shell:Creating package script '/home/xiaobaige/UR5e_Vision_Assemble/install/ur5e_gripper_moveit_config/share/ur5e_gripper_moveit_config/package.sh'
[1.727s] INFO:colcon.colcon_core.shell:Creating package script '/home/xiaobaige/UR5e_Vision_Assemble/install/ur5e_gripper_moveit_config/share/ur5e_gripper_moveit_config/package.bash'
[1.727s] INFO:colcon.colcon_core.shell:Creating package script '/home/xiaobaige/UR5e_Vision_Assemble/install/ur5e_gripper_moveit_config/share/ur5e_gripper_moveit_config/package.zsh'
[1.727s] Level 1:colcon.colcon_core.environment:create_file_with_runtime_dependencies(/home/xiaobaige/UR5e_Vision_Assemble/install/ur5e_gripper_moveit_config/share/colcon-core/packages/ur5e_gripper_moveit_config)
[1.746s] Level 1:colcon.colcon_core.environment:create_environment_scripts_only(ur5e_gripper_moveit_config)
[1.755s] Level 1:colcon.colcon_core.environment:checking '/home/xiaobaige/UR5e_Vision_Assemble/install/ur5e_gripper_moveit_config' for CMake module files
[1.755s] Level 1:colcon.colcon_core.environment:checking '/home/xiaobaige/UR5e_Vision_Assemble/install/ur5e_gripper_moveit_config' for CMake config files
[1.755s] Level 1:colcon.colcon_core.shell:create_environment_hook('ur5e_gripper_moveit_config', 'cmake_prefix_path')
[1.763s] INFO:colcon.colcon_core.shell:Creating environment hook '/home/xiaobaige/UR5e_Vision_Assemble/install/ur5e_gripper_moveit_config/share/ur5e_gripper_moveit_config/hook/cmake_prefix_path.ps1'
[1.763s] INFO:colcon.colcon_core.shell:Creating environment descriptor '/home/xiaobaige/UR5e_Vision_Assemble/install/ur5e_gripper_moveit_config/share/ur5e_gripper_moveit_config/hook/cmake_prefix_path.dsv'
[1.764s] INFO:colcon.colcon_core.shell:Creating environment hook '/home/xiaobaige/UR5e_Vision_Assemble/install/ur5e_gripper_moveit_config/share/ur5e_gripper_moveit_config/hook/cmake_prefix_path.sh'
[1.764s] Level 1:colcon.colcon_core.environment:checking '/home/xiaobaige/UR5e_Vision_Assemble/install/ur5e_gripper_moveit_config/bin'
[1.764s] Level 1:colcon.colcon_core.environment:checking '/home/xiaobaige/UR5e_Vision_Assemble/install/ur5e_gripper_moveit_config/lib/pkgconfig/ur5e_gripper_moveit_config.pc'
[1.764s] Level 1:colcon.colcon_core.environment:checking '/home/xiaobaige/UR5e_Vision_Assemble/install/ur5e_gripper_moveit_config/lib/python3.10/site-packages'
[1.764s] Level 1:colcon.colcon_core.environment:checking '/home/xiaobaige/UR5e_Vision_Assemble/install/ur5e_gripper_moveit_config/bin'
[1.772s] INFO:colcon.colcon_core.shell:Creating package script '/home/xiaobaige/UR5e_Vision_Assemble/install/ur5e_gripper_moveit_config/share/ur5e_gripper_moveit_config/package.ps1'
[1.773s] INFO:colcon.colcon_core.shell:Creating package descriptor '/home/xiaobaige/UR5e_Vision_Assemble/install/ur5e_gripper_moveit_config/share/ur5e_gripper_moveit_config/package.dsv'
[1.773s] INFO:colcon.colcon_core.shell:Creating package script '/home/xiaobaige/UR5e_Vision_Assemble/install/ur5e_gripper_moveit_config/share/ur5e_gripper_moveit_config/package.sh'
[1.773s] INFO:colcon.colcon_core.shell:Creating package script '/home/xiaobaige/UR5e_Vision_Assemble/install/ur5e_gripper_moveit_config/share/ur5e_gripper_moveit_config/package.bash'
[1.773s] INFO:colcon.colcon_core.shell:Creating package script '/home/xiaobaige/UR5e_Vision_Assemble/install/ur5e_gripper_moveit_config/share/ur5e_gripper_moveit_config/package.zsh'
[1.773s] Level 1:colcon.colcon_core.environment:create_file_with_runtime_dependencies(/home/xiaobaige/UR5e_Vision_Assemble/install/ur5e_gripper_moveit_config/share/colcon-core/packages/ur5e_gripper_moveit_config)
[1.773s] DEBUG:colcon.colcon_parallel_executor.executor.parallel:closing loop
[1.774s] DEBUG:colcon.colcon_parallel_executor.executor.parallel:loop closed
[1.774s] DEBUG:colcon.colcon_parallel_executor.executor.parallel:run_until_complete finished with '0'
[1.774s] DEBUG:colcon.colcon_core.event_reactor:joining thread
[1.785s] INFO:colcon.colcon_core.plugin_system:Skipping extension 'colcon_notification.desktop_notification.terminal_notifier': Not used on non-Darwin systems
[1.785s] INFO:colcon.colcon_core.plugin_system:Skipping extension 'colcon_notification.desktop_notification.win32': Not used on non-Windows systems
[1.785s] INFO:colcon.colcon_notification.desktop_notification:Sending desktop notification using 'notify2'
[1.794s] DEBUG:colcon.colcon_core.event_reactor:joined thread
[1.804s] INFO:colcon.colcon_core.shell:Creating prefix script '/home/xiaobaige/UR5e_Vision_Assemble/install/local_setup.ps1'
[1.805s] INFO:colcon.colcon_core.shell:Creating prefix util module '/home/xiaobaige/UR5e_Vision_Assemble/install/_local_setup_util_ps1.py'
[1.805s] INFO:colcon.colcon_core.shell:Creating prefix chain script '/home/xiaobaige/UR5e_Vision_Assemble/install/setup.ps1'
[1.814s] INFO:colcon.colcon_core.shell:Creating prefix script '/home/xiaobaige/UR5e_Vision_Assemble/install/local_setup.sh'
[1.814s] INFO:colcon.colcon_core.shell:Creating prefix util module '/home/xiaobaige/UR5e_Vision_Assemble/install/_local_setup_util_sh.py'
[1.815s] INFO:colcon.colcon_core.shell:Creating prefix chain script '/home/xiaobaige/UR5e_Vision_Assemble/install/setup.sh'
[1.823s] INFO:colcon.colcon_core.shell:Creating prefix script '/home/xiaobaige/UR5e_Vision_Assemble/install/local_setup.bash'
[1.823s] INFO:colcon.colcon_core.shell:Creating prefix chain script '/home/xiaobaige/UR5e_Vision_Assemble/install/setup.bash'
[1.832s] INFO:colcon.colcon_core.shell:Creating prefix script '/home/xiaobaige/UR5e_Vision_Assemble/install/local_setup.zsh'
[1.832s] INFO:colcon.colcon_core.shell:Creating prefix chain script '/home/xiaobaige/UR5e_Vision_Assemble/install/setup.zsh'
