-- The C compiler identification is GNU 11.4.0
-- The CXX compiler identification is GNU 11.4.0
-- Detecting C compiler ABI info
-- Detecting C compiler ABI info - done
-- Check for working C compiler: /usr/bin/cc - skipped
-- Detecting C compile features
-- Detecting C compile features - done
-- Detecting CXX compiler ABI info
-- Detecting CXX compiler ABI info - done
-- Check for working CXX compiler: /usr/bin/c++ - skipped
-- Detecting CXX compile features
-- Detecting CXX compile features - done
-- Found ament_cmake: 1.3.5 (/opt/ros/humble/share/ament_cmake/cmake)
-- Found Python3: /usr/bin/python3.10 (found version "3.10.12") found components: Interpreter 
-- Override CMake install command with custom implementation using symlinks instead of copying resources
-- Found ament_lint_auto: 0.12.8 (/opt/ros/humble/share/ament_lint_auto/cmake)
-- Added test 'flake8' to check Python code syntax and style conventions
-- Added test 'lint_cmake' to check CMake code style
-- Added test 'pep257' to check Python code against some of the docstring style conventions in PEP 257
-- Added test 'xmllint' to check XML markup files
-- Configuring done
-- Generating done
-- Build files have been written to: /home/xiaobaige/UR5e_Vision_Assemble/build/ur5e_gripper_description
-- Install configuration: ""
-- Execute custom install script
-- Symlinking: /home/xiaobaige/UR5e_Vision_Assemble/install/ur5e_gripper_description/share/ur5e_gripper_description/config/ur5e_gripper_controllers.yaml
-- Symlinking: /home/xiaobaige/UR5e_Vision_Assemble/install/ur5e_gripper_description/share/ur5e_gripper_description/launch/view_ur5e_gripper.launch.py
-- Symlinking: /home/xiaobaige/UR5e_Vision_Assemble/install/ur5e_gripper_description/share/ur5e_gripper_description/urdf/ur5e_gripper.urdf.xacro
-- Symlinking: /home/xiaobaige/UR5e_Vision_Assemble/install/ur5e_gripper_description/share/ur5e_gripper_description/rviz/view_ur5e_gripper.rviz
-- Symlinking: /home/xiaobaige/UR5e_Vision_Assemble/install/ur5e_gripper_description/share/ament_index/resource_index/package_run_dependencies/ur5e_gripper_description
-- Symlinking: /home/xiaobaige/UR5e_Vision_Assemble/install/ur5e_gripper_description/share/ament_index/resource_index/parent_prefix_path/ur5e_gripper_description
-- Symlinking: /home/xiaobaige/UR5e_Vision_Assemble/install/ur5e_gripper_description/share/ur5e_gripper_description/environment/ament_prefix_path.sh
-- Symlinking: /home/xiaobaige/UR5e_Vision_Assemble/install/ur5e_gripper_description/share/ur5e_gripper_description/environment/ament_prefix_path.dsv
-- Symlinking: /home/xiaobaige/UR5e_Vision_Assemble/install/ur5e_gripper_description/share/ur5e_gripper_description/environment/path.sh
-- Symlinking: /home/xiaobaige/UR5e_Vision_Assemble/install/ur5e_gripper_description/share/ur5e_gripper_description/environment/path.dsv
-- Symlinking: /home/xiaobaige/UR5e_Vision_Assemble/install/ur5e_gripper_description/share/ur5e_gripper_description/local_setup.bash
-- Symlinking: /home/xiaobaige/UR5e_Vision_Assemble/install/ur5e_gripper_description/share/ur5e_gripper_description/local_setup.sh
-- Symlinking: /home/xiaobaige/UR5e_Vision_Assemble/install/ur5e_gripper_description/share/ur5e_gripper_description/local_setup.zsh
-- Symlinking: /home/xiaobaige/UR5e_Vision_Assemble/install/ur5e_gripper_description/share/ur5e_gripper_description/local_setup.dsv
-- Symlinking: /home/xiaobaige/UR5e_Vision_Assemble/install/ur5e_gripper_description/share/ur5e_gripper_description/package.dsv
-- Symlinking: /home/xiaobaige/UR5e_Vision_Assemble/install/ur5e_gripper_description/share/ament_index/resource_index/packages/ur5e_gripper_description
-- Symlinking: /home/xiaobaige/UR5e_Vision_Assemble/install/ur5e_gripper_description/share/ur5e_gripper_description/cmake/ur5e_gripper_descriptionConfig.cmake
-- Symlinking: /home/xiaobaige/UR5e_Vision_Assemble/install/ur5e_gripper_description/share/ur5e_gripper_description/cmake/ur5e_gripper_descriptionConfig-version.cmake
-- Symlinking: /home/xiaobaige/UR5e_Vision_Assemble/install/ur5e_gripper_description/share/ur5e_gripper_description/package.xml
