[0.031s] Invoking command in '/home/xiaobaige/UR5_Vision_Assemble/build/controller': CMAKE_PREFIX_PATH=/opt/ros/iron /usr/bin/cmake /home/xiaobaige/UR5_Vision_Assemble/src/controller -DCMAKE_INSTALL_PREFIX=/home/xiaobaige/UR5_Vision_Assemble/install/controller
[0.065s] -- The C compiler identification is GNU 11.4.0
[0.111s] -- The CXX compiler identification is GNU 11.4.0
[0.115s] -- Detecting C compiler ABI info
[0.185s] -- Detecting C compiler ABI info - done
[0.190s] -- Check for working C compiler: /usr/bin/cc - skipped
[0.190s] -- Detecting C compile features
[0.190s] -- Detecting C compile features - done
[0.192s] -- Detecting CXX compiler ABI info
[0.263s] -- Detecting CXX compiler ABI info - done
[0.268s] -- Check for working CXX compiler: /usr/bin/c++ - skipped
[0.268s] -- Detecting CXX compile features
[0.269s] -- Detecting CXX compile features - done
[0.270s] -- Found ament_cmake: 2.0.3 (/opt/ros/iron/share/ament_cmake/cmake)
[0.373s] -- Found Python3: /usr/bin/python3.10 (found version "3.10.12") found components: Interpreter 
[0.421s] -- Found ament_lint_auto: 0.14.2 (/opt/ros/iron/share/ament_lint_auto/cmake)
[0.465s] -- Added test 'cppcheck' to perform static code analysis on C / C++ code
[0.465s] -- Configured cppcheck include dirs: $<BUILD_INTERFACE:/home/xiaobaige/UR5_Vision_Assemble/src/controller/include>
[0.465s] -- Configured cppcheck exclude dirs and/or files: 
[0.466s] -- Added test 'lint_cmake' to check CMake code style
[0.466s] -- Added test 'uncrustify' to check C / C++ code style
[0.466s] -- Configured uncrustify additional arguments: 
[0.466s] -- Added test 'xmllint' to check XML markup files
[0.467s] -- Configuring done
[0.469s] -- Generating done
[0.469s] -- Build files have been written to: /home/xiaobaige/UR5_Vision_Assemble/build/controller
[0.473s] Invoked command in '/home/xiaobaige/UR5_Vision_Assemble/build/controller' returned '0': CMAKE_PREFIX_PATH=/opt/ros/iron /usr/bin/cmake /home/xiaobaige/UR5_Vision_Assemble/src/controller -DCMAKE_INSTALL_PREFIX=/home/xiaobaige/UR5_Vision_Assemble/install/controller
[0.473s] Invoking command in '/home/xiaobaige/UR5_Vision_Assemble/build/controller': CMAKE_PREFIX_PATH=/opt/ros/iron /usr/bin/cmake --build /home/xiaobaige/UR5_Vision_Assemble/build/controller -- -j24 -l24
[0.508s] [ 50%] [32mBuilding CXX object CMakeFiles/ctrl_main.dir/src/ctrl_main.cpp.o[0m
[0.532s] [100%] [32m[1mLinking CXX executable ctrl_main[0m
[0.571s] [100%] Built target ctrl_main
[0.578s] Invoked command in '/home/xiaobaige/UR5_Vision_Assemble/build/controller' returned '0': CMAKE_PREFIX_PATH=/opt/ros/iron /usr/bin/cmake --build /home/xiaobaige/UR5_Vision_Assemble/build/controller -- -j24 -l24
[0.598s] Invoking command in '/home/xiaobaige/UR5_Vision_Assemble/build/controller': CMAKE_PREFIX_PATH=/opt/ros/iron /usr/bin/cmake --install /home/xiaobaige/UR5_Vision_Assemble/build/controller
[0.608s] -- Install configuration: ""
[0.608s] -- Installing: /home/xiaobaige/UR5_Vision_Assemble/install/controller/lib/controller/ctrl_main
[0.608s] -- Installing: /home/xiaobaige/UR5_Vision_Assemble/install/controller/share/ament_index/resource_index/package_run_dependencies/controller
[0.608s] -- Installing: /home/xiaobaige/UR5_Vision_Assemble/install/controller/share/ament_index/resource_index/parent_prefix_path/controller
[0.608s] -- Installing: /home/xiaobaige/UR5_Vision_Assemble/install/controller/share/controller/environment/ament_prefix_path.sh
[0.608s] -- Installing: /home/xiaobaige/UR5_Vision_Assemble/install/controller/share/controller/environment/ament_prefix_path.dsv
[0.609s] -- Installing: /home/xiaobaige/UR5_Vision_Assemble/install/controller/share/controller/environment/path.sh
[0.609s] -- Installing: /home/xiaobaige/UR5_Vision_Assemble/install/controller/share/controller/environment/path.dsv
[0.609s] -- Installing: /home/xiaobaige/UR5_Vision_Assemble/install/controller/share/controller/local_setup.bash
[0.609s] -- Installing: /home/xiaobaige/UR5_Vision_Assemble/install/controller/share/controller/local_setup.sh
[0.609s] -- Installing: /home/xiaobaige/UR5_Vision_Assemble/install/controller/share/controller/local_setup.zsh
[0.609s] -- Installing: /home/xiaobaige/UR5_Vision_Assemble/install/controller/share/controller/local_setup.dsv
[0.609s] -- Installing: /home/xiaobaige/UR5_Vision_Assemble/install/controller/share/controller/package.dsv
[0.609s] -- Installing: /home/xiaobaige/UR5_Vision_Assemble/install/controller/share/ament_index/resource_index/packages/controller
[0.609s] -- Installing: /home/xiaobaige/UR5_Vision_Assemble/install/controller/share/controller/cmake/controllerConfig.cmake
[0.609s] -- Installing: /home/xiaobaige/UR5_Vision_Assemble/install/controller/share/controller/cmake/controllerConfig-version.cmake
[0.609s] -- Installing: /home/xiaobaige/UR5_Vision_Assemble/install/controller/share/controller/package.xml
[0.611s] Invoked command in '/home/xiaobaige/UR5_Vision_Assemble/build/controller' returned '0': CMAKE_PREFIX_PATH=/opt/ros/iron /usr/bin/cmake --install /home/xiaobaige/UR5_Vision_Assemble/build/controller
